 <<< Combine >>> 
   Options for Robust Minimizer :: 
        Tolerance  0.1
        Strategy   0
        Type,Algo  Minuit2,Migrad
>>> method used is FitDiagnostics
>>> random number generator seed is 123456
 PDF CHECKING 
--- RooAbsArg ---
  Value State: DIRTY
  Shape State: DIRTY
  Attributes:  [SnapShot_ExtRefClone,forceGenBinned] 
  Address: 0x7ec6080
  Clients: 
    (0x821f450,V-) RooSimultaneousOpt::model_s "model_s"
  Servers: 
    (0x7ec76d0,V-) RooRealSumPdf::pdf_bineleCH__BoostedGGF__SB__METOver40__PtOverM04__MEKDTAG_nuis ""
    (0x80fb450,V-) RooProdPdf::pdfbins_bineleCH__BoostedGGF__SB__METOver40__PtOverM04__MEKDTAG ""
    (0x7e9cf30,V-) SimpleGaussianConstraint::lumi_13TeV_2017_Pdf "lumi_13TeV_2017_Pdf"
    (0x7ea1c00,V-) SimpleGaussianConstraint::lumi_13TeV_XYFact_Pdf "lumi_13TeV_XYFact_Pdf"
    (0x7ec1d30,V-) SimpleGaussianConstraint::lumi_13TeV_LSCale_Pdf "lumi_13TeV_LSCale_Pdf"
    (0x7ec4160,V-) SimpleGaussianConstraint::lumi_13TeV_BBDefl_Pdf "lumi_13TeV_BBDefl_Pdf"
    (0x7edba20,V-) SimpleGaussianConstraint::lumi_13TeV_DynBeta_Pdf "lumi_13TeV_DynBeta_Pdf"
    (0x7edde80,V-) SimpleGaussianConstraint::lumi_13TeV_CurrCalib_Pdf "lumi_13TeV_CurrCalib_Pdf"
    (0x7ee7120,V-) SimpleGaussianConstraint::lumi_13TeV_Ghosts_Pdf "lumi_13TeV_Ghosts_Pdf"
    (0x7c30c80,V-) SimpleGaussianConstraint::CMS_btag_lf_Pdf "CMS_btag_lf_Pdf"
    (0x7ed9440,V-) SimpleGaussianConstraint::CMS_btag_hf_Pdf "CMS_btag_hf_Pdf"
    (0x7f040e0,V-) SimpleGaussianConstraint::CMS_btag_hfstats1_2017_Pdf "CMS_btag_hfstats1_2017_Pdf"
    (0x7f07f60,V-) SimpleGaussianConstraint::CMS_btag_hfstats2_2017_Pdf "CMS_btag_hfstats2_2017_Pdf"
    (0x7f00270,V-) SimpleGaussianConstraint::CMS_btag_lfstats1_2017_Pdf "CMS_btag_lfstats1_2017_Pdf"
    (0x7f0bde0,V-) SimpleGaussianConstraint::CMS_btag_lfstats2_2017_Pdf "CMS_btag_lfstats2_2017_Pdf"
    (0x7f0fbf0,V-) SimpleGaussianConstraint::CMS_btag_cferr1_Pdf "CMS_btag_cferr1_Pdf"
    (0x7f139e0,V-) SimpleGaussianConstraint::CMS_btag_cferr2_Pdf "CMS_btag_cferr2_Pdf"
    (0x7f17830,V-) SimpleGaussianConstraint::CMS_eff_hwwtrigger_2017_Pdf "CMS_eff_hwwtrigger_2017_Pdf"
    (0x7f1b6b0,V-) SimpleGaussianConstraint::CMS_eff_prefiring_2017_Pdf "CMS_eff_prefiring_2017_Pdf"
    (0x7f23510,V-) SimpleGaussianConstraint::CMS_eff_e_2017_Pdf "CMS_eff_e_2017_Pdf"
    (0x7f36190,V-) SimpleGaussianConstraint::CMS_eff_m_2017_Pdf "CMS_eff_m_2017_Pdf"
    (0x7f4d720,V-) SimpleGaussianConstraint::CMS_eff_tau21_2017_Pdf "CMS_eff_tau21_2017_Pdf"
    (0x80a8f70,V-) SimpleGaussianConstraint::CMS_fatjes_2017_Pdf "CMS_fatjes_2017_Pdf"
    (0x80ab6d0,V-) SimpleGaussianConstraint::CMS_fatjer_2017_Pdf "CMS_fatjer_2017_Pdf"
    (0x80ade30,V-) SimpleGaussianConstraint::CMS_fatjms_2017_Pdf "CMS_fatjms_2017_Pdf"
    (0x80b0590,V-) SimpleGaussianConstraint::CMS_fatjmr_2017_Pdf "CMS_fatjmr_2017_Pdf"
    (0x80b2d10,V-) SimpleGaussianConstraint::CMS_scale_muon_2017_Pdf "CMS_scale_muon_2017_Pdf"
    (0x80a0f40,V-) SimpleGaussianConstraint::CMS_scale_electron_2017_Pdf "CMS_scale_electron_2017_Pdf"
    (0x7f6cd30,V-) SimpleGaussianConstraint::CMS_scale_met_2017_Pdf "CMS_scale_met_2017_Pdf"
    (0x7f851f0,V-) SimpleGaussianConstraint::CMS_PU_2017_Pdf "CMS_PU_2017_Pdf"
    (0x7ee9df0,V-) SimpleGaussianConstraint::UE_CP5_Pdf "UE_CP5_Pdf"
    (0x7fa5760,V-) SimpleGaussianConstraint::QCDscaleAccept_Pdf "QCDscaleAccept_Pdf"
    (0x7fe9050,V-) SimpleGaussianConstraint::pdfAccept_Pdf "pdfAccept_Pdf"
    (0x7fb6110,V-) SimpleGaussianConstraint::CMS_jesFlavorQCD_Pdf "CMS_jesFlavorQCD_Pdf"
    (0x800e9c0,V-) SimpleGaussianConstraint::CMS_jesRelativeBal_Pdf "CMS_jesRelativeBal_Pdf"
    (0x8047b80,V-) SimpleGaussianConstraint::CMS_jesHF_Pdf "CMS_jesHF_Pdf"
    (0x801c270,V-) SimpleGaussianConstraint::CMS_jesBBEC1_Pdf "CMS_jesBBEC1_Pdf"
    (0x80237e0,V-) SimpleGaussianConstraint::CMS_jesEC2_Pdf "CMS_jesEC2_Pdf"
    (0x7fad8a0,V-) SimpleGaussianConstraint::CMS_jesAbsolute_Pdf "CMS_jesAbsolute_Pdf"
    (0x8016070,V-) SimpleGaussianConstraint::CMS_jesAbsolute_2017_Pdf "CMS_jesAbsolute_2017_Pdf"
    (0x8052130,V-) SimpleGaussianConstraint::CMS_jesHF_2017_Pdf "CMS_jesHF_2017_Pdf"
    (0x802c060,V-) SimpleGaussianConstraint::CMS_jesEC2_2017_Pdf "CMS_jesEC2_2017_Pdf"
    (0x8034b10,V-) SimpleGaussianConstraint::CMS_jesRelativeSample_2017_Pdf "CMS_jesRelativeSample_2017_Pdf"
    (0x805a2e0,V-) SimpleGaussianConstraint::CMS_jesBBEC1_2017_Pdf "CMS_jesBBEC1_2017_Pdf"
    (0x8064b50,V-) SimpleGaussianConstraint::CMS_jer_2017_Pdf "CMS_jer_2017_Pdf"
    (0x8004460,V-) SimpleGaussianConstraint::pdf_Higgs_gg_Pdf "pdf_Higgs_gg_Pdf"
    (0x8006b50,V-) SimpleGaussianConstraint::QCDscale_Higgs_gg_Pdf "QCDscale_Higgs_gg_Pdf"
    (0x808eb40,V-) SimpleGaussianConstraint::pdf_Higgs_qqbar_Pdf "pdf_Higgs_qqbar_Pdf"
    (0x80912c0,V-) SimpleGaussianConstraint::QCDscale_Higgs_qqbar_Pdf "QCDscale_Higgs_qqbar_Pdf"
    (0x7eec8c0,V-) SimpleGaussianConstraint::QCDnorm2017_Pdf "QCDnorm2017_Pdf"
    (0x80e63d0,V-) RooUniform::cutBoostedGG0_top_norm2017_Pdf "cutBoostedGG0_top_norm2017_Pdf"
    (0x80f0690,V-) RooUniform::cutBoostedGG0_Wjets_norm2017_Pdf "cutBoostedGG0_Wjets_norm2017_Pdf"
    (0x80f2170,V-) RooUniform::cutBoostedGG1_Wjets_norm2017_Pdf "cutBoostedGG1_Wjets_norm2017_Pdf"
    (0x80f3c70,V-) RooUniform::cutBoostedVBF_Wjets_norm2017_Pdf "cutBoostedVBF_Wjets_norm2017_Pdf"
    (0x80f5770,V-) RooUniform::cutResolvedGG0_Wjets_norm2017_Pdf "cutResolvedGG0_Wjets_norm2017_Pdf"
    (0x80f7270,V-) RooUniform::cutResolvedGG1_Wjets_norm2017_Pdf "cutResolvedGG1_Wjets_norm2017_Pdf"
    (0x8098b00,V-) SimpleGaussianConstraint::dynorm2017_Pdf "dynorm2017_Pdf"
    (0x80f8d70,V-) SimpleGaussianConstraint::MultiVnorm2017_Pdf "MultiVnorm2017_Pdf"
  Proxies: 
    !pdfs -> 
      1)                                               lumi_13TeV_2017_Pdf
      2)                                             lumi_13TeV_XYFact_Pdf
      3)                                             lumi_13TeV_LSCale_Pdf
      4)                                             lumi_13TeV_BBDefl_Pdf
      5)                                            lumi_13TeV_DynBeta_Pdf
      6)                                          lumi_13TeV_CurrCalib_Pdf
      7)                                             lumi_13TeV_Ghosts_Pdf
      8)                                                   CMS_btag_lf_Pdf
      9)                                                   CMS_btag_hf_Pdf
     10)                                        CMS_btag_hfstats1_2017_Pdf
     11)                                        CMS_btag_hfstats2_2017_Pdf
     12)                                        CMS_btag_lfstats1_2017_Pdf
     13)                                        CMS_btag_lfstats2_2017_Pdf
     14)                                               CMS_btag_cferr1_Pdf
     15)                                               CMS_btag_cferr2_Pdf
     16)                                       CMS_eff_hwwtrigger_2017_Pdf
     17)                                        CMS_eff_prefiring_2017_Pdf
     18)                                                CMS_eff_e_2017_Pdf
     19)                                                CMS_eff_m_2017_Pdf
     20)                                            CMS_eff_tau21_2017_Pdf
     21)                                               CMS_fatjes_2017_Pdf
     22)                                               CMS_fatjer_2017_Pdf
     23)                                               CMS_fatjms_2017_Pdf
     24)                                               CMS_fatjmr_2017_Pdf
     25)                                           CMS_scale_muon_2017_Pdf
     26)                                       CMS_scale_electron_2017_Pdf
     27)                                            CMS_scale_met_2017_Pdf
     28)                                                   CMS_PU_2017_Pdf
     29)                                                        UE_CP5_Pdf
     30)                                                QCDscaleAccept_Pdf
     31)                                                     pdfAccept_Pdf
     32)                                              CMS_jesFlavorQCD_Pdf
     33)                                            CMS_jesRelativeBal_Pdf
     34)                                                     CMS_jesHF_Pdf
     35)                                                  CMS_jesBBEC1_Pdf
     36)                                                    CMS_jesEC2_Pdf
     37)                                               CMS_jesAbsolute_Pdf
     38)                                          CMS_jesAbsolute_2017_Pdf
     39)                                                CMS_jesHF_2017_Pdf
     40)                                               CMS_jesEC2_2017_Pdf
     41)                                    CMS_jesRelativeSample_2017_Pdf
     42)                                             CMS_jesBBEC1_2017_Pdf
     43)                                                  CMS_jer_2017_Pdf
     44)                                                  pdf_Higgs_gg_Pdf
     45)                                             QCDscale_Higgs_gg_Pdf
     46)                                               pdf_Higgs_qqbar_Pdf
     47)                                          QCDscale_Higgs_qqbar_Pdf
     48)                                                   QCDnorm2017_Pdf
     49)                                    cutBoostedGG0_top_norm2017_Pdf
     50)                                  cutBoostedGG0_Wjets_norm2017_Pdf
     51)                                  cutBoostedGG1_Wjets_norm2017_Pdf
     52)                                  cutBoostedVBF_Wjets_norm2017_Pdf
     53)                                 cutResolvedGG0_Wjets_norm2017_Pdf
     54)                                 cutResolvedGG1_Wjets_norm2017_Pdf
     55)                                                    dynorm2017_Pdf
     56)                                                MultiVnorm2017_Pdf
     57)  pdf_bineleCH__BoostedGGF__SB__METOver40__PtOverM04__MEKDTAG_nuis
     58)   pdfbins_bineleCH__BoostedGGF__SB__METOver40__PtOverM04__MEKDTAG
--- RooAbsReal ---

  Plot label is "pdf_bineleCH__BoostedGGF__SB__METOver40__PtOverM04__MEKDTAG"
--- RooAbsPdf ---
Cached value = 0
DataStore eleCH__BoostedGGF__SB__METOver40__PtOverM04__MEKDTAG (eleCH__BoostedGGF__SB__METOver40__PtOverM04__MEKDTAG)
  Contains 1 entries
  Observables: 
    1)  CMS_th1x = 0.5  L(0 - 1) B(1)  "CMS_th1x"
    2)    weight = 0  L(-1e+09 - 1e+09)  "weight"
  Dataset variable "_weight_" is interpreted as the event weight
 ------------ 
[utils::makePlots] Number of events for pdf in eleCH__BoostedGGF__SB__METOver40__PtOverM04__MEKDTAG_CMS_th1x, pdf pdf_bineleCH__BoostedGGF__SB__METOver40__PtOverM04__MEKDTAG = 6294.08
Error in <TList::Clear>: A list is accessing an object (0x8276244) already deleted (list name = TList)
Info in <TCanvas::Print>: png file ./eleCH__BoostedGGF__SB__METOver40__PtOverM04__MEKDTAG_CMS_th1x_prefit.png has been created

 --- FitDiagnostics ---
Fit failed.
Done in 0.45 min (cpu), 0.46 min (real)
