 <<< Combine >>> 
Configured fallback algorithm , type GSLMultiMin, algo BFGS2, strategy 1, tolerance 0.1
>>> method used is FitDiagnostics
>>> random number generator seed is 123456
 PDF CHECKING 
--- RooAbsArg ---
  Value State: DIRTY
  Shape State: DIRTY
  Attributes:  [SnapShot_ExtRefClone,forceGenBinned] 
  Address: 0x8e54370
  Clients: 
    (0x92975f0,V-) RooSimultaneousOpt::model_s "model_s"
  Servers: 
    (0x8e559c0,V-) RooRealSumPdf::pdf_bineleCH__BoostedGGF__SB__METOver40__PtOverM04__UNTAGGED_nuis ""
    (0x90c8cc0,V-) RooProdPdf::pdfbins_bineleCH__BoostedGGF__SB__METOver40__PtOverM04__UNTAGGED ""
    (0x8e2b1d0,V-) SimpleGaussianConstraint::lumi_13TeV_2017_Pdf "lumi_13TeV_2017_Pdf"
    (0x8e2fea0,V-) SimpleGaussianConstraint::lumi_13TeV_XYFact_Pdf "lumi_13TeV_XYFact_Pdf"
    (0x8e50020,V-) SimpleGaussianConstraint::lumi_13TeV_LSCale_Pdf "lumi_13TeV_LSCale_Pdf"
    (0x8e52450,V-) SimpleGaussianConstraint::lumi_13TeV_BBDefl_Pdf "lumi_13TeV_BBDefl_Pdf"
    (0x8e69d10,V-) SimpleGaussianConstraint::lumi_13TeV_DynBeta_Pdf "lumi_13TeV_DynBeta_Pdf"
    (0x8e6c170,V-) SimpleGaussianConstraint::lumi_13TeV_CurrCalib_Pdf "lumi_13TeV_CurrCalib_Pdf"
    (0x8e75410,V-) SimpleGaussianConstraint::lumi_13TeV_Ghosts_Pdf "lumi_13TeV_Ghosts_Pdf"
    (0x8c442d0,V-) SimpleGaussianConstraint::CMS_btag_lf_Pdf "CMS_btag_lf_Pdf"
    (0x8e67730,V-) SimpleGaussianConstraint::CMS_btag_hf_Pdf "CMS_btag_hf_Pdf"
    (0x8e95710,V-) SimpleGaussianConstraint::CMS_btag_hfstats1_2017_Pdf "CMS_btag_hfstats1_2017_Pdf"
    (0x8e99590,V-) SimpleGaussianConstraint::CMS_btag_hfstats2_2017_Pdf "CMS_btag_hfstats2_2017_Pdf"
    (0x8e918a0,V-) SimpleGaussianConstraint::CMS_btag_lfstats1_2017_Pdf "CMS_btag_lfstats1_2017_Pdf"
    (0x8e9d410,V-) SimpleGaussianConstraint::CMS_btag_lfstats2_2017_Pdf "CMS_btag_lfstats2_2017_Pdf"
    (0x8ea1230,V-) SimpleGaussianConstraint::CMS_btag_cferr1_Pdf "CMS_btag_cferr1_Pdf"
    (0x8ea5020,V-) SimpleGaussianConstraint::CMS_btag_cferr2_Pdf "CMS_btag_cferr2_Pdf"
    (0x8ea8e70,V-) SimpleGaussianConstraint::CMS_eff_hwwtrigger_2017_Pdf "CMS_eff_hwwtrigger_2017_Pdf"
    (0x8eb0d20,V-) SimpleGaussianConstraint::CMS_eff_prefiring_2017_Pdf "CMS_eff_prefiring_2017_Pdf"
    (0x8eb4b40,V-) SimpleGaussianConstraint::CMS_eff_e_2017_Pdf "CMS_eff_e_2017_Pdf"
    (0x8ecfa60,V-) SimpleGaussianConstraint::CMS_eff_m_2017_Pdf "CMS_eff_m_2017_Pdf"
    (0x8ef2d80,V-) SimpleGaussianConstraint::CMS_eff_tau21_2017_Pdf "CMS_eff_tau21_2017_Pdf"
    (0x90704a0,V-) SimpleGaussianConstraint::CMS_fatjes_2017_Pdf "CMS_fatjes_2017_Pdf"
    (0x9072c00,V-) SimpleGaussianConstraint::CMS_fatjer_2017_Pdf "CMS_fatjer_2017_Pdf"
    (0x9075360,V-) SimpleGaussianConstraint::CMS_fatjms_2017_Pdf "CMS_fatjms_2017_Pdf"
    (0x9077ac0,V-) SimpleGaussianConstraint::CMS_fatjmr_2017_Pdf "CMS_fatjmr_2017_Pdf"
    (0x907a240,V-) SimpleGaussianConstraint::CMS_scale_muon_2017_Pdf "CMS_scale_muon_2017_Pdf"
    (0x8f33140,V-) SimpleGaussianConstraint::CMS_scale_electron_2017_Pdf "CMS_scale_electron_2017_Pdf"
    (0x8f08300,V-) SimpleGaussianConstraint::CMS_scale_met_2017_Pdf "CMS_scale_met_2017_Pdf"
    (0x8f7a250,V-) SimpleGaussianConstraint::CMS_PU_2017_Pdf "CMS_PU_2017_Pdf"
    (0x8e780e0,V-) SimpleGaussianConstraint::UE_CP5_Pdf "UE_CP5_Pdf"
    (0x8f8b2c0,V-) SimpleGaussianConstraint::QCDscaleAccept_Pdf "QCDscaleAccept_Pdf"
    (0x8f977c0,V-) SimpleGaussianConstraint::pdfAccept_Pdf "pdfAccept_Pdf"
    (0x8fab5d0,V-) SimpleGaussianConstraint::CMS_jesFlavorQCD_Pdf "CMS_jesFlavorQCD_Pdf"
    (0x8f3d300,V-) SimpleGaussianConstraint::CMS_jesRelativeBal_Pdf "CMS_jesRelativeBal_Pdf"
    (0x422de50,V-) SimpleGaussianConstraint::CMS_jesHF_Pdf "CMS_jesHF_Pdf"
    (0x8fb5d90,V-) SimpleGaussianConstraint::CMS_jesBBEC1_Pdf "CMS_jesBBEC1_Pdf"
    (0x90342c0,V-) SimpleGaussianConstraint::CMS_jesEC2_Pdf "CMS_jesEC2_Pdf"
    (0x8fa5390,V-) SimpleGaussianConstraint::CMS_jesAbsolute_Pdf "CMS_jesAbsolute_Pdf"
    (0x8fd2420,V-) SimpleGaussianConstraint::CMS_jesAbsolute_2017_Pdf "CMS_jesAbsolute_2017_Pdf"
    (0x8fcc6b0,V-) SimpleGaussianConstraint::CMS_jesHF_2017_Pdf "CMS_jesHF_2017_Pdf"
    (0x8fdea80,V-) SimpleGaussianConstraint::CMS_jesEC2_2017_Pdf "CMS_jesEC2_2017_Pdf"
    (0x8fe2640,V-) SimpleGaussianConstraint::CMS_jesRelativeSample_2017_Pdf "CMS_jesRelativeSample_2017_Pdf"
    (0x8f186c0,V-) SimpleGaussianConstraint::CMS_jesBBEC1_2017_Pdf "CMS_jesBBEC1_2017_Pdf"
    (0x8ff6d40,V-) SimpleGaussianConstraint::CMS_jer_2017_Pdf "CMS_jer_2017_Pdf"
    (0x8e7abc0,V-) SimpleGaussianConstraint::pdf_Higgs_gg_Pdf "pdf_Higgs_gg_Pdf"
    (0x8e7d190,V-) SimpleGaussianConstraint::QCDscale_Higgs_gg_Pdf "QCDscale_Higgs_gg_Pdf"
    (0x9026540,V-) SimpleGaussianConstraint::pdf_Higgs_qqbar_Pdf "pdf_Higgs_qqbar_Pdf"
    (0x9028cc0,V-) SimpleGaussianConstraint::QCDscale_Higgs_qqbar_Pdf "QCDscale_Higgs_qqbar_Pdf"
    (0x8f480c0,V-) SimpleGaussianConstraint::QCDnorm2017_Pdf "QCDnorm2017_Pdf"
    (0x90b3c40,V-) RooUniform::cutBoostedGG1_top_norm2017_Pdf "cutBoostedGG1_top_norm2017_Pdf"
    (0x90bdf00,V-) RooUniform::cutBoostedGG0_Wjets_norm2017_Pdf "cutBoostedGG0_Wjets_norm2017_Pdf"
    (0x90bf9e0,V-) RooUniform::cutBoostedGG1_Wjets_norm2017_Pdf "cutBoostedGG1_Wjets_norm2017_Pdf"
    (0x90c14e0,V-) RooUniform::cutBoostedVBF_Wjets_norm2017_Pdf "cutBoostedVBF_Wjets_norm2017_Pdf"
    (0x90c2fe0,V-) RooUniform::cutResolvedGG0_Wjets_norm2017_Pdf "cutResolvedGG0_Wjets_norm2017_Pdf"
    (0x90c4ae0,V-) RooUniform::cutResolvedGG1_Wjets_norm2017_Pdf "cutResolvedGG1_Wjets_norm2017_Pdf"
    (0x9039120,V-) SimpleGaussianConstraint::dynorm2017_Pdf "dynorm2017_Pdf"
    (0x90c65e0,V-) SimpleGaussianConstraint::MultiVnorm2017_Pdf "MultiVnorm2017_Pdf"
  Proxies: 
    !pdfs -> 
      1)                                                lumi_13TeV_2017_Pdf
      2)                                              lumi_13TeV_XYFact_Pdf
      3)                                              lumi_13TeV_LSCale_Pdf
      4)                                              lumi_13TeV_BBDefl_Pdf
      5)                                             lumi_13TeV_DynBeta_Pdf
      6)                                           lumi_13TeV_CurrCalib_Pdf
      7)                                              lumi_13TeV_Ghosts_Pdf
      8)                                                    CMS_btag_lf_Pdf
      9)                                                    CMS_btag_hf_Pdf
     10)                                         CMS_btag_hfstats1_2017_Pdf
     11)                                         CMS_btag_hfstats2_2017_Pdf
     12)                                         CMS_btag_lfstats1_2017_Pdf
     13)                                         CMS_btag_lfstats2_2017_Pdf
     14)                                                CMS_btag_cferr1_Pdf
     15)                                                CMS_btag_cferr2_Pdf
     16)                                        CMS_eff_hwwtrigger_2017_Pdf
     17)                                         CMS_eff_prefiring_2017_Pdf
     18)                                                 CMS_eff_e_2017_Pdf
     19)                                                 CMS_eff_m_2017_Pdf
     20)                                             CMS_eff_tau21_2017_Pdf
     21)                                                CMS_fatjes_2017_Pdf
     22)                                                CMS_fatjer_2017_Pdf
     23)                                                CMS_fatjms_2017_Pdf
     24)                                                CMS_fatjmr_2017_Pdf
     25)                                            CMS_scale_muon_2017_Pdf
     26)                                        CMS_scale_electron_2017_Pdf
     27)                                             CMS_scale_met_2017_Pdf
     28)                                                    CMS_PU_2017_Pdf
     29)                                                         UE_CP5_Pdf
     30)                                                 QCDscaleAccept_Pdf
     31)                                                      pdfAccept_Pdf
     32)                                               CMS_jesFlavorQCD_Pdf
     33)                                             CMS_jesRelativeBal_Pdf
     34)                                                      CMS_jesHF_Pdf
     35)                                                   CMS_jesBBEC1_Pdf
     36)                                                     CMS_jesEC2_Pdf
     37)                                                CMS_jesAbsolute_Pdf
     38)                                           CMS_jesAbsolute_2017_Pdf
     39)                                                 CMS_jesHF_2017_Pdf
     40)                                                CMS_jesEC2_2017_Pdf
     41)                                     CMS_jesRelativeSample_2017_Pdf
     42)                                              CMS_jesBBEC1_2017_Pdf
     43)                                                   CMS_jer_2017_Pdf
     44)                                                   pdf_Higgs_gg_Pdf
     45)                                              QCDscale_Higgs_gg_Pdf
     46)                                                pdf_Higgs_qqbar_Pdf
     47)                                           QCDscale_Higgs_qqbar_Pdf
     48)                                                    QCDnorm2017_Pdf
     49)                                     cutBoostedGG1_top_norm2017_Pdf
     50)                                   cutBoostedGG0_Wjets_norm2017_Pdf
     51)                                   cutBoostedGG1_Wjets_norm2017_Pdf
     52)                                   cutBoostedVBF_Wjets_norm2017_Pdf
     53)                                  cutResolvedGG0_Wjets_norm2017_Pdf
     54)                                  cutResolvedGG1_Wjets_norm2017_Pdf
     55)                                                     dynorm2017_Pdf
     56)                                                 MultiVnorm2017_Pdf
     57)  pdf_bineleCH__BoostedGGF__SB__METOver40__PtOverM04__UNTAGGED_nuis
     58)   pdfbins_bineleCH__BoostedGGF__SB__METOver40__PtOverM04__UNTAGGED
--- RooAbsReal ---

  Plot label is "pdf_bineleCH__BoostedGGF__SB__METOver40__PtOverM04__UNTAGGED"
--- RooAbsPdf ---
Cached value = 0
DataStore eleCH__BoostedGGF__SB__METOver40__PtOverM04__UNTAGGED (eleCH__BoostedGGF__SB__METOver40__PtOverM04__UNTAGGED)
  Contains 16 entries
  Observables: 
    1)  CMS_th1x = 15.5  L(0 - 16) B(16)  "CMS_th1x"
    2)    weight = 0  L(-1e+09 - 1e+09)  "weight"
  Dataset variable "_weight_" is interpreted as the event weight
 ------------ 
[utils::makePlots] Number of events for pdf in eleCH__BoostedGGF__SB__METOver40__PtOverM04__UNTAGGED_CMS_th1x, pdf pdf_bineleCH__BoostedGGF__SB__METOver40__PtOverM04__UNTAGGED = 14019.9
Error in <TList::Clear>: A list is accessing an object (0x92b4bf4) already deleted (list name = TList)
Info in <TCanvas::Print>: png file ./eleCH__BoostedGGF__SB__METOver40__PtOverM04__UNTAGGED_CMS_th1x_prefit.png has been created
[WARNING]: Unable to determine uncertainties on all fit parameters in b-only fit. The option --saveWithUncertainties will be ignored as it would lead to incorrect results. Have a look at https://github.com/cms-analysis/HiggsAnalysis-CombinedLimit/wiki/nonstandard#fit-parameter-uncertainties for more information.
 PDF CHECKING 
--- RooAbsArg ---
  Value State: DIRTY
  Shape State: DIRTY
  Attributes:  [SnapShot_ExtRefClone,forceGenBinned] 
  Address: 0x8e68d20
  Clients: 
    (0x9277830,V-) RooSimultaneousOpt::model_b "model_b"
  Servers: 
    (0x8e62b10,V-) RooRealSumPdf::pdf_bineleCH__BoostedGGF__SB__METOver40__PtOverM04__UNTAGGED_bonly_nuis ""
    (0x8e2b1d0,V-) SimpleGaussianConstraint::lumi_13TeV_2017_Pdf "lumi_13TeV_2017_Pdf"
    (0x8e2fea0,V-) SimpleGaussianConstraint::lumi_13TeV_XYFact_Pdf "lumi_13TeV_XYFact_Pdf"
    (0x8e50020,V-) SimpleGaussianConstraint::lumi_13TeV_LSCale_Pdf "lumi_13TeV_LSCale_Pdf"
    (0x8e52450,V-) SimpleGaussianConstraint::lumi_13TeV_BBDefl_Pdf "lumi_13TeV_BBDefl_Pdf"
    (0x8e69d10,V-) SimpleGaussianConstraint::lumi_13TeV_DynBeta_Pdf "lumi_13TeV_DynBeta_Pdf"
    (0x8e6c170,V-) SimpleGaussianConstraint::lumi_13TeV_CurrCalib_Pdf "lumi_13TeV_CurrCalib_Pdf"
    (0x8e75410,V-) SimpleGaussianConstraint::lumi_13TeV_Ghosts_Pdf "lumi_13TeV_Ghosts_Pdf"
    (0x8c442d0,V-) SimpleGaussianConstraint::CMS_btag_lf_Pdf "CMS_btag_lf_Pdf"
    (0x8e67730,V-) SimpleGaussianConstraint::CMS_btag_hf_Pdf "CMS_btag_hf_Pdf"
    (0x8e95710,V-) SimpleGaussianConstraint::CMS_btag_hfstats1_2017_Pdf "CMS_btag_hfstats1_2017_Pdf"
    (0x8e99590,V-) SimpleGaussianConstraint::CMS_btag_hfstats2_2017_Pdf "CMS_btag_hfstats2_2017_Pdf"
    (0x8e918a0,V-) SimpleGaussianConstraint::CMS_btag_lfstats1_2017_Pdf "CMS_btag_lfstats1_2017_Pdf"
    (0x8e9d410,V-) SimpleGaussianConstraint::CMS_btag_lfstats2_2017_Pdf "CMS_btag_lfstats2_2017_Pdf"
    (0x8ea1230,V-) SimpleGaussianConstraint::CMS_btag_cferr1_Pdf "CMS_btag_cferr1_Pdf"
    (0x8ea5020,V-) SimpleGaussianConstraint::CMS_btag_cferr2_Pdf "CMS_btag_cferr2_Pdf"
    (0x8ea8e70,V-) SimpleGaussianConstraint::CMS_eff_hwwtrigger_2017_Pdf "CMS_eff_hwwtrigger_2017_Pdf"
    (0x8eb0d20,V-) SimpleGaussianConstraint::CMS_eff_prefiring_2017_Pdf "CMS_eff_prefiring_2017_Pdf"
    (0x8eb4b40,V-) SimpleGaussianConstraint::CMS_eff_e_2017_Pdf "CMS_eff_e_2017_Pdf"
    (0x8ecfa60,V-) SimpleGaussianConstraint::CMS_eff_m_2017_Pdf "CMS_eff_m_2017_Pdf"
    (0x8ef2d80,V-) SimpleGaussianConstraint::CMS_eff_tau21_2017_Pdf "CMS_eff_tau21_2017_Pdf"
    (0x90704a0,V-) SimpleGaussianConstraint::CMS_fatjes_2017_Pdf "CMS_fatjes_2017_Pdf"
    (0x9072c00,V-) SimpleGaussianConstraint::CMS_fatjer_2017_Pdf "CMS_fatjer_2017_Pdf"
    (0x9075360,V-) SimpleGaussianConstraint::CMS_fatjms_2017_Pdf "CMS_fatjms_2017_Pdf"
    (0x9077ac0,V-) SimpleGaussianConstraint::CMS_fatjmr_2017_Pdf "CMS_fatjmr_2017_Pdf"
    (0x907a240,V-) SimpleGaussianConstraint::CMS_scale_muon_2017_Pdf "CMS_scale_muon_2017_Pdf"
    (0x8f33140,V-) SimpleGaussianConstraint::CMS_scale_electron_2017_Pdf "CMS_scale_electron_2017_Pdf"
    (0x8f08300,V-) SimpleGaussianConstraint::CMS_scale_met_2017_Pdf "CMS_scale_met_2017_Pdf"
    (0x8f7a250,V-) SimpleGaussianConstraint::CMS_PU_2017_Pdf "CMS_PU_2017_Pdf"
    (0x8e780e0,V-) SimpleGaussianConstraint::UE_CP5_Pdf "UE_CP5_Pdf"
    (0x8f8b2c0,V-) SimpleGaussianConstraint::QCDscaleAccept_Pdf "QCDscaleAccept_Pdf"
    (0x8f977c0,V-) SimpleGaussianConstraint::pdfAccept_Pdf "pdfAccept_Pdf"
    (0x8fab5d0,V-) SimpleGaussianConstraint::CMS_jesFlavorQCD_Pdf "CMS_jesFlavorQCD_Pdf"
    (0x8f3d300,V-) SimpleGaussianConstraint::CMS_jesRelativeBal_Pdf "CMS_jesRelativeBal_Pdf"
    (0x422de50,V-) SimpleGaussianConstraint::CMS_jesHF_Pdf "CMS_jesHF_Pdf"
    (0x8fb5d90,V-) SimpleGaussianConstraint::CMS_jesBBEC1_Pdf "CMS_jesBBEC1_Pdf"
    (0x90342c0,V-) SimpleGaussianConstraint::CMS_jesEC2_Pdf "CMS_jesEC2_Pdf"
    (0x8fa5390,V-) SimpleGaussianConstraint::CMS_jesAbsolute_Pdf "CMS_jesAbsolute_Pdf"
    (0x8fd2420,V-) SimpleGaussianConstraint::CMS_jesAbsolute_2017_Pdf "CMS_jesAbsolute_2017_Pdf"
    (0x8fcc6b0,V-) SimpleGaussianConstraint::CMS_jesHF_2017_Pdf "CMS_jesHF_2017_Pdf"
    (0x8fdea80,V-) SimpleGaussianConstraint::CMS_jesEC2_2017_Pdf "CMS_jesEC2_2017_Pdf"
    (0x8fe2640,V-) SimpleGaussianConstraint::CMS_jesRelativeSample_2017_Pdf "CMS_jesRelativeSample_2017_Pdf"
    (0x8f186c0,V-) SimpleGaussianConstraint::CMS_jesBBEC1_2017_Pdf "CMS_jesBBEC1_2017_Pdf"
    (0x8ff6d40,V-) SimpleGaussianConstraint::CMS_jer_2017_Pdf "CMS_jer_2017_Pdf"
    (0x8e7abc0,V-) SimpleGaussianConstraint::pdf_Higgs_gg_Pdf "pdf_Higgs_gg_Pdf"
    (0x8e7d190,V-) SimpleGaussianConstraint::QCDscale_Higgs_gg_Pdf "QCDscale_Higgs_gg_Pdf"
    (0x9026540,V-) SimpleGaussianConstraint::pdf_Higgs_qqbar_Pdf "pdf_Higgs_qqbar_Pdf"
    (0x9028cc0,V-) SimpleGaussianConstraint::QCDscale_Higgs_qqbar_Pdf "QCDscale_Higgs_qqbar_Pdf"
    (0x8f480c0,V-) SimpleGaussianConstraint::QCDnorm2017_Pdf "QCDnorm2017_Pdf"
    (0x90b3c40,V-) RooUniform::cutBoostedGG1_top_norm2017_Pdf "cutBoostedGG1_top_norm2017_Pdf"
    (0x90bdf00,V-) RooUniform::cutBoostedGG0_Wjets_norm2017_Pdf "cutBoostedGG0_Wjets_norm2017_Pdf"
    (0x90bf9e0,V-) RooUniform::cutBoostedGG1_Wjets_norm2017_Pdf "cutBoostedGG1_Wjets_norm2017_Pdf"
    (0x90c14e0,V-) RooUniform::cutBoostedVBF_Wjets_norm2017_Pdf "cutBoostedVBF_Wjets_norm2017_Pdf"
    (0x90c2fe0,V-) RooUniform::cutResolvedGG0_Wjets_norm2017_Pdf "cutResolvedGG0_Wjets_norm2017_Pdf"
    (0x90c4ae0,V-) RooUniform::cutResolvedGG1_Wjets_norm2017_Pdf "cutResolvedGG1_Wjets_norm2017_Pdf"
    (0x9039120,V-) SimpleGaussianConstraint::dynorm2017_Pdf "dynorm2017_Pdf"
    (0x90c65e0,V-) SimpleGaussianConstraint::MultiVnorm2017_Pdf "MultiVnorm2017_Pdf"
    (0x90c8cc0,V-) RooProdPdf::pdfbins_bineleCH__BoostedGGF__SB__METOver40__PtOverM04__UNTAGGED ""
  Proxies: 
    !pdfs -> 
      1)                                                      lumi_13TeV_2017_Pdf
      2)                                                    lumi_13TeV_XYFact_Pdf
      3)                                                    lumi_13TeV_LSCale_Pdf
      4)                                                    lumi_13TeV_BBDefl_Pdf
      5)                                                   lumi_13TeV_DynBeta_Pdf
      6)                                                 lumi_13TeV_CurrCalib_Pdf
      7)                                                    lumi_13TeV_Ghosts_Pdf
      8)                                                          CMS_btag_lf_Pdf
      9)                                                          CMS_btag_hf_Pdf
     10)                                               CMS_btag_hfstats1_2017_Pdf
     11)                                               CMS_btag_hfstats2_2017_Pdf
     12)                                               CMS_btag_lfstats1_2017_Pdf
     13)                                               CMS_btag_lfstats2_2017_Pdf
     14)                                                      CMS_btag_cferr1_Pdf
     15)                                                      CMS_btag_cferr2_Pdf
     16)                                              CMS_eff_hwwtrigger_2017_Pdf
     17)                                               CMS_eff_prefiring_2017_Pdf
     18)                                                       CMS_eff_e_2017_Pdf
     19)                                                       CMS_eff_m_2017_Pdf
     20)                                                   CMS_eff_tau21_2017_Pdf
     21)                                                      CMS_fatjes_2017_Pdf
     22)                                                      CMS_fatjer_2017_Pdf
     23)                                                      CMS_fatjms_2017_Pdf
     24)                                                      CMS_fatjmr_2017_Pdf
     25)                                                  CMS_scale_muon_2017_Pdf
     26)                                              CMS_scale_electron_2017_Pdf
     27)                                                   CMS_scale_met_2017_Pdf
     28)                                                          CMS_PU_2017_Pdf
     29)                                                               UE_CP5_Pdf
     30)                                                       QCDscaleAccept_Pdf
     31)                                                            pdfAccept_Pdf
     32)                                                     CMS_jesFlavorQCD_Pdf
     33)                                                   CMS_jesRelativeBal_Pdf
     34)                                                            CMS_jesHF_Pdf
     35)                                                         CMS_jesBBEC1_Pdf
     36)                                                           CMS_jesEC2_Pdf
     37)                                                      CMS_jesAbsolute_Pdf
     38)                                                 CMS_jesAbsolute_2017_Pdf
     39)                                                       CMS_jesHF_2017_Pdf
     40)                                                      CMS_jesEC2_2017_Pdf
     41)                                           CMS_jesRelativeSample_2017_Pdf
     42)                                                    CMS_jesBBEC1_2017_Pdf
     43)                                                         CMS_jer_2017_Pdf
     44)                                                         pdf_Higgs_gg_Pdf
     45)                                                    QCDscale_Higgs_gg_Pdf
     46)                                                      pdf_Higgs_qqbar_Pdf
     47)                                                 QCDscale_Higgs_qqbar_Pdf
     48)                                                          QCDnorm2017_Pdf
     49)                                           cutBoostedGG1_top_norm2017_Pdf
     50)                                         cutBoostedGG0_Wjets_norm2017_Pdf
     51)                                         cutBoostedGG1_Wjets_norm2017_Pdf
     52)                                         cutBoostedVBF_Wjets_norm2017_Pdf
     53)                                        cutResolvedGG0_Wjets_norm2017_Pdf
     54)                                        cutResolvedGG1_Wjets_norm2017_Pdf
     55)                                                           dynorm2017_Pdf
     56)                                                       MultiVnorm2017_Pdf
     57)  pdf_bineleCH__BoostedGGF__SB__METOver40__PtOverM04__UNTAGGED_bonly_nuis
     58)         pdfbins_bineleCH__BoostedGGF__SB__METOver40__PtOverM04__UNTAGGED
--- RooAbsReal ---

  Plot label is "pdf_bineleCH__BoostedGGF__SB__METOver40__PtOverM04__UNTAGGED_bonly"
--- RooAbsPdf ---
Cached value = 0
DataStore eleCH__BoostedGGF__SB__METOver40__PtOverM04__UNTAGGED (eleCH__BoostedGGF__SB__METOver40__PtOverM04__UNTAGGED)
  Contains 16 entries
  Observables: 
    1)  CMS_th1x = 15.5  L(0 - 16) B(16)  "CMS_th1x"
    2)    weight = 0  L(-1e+09 - 1e+09)  "weight"
  Dataset variable "_weight_" is interpreted as the event weight
 ------------ 
[utils::makePlots] Number of events for pdf in eleCH__BoostedGGF__SB__METOver40__PtOverM04__UNTAGGED_CMS_th1x, pdf pdf_bineleCH__BoostedGGF__SB__METOver40__PtOverM04__UNTAGGED_bonly = 12742.6
Error in <TList::Clear>: A list is accessing an object (0x92b5144) already deleted (list name = TList)
Info in <TCanvas::Print>: png file ./eleCH__BoostedGGF__SB__METOver40__PtOverM04__UNTAGGED_CMS_th1x_fit_b.png has been created
Info in <TCanvas::Print>: png file ./covariance_fit_b.png has been created
Info in <Minuit2>: Minuit2Minimizer::Minimize : Minimization did NOT converge, Edm is above max
Error in <Minuit2>: Minuit2Minimizer::MINOS failed due to invalid function minimum
Error in <ROOT::Math::Fitter::CalculateMinosErrors>: Minos error calculation failed for all parameters
[WARNING]: Unable to determine uncertainties on all fit parameters in s+b fit. The option --saveWithUncertainties will be ignored as it would lead to incorrect results. Have a look at https://github.com/cms-analysis/HiggsAnalysis-CombinedLimit/wiki/nonstandard#fit-parameter-uncertainties for more information.
 PDF CHECKING 
--- RooAbsArg ---
  Value State: DIRTY
  Shape State: DIRTY
  Attributes:  [SnapShot_ExtRefClone,forceGenBinned] 
  Address: 0x8e54370
  Clients: 
    (0x92975f0,V-) RooSimultaneousOpt::model_s "model_s"
  Servers: 
    (0x8e559c0,V-) RooRealSumPdf::pdf_bineleCH__BoostedGGF__SB__METOver40__PtOverM04__UNTAGGED_nuis ""
    (0x90c8cc0,V-) RooProdPdf::pdfbins_bineleCH__BoostedGGF__SB__METOver40__PtOverM04__UNTAGGED ""
    (0x8e2b1d0,V-) SimpleGaussianConstraint::lumi_13TeV_2017_Pdf "lumi_13TeV_2017_Pdf"
    (0x8e2fea0,V-) SimpleGaussianConstraint::lumi_13TeV_XYFact_Pdf "lumi_13TeV_XYFact_Pdf"
    (0x8e50020,V-) SimpleGaussianConstraint::lumi_13TeV_LSCale_Pdf "lumi_13TeV_LSCale_Pdf"
    (0x8e52450,V-) SimpleGaussianConstraint::lumi_13TeV_BBDefl_Pdf "lumi_13TeV_BBDefl_Pdf"
    (0x8e69d10,V-) SimpleGaussianConstraint::lumi_13TeV_DynBeta_Pdf "lumi_13TeV_DynBeta_Pdf"
    (0x8e6c170,V-) SimpleGaussianConstraint::lumi_13TeV_CurrCalib_Pdf "lumi_13TeV_CurrCalib_Pdf"
    (0x8e75410,V-) SimpleGaussianConstraint::lumi_13TeV_Ghosts_Pdf "lumi_13TeV_Ghosts_Pdf"
    (0x8c442d0,V-) SimpleGaussianConstraint::CMS_btag_lf_Pdf "CMS_btag_lf_Pdf"
    (0x8e67730,V-) SimpleGaussianConstraint::CMS_btag_hf_Pdf "CMS_btag_hf_Pdf"
    (0x8e95710,V-) SimpleGaussianConstraint::CMS_btag_hfstats1_2017_Pdf "CMS_btag_hfstats1_2017_Pdf"
    (0x8e99590,V-) SimpleGaussianConstraint::CMS_btag_hfstats2_2017_Pdf "CMS_btag_hfstats2_2017_Pdf"
    (0x8e918a0,V-) SimpleGaussianConstraint::CMS_btag_lfstats1_2017_Pdf "CMS_btag_lfstats1_2017_Pdf"
    (0x8e9d410,V-) SimpleGaussianConstraint::CMS_btag_lfstats2_2017_Pdf "CMS_btag_lfstats2_2017_Pdf"
    (0x8ea1230,V-) SimpleGaussianConstraint::CMS_btag_cferr1_Pdf "CMS_btag_cferr1_Pdf"
    (0x8ea5020,V-) SimpleGaussianConstraint::CMS_btag_cferr2_Pdf "CMS_btag_cferr2_Pdf"
    (0x8ea8e70,V-) SimpleGaussianConstraint::CMS_eff_hwwtrigger_2017_Pdf "CMS_eff_hwwtrigger_2017_Pdf"
    (0x8eb0d20,V-) SimpleGaussianConstraint::CMS_eff_prefiring_2017_Pdf "CMS_eff_prefiring_2017_Pdf"
    (0x8eb4b40,V-) SimpleGaussianConstraint::CMS_eff_e_2017_Pdf "CMS_eff_e_2017_Pdf"
    (0x8ecfa60,V-) SimpleGaussianConstraint::CMS_eff_m_2017_Pdf "CMS_eff_m_2017_Pdf"
    (0x8ef2d80,V-) SimpleGaussianConstraint::CMS_eff_tau21_2017_Pdf "CMS_eff_tau21_2017_Pdf"
    (0x90704a0,V-) SimpleGaussianConstraint::CMS_fatjes_2017_Pdf "CMS_fatjes_2017_Pdf"
    (0x9072c00,V-) SimpleGaussianConstraint::CMS_fatjer_2017_Pdf "CMS_fatjer_2017_Pdf"
    (0x9075360,V-) SimpleGaussianConstraint::CMS_fatjms_2017_Pdf "CMS_fatjms_2017_Pdf"
    (0x9077ac0,V-) SimpleGaussianConstraint::CMS_fatjmr_2017_Pdf "CMS_fatjmr_2017_Pdf"
    (0x907a240,V-) SimpleGaussianConstraint::CMS_scale_muon_2017_Pdf "CMS_scale_muon_2017_Pdf"
    (0x8f33140,V-) SimpleGaussianConstraint::CMS_scale_electron_2017_Pdf "CMS_scale_electron_2017_Pdf"
    (0x8f08300,V-) SimpleGaussianConstraint::CMS_scale_met_2017_Pdf "CMS_scale_met_2017_Pdf"
    (0x8f7a250,V-) SimpleGaussianConstraint::CMS_PU_2017_Pdf "CMS_PU_2017_Pdf"
    (0x8e780e0,V-) SimpleGaussianConstraint::UE_CP5_Pdf "UE_CP5_Pdf"
    (0x8f8b2c0,V-) SimpleGaussianConstraint::QCDscaleAccept_Pdf "QCDscaleAccept_Pdf"
    (0x8f977c0,V-) SimpleGaussianConstraint::pdfAccept_Pdf "pdfAccept_Pdf"
    (0x8fab5d0,V-) SimpleGaussianConstraint::CMS_jesFlavorQCD_Pdf "CMS_jesFlavorQCD_Pdf"
    (0x8f3d300,V-) SimpleGaussianConstraint::CMS_jesRelativeBal_Pdf "CMS_jesRelativeBal_Pdf"
    (0x422de50,V-) SimpleGaussianConstraint::CMS_jesHF_Pdf "CMS_jesHF_Pdf"
    (0x8fb5d90,V-) SimpleGaussianConstraint::CMS_jesBBEC1_Pdf "CMS_jesBBEC1_Pdf"
    (0x90342c0,V-) SimpleGaussianConstraint::CMS_jesEC2_Pdf "CMS_jesEC2_Pdf"
    (0x8fa5390,V-) SimpleGaussianConstraint::CMS_jesAbsolute_Pdf "CMS_jesAbsolute_Pdf"
    (0x8fd2420,V-) SimpleGaussianConstraint::CMS_jesAbsolute_2017_Pdf "CMS_jesAbsolute_2017_Pdf"
    (0x8fcc6b0,V-) SimpleGaussianConstraint::CMS_jesHF_2017_Pdf "CMS_jesHF_2017_Pdf"
    (0x8fdea80,V-) SimpleGaussianConstraint::CMS_jesEC2_2017_Pdf "CMS_jesEC2_2017_Pdf"
    (0x8fe2640,V-) SimpleGaussianConstraint::CMS_jesRelativeSample_2017_Pdf "CMS_jesRelativeSample_2017_Pdf"
    (0x8f186c0,V-) SimpleGaussianConstraint::CMS_jesBBEC1_2017_Pdf "CMS_jesBBEC1_2017_Pdf"
    (0x8ff6d40,V-) SimpleGaussianConstraint::CMS_jer_2017_Pdf "CMS_jer_2017_Pdf"
    (0x8e7abc0,V-) SimpleGaussianConstraint::pdf_Higgs_gg_Pdf "pdf_Higgs_gg_Pdf"
    (0x8e7d190,V-) SimpleGaussianConstraint::QCDscale_Higgs_gg_Pdf "QCDscale_Higgs_gg_Pdf"
    (0x9026540,V-) SimpleGaussianConstraint::pdf_Higgs_qqbar_Pdf "pdf_Higgs_qqbar_Pdf"
    (0x9028cc0,V-) SimpleGaussianConstraint::QCDscale_Higgs_qqbar_Pdf "QCDscale_Higgs_qqbar_Pdf"
    (0x8f480c0,V-) SimpleGaussianConstraint::QCDnorm2017_Pdf "QCDnorm2017_Pdf"
    (0x90b3c40,V-) RooUniform::cutBoostedGG1_top_norm2017_Pdf "cutBoostedGG1_top_norm2017_Pdf"
    (0x90bdf00,V-) RooUniform::cutBoostedGG0_Wjets_norm2017_Pdf "cutBoostedGG0_Wjets_norm2017_Pdf"
    (0x90bf9e0,V-) RooUniform::cutBoostedGG1_Wjets_norm2017_Pdf "cutBoostedGG1_Wjets_norm2017_Pdf"
    (0x90c14e0,V-) RooUniform::cutBoostedVBF_Wjets_norm2017_Pdf "cutBoostedVBF_Wjets_norm2017_Pdf"
    (0x90c2fe0,V-) RooUniform::cutResolvedGG0_Wjets_norm2017_Pdf "cutResolvedGG0_Wjets_norm2017_Pdf"
    (0x90c4ae0,V-) RooUniform::cutResolvedGG1_Wjets_norm2017_Pdf "cutResolvedGG1_Wjets_norm2017_Pdf"
    (0x9039120,V-) SimpleGaussianConstraint::dynorm2017_Pdf "dynorm2017_Pdf"
    (0x90c65e0,V-) SimpleGaussianConstraint::MultiVnorm2017_Pdf "MultiVnorm2017_Pdf"
  Proxies: 
    !pdfs -> 
      1)                                                lumi_13TeV_2017_Pdf
      2)                                              lumi_13TeV_XYFact_Pdf
      3)                                              lumi_13TeV_LSCale_Pdf
      4)                                              lumi_13TeV_BBDefl_Pdf
      5)                                             lumi_13TeV_DynBeta_Pdf
      6)                                           lumi_13TeV_CurrCalib_Pdf
      7)                                              lumi_13TeV_Ghosts_Pdf
      8)                                                    CMS_btag_lf_Pdf
      9)                                                    CMS_btag_hf_Pdf
     10)                                         CMS_btag_hfstats1_2017_Pdf
     11)                                         CMS_btag_hfstats2_2017_Pdf
     12)                                         CMS_btag_lfstats1_2017_Pdf
     13)                                         CMS_btag_lfstats2_2017_Pdf
     14)                                                CMS_btag_cferr1_Pdf
     15)                                                CMS_btag_cferr2_Pdf
     16)                                        CMS_eff_hwwtrigger_2017_Pdf
     17)                                         CMS_eff_prefiring_2017_Pdf
     18)                                                 CMS_eff_e_2017_Pdf
     19)                                                 CMS_eff_m_2017_Pdf
     20)                                             CMS_eff_tau21_2017_Pdf
     21)                                                CMS_fatjes_2017_Pdf
     22)                                                CMS_fatjer_2017_Pdf
     23)                                                CMS_fatjms_2017_Pdf
     24)                                                CMS_fatjmr_2017_Pdf
     25)                                            CMS_scale_muon_2017_Pdf
     26)                                        CMS_scale_electron_2017_Pdf
     27)                                             CMS_scale_met_2017_Pdf
     28)                                                    CMS_PU_2017_Pdf
     29)                                                         UE_CP5_Pdf
     30)                                                 QCDscaleAccept_Pdf
     31)                                                      pdfAccept_Pdf
     32)                                               CMS_jesFlavorQCD_Pdf
     33)                                             CMS_jesRelativeBal_Pdf
     34)                                                      CMS_jesHF_Pdf
     35)                                                   CMS_jesBBEC1_Pdf
     36)                                                     CMS_jesEC2_Pdf
     37)                                                CMS_jesAbsolute_Pdf
     38)                                           CMS_jesAbsolute_2017_Pdf
     39)                                                 CMS_jesHF_2017_Pdf
     40)                                                CMS_jesEC2_2017_Pdf
     41)                                     CMS_jesRelativeSample_2017_Pdf
     42)                                              CMS_jesBBEC1_2017_Pdf
     43)                                                   CMS_jer_2017_Pdf
     44)                                                   pdf_Higgs_gg_Pdf
     45)                                              QCDscale_Higgs_gg_Pdf
     46)                                                pdf_Higgs_qqbar_Pdf
     47)                                           QCDscale_Higgs_qqbar_Pdf
     48)                                                    QCDnorm2017_Pdf
     49)                                     cutBoostedGG1_top_norm2017_Pdf
     50)                                   cutBoostedGG0_Wjets_norm2017_Pdf
     51)                                   cutBoostedGG1_Wjets_norm2017_Pdf
     52)                                   cutBoostedVBF_Wjets_norm2017_Pdf
     53)                                  cutResolvedGG0_Wjets_norm2017_Pdf
     54)                                  cutResolvedGG1_Wjets_norm2017_Pdf
     55)                                                     dynorm2017_Pdf
     56)                                                 MultiVnorm2017_Pdf
     57)  pdf_bineleCH__BoostedGGF__SB__METOver40__PtOverM04__UNTAGGED_nuis
     58)   pdfbins_bineleCH__BoostedGGF__SB__METOver40__PtOverM04__UNTAGGED
--- RooAbsReal ---

  Plot label is "pdf_bineleCH__BoostedGGF__SB__METOver40__PtOverM04__UNTAGGED"
--- RooAbsPdf ---
Cached value = 0
DataStore eleCH__BoostedGGF__SB__METOver40__PtOverM04__UNTAGGED (eleCH__BoostedGGF__SB__METOver40__PtOverM04__UNTAGGED)
  Contains 16 entries
  Observables: 
    1)  CMS_th1x = 15.5  L(0 - 16) B(16)  "CMS_th1x"
    2)    weight = 0  L(-1e+09 - 1e+09)  "weight"
  Dataset variable "_weight_" is interpreted as the event weight
 ------------ 
[utils::makePlots] Number of events for pdf in eleCH__BoostedGGF__SB__METOver40__PtOverM04__UNTAGGED_CMS_th1x, pdf pdf_bineleCH__BoostedGGF__SB__METOver40__PtOverM04__UNTAGGED = 12742.9
Error in <TList::Clear>: A list is accessing an object (0x92b5694) already deleted (list name = TList)
Info in <TCanvas::Print>: png file ./eleCH__BoostedGGF__SB__METOver40__PtOverM04__UNTAGGED_CMS_th1x_fit_s.png has been created
Info in <TCanvas::Print>: png file ./covariance_fit_s.png has been created

 --- FitDiagnostics ---
Best fit r: 5.24168e-05  -5.24168e-05/+99.9999  (68% CL)
Done in 1.07 min (cpu), 1.08 min (real)
