 <<< Combine >>> 
   Options for Robust Minimizer :: 
        Tolerance  0.1
        Strategy   0
        Type,Algo  Minuit2,Migrad
>>> method used is FitDiagnostics
>>> random number generator seed is 123456
 PDF CHECKING 
--- RooAbsArg ---
  Value State: DIRTY
  Shape State: DIRTY
  Attributes:  [SnapShot_ExtRefClone,forceGenBinned] 
  Address: 0x8944930
  Clients: 
    (0x8d87e50,V-) RooSimultaneousOpt::model_s "model_s"
  Servers: 
    (0x8945f80,V-) RooRealSumPdf::pdf_bineleCH__BoostedGGF__SB__METOver40__PtOverM04__UNTAGGED_nuis ""
    (0x8bb94d0,V-) RooProdPdf::pdfbins_bineleCH__BoostedGGF__SB__METOver40__PtOverM04__UNTAGGED ""
    (0x891b790,V-) SimpleGaussianConstraint::lumi_13TeV_2017_Pdf "lumi_13TeV_2017_Pdf"
    (0x8920460,V-) SimpleGaussianConstraint::lumi_13TeV_XYFact_Pdf "lumi_13TeV_XYFact_Pdf"
    (0x89405e0,V-) SimpleGaussianConstraint::lumi_13TeV_LSCale_Pdf "lumi_13TeV_LSCale_Pdf"
    (0x8942a10,V-) SimpleGaussianConstraint::lumi_13TeV_BBDefl_Pdf "lumi_13TeV_BBDefl_Pdf"
    (0x895a2d0,V-) SimpleGaussianConstraint::lumi_13TeV_DynBeta_Pdf "lumi_13TeV_DynBeta_Pdf"
    (0x895c730,V-) SimpleGaussianConstraint::lumi_13TeV_CurrCalib_Pdf "lumi_13TeV_CurrCalib_Pdf"
    (0x89659d0,V-) SimpleGaussianConstraint::lumi_13TeV_Ghosts_Pdf "lumi_13TeV_Ghosts_Pdf"
    (0x8734960,V-) SimpleGaussianConstraint::CMS_btag_lf_Pdf "CMS_btag_lf_Pdf"
    (0x8957cf0,V-) SimpleGaussianConstraint::CMS_btag_hf_Pdf "CMS_btag_hf_Pdf"
    (0x8985cd0,V-) SimpleGaussianConstraint::CMS_btag_hfstats1_2017_Pdf "CMS_btag_hfstats1_2017_Pdf"
    (0x8989b50,V-) SimpleGaussianConstraint::CMS_btag_hfstats2_2017_Pdf "CMS_btag_hfstats2_2017_Pdf"
    (0x8981e60,V-) SimpleGaussianConstraint::CMS_btag_lfstats1_2017_Pdf "CMS_btag_lfstats1_2017_Pdf"
    (0x898d9d0,V-) SimpleGaussianConstraint::CMS_btag_lfstats2_2017_Pdf "CMS_btag_lfstats2_2017_Pdf"
    (0x89917f0,V-) SimpleGaussianConstraint::CMS_btag_cferr1_Pdf "CMS_btag_cferr1_Pdf"
    (0x89955e0,V-) SimpleGaussianConstraint::CMS_btag_cferr2_Pdf "CMS_btag_cferr2_Pdf"
    (0x8999430,V-) SimpleGaussianConstraint::CMS_eff_hwwtrigger_2017_Pdf "CMS_eff_hwwtrigger_2017_Pdf"
    (0x89a12e0,V-) SimpleGaussianConstraint::CMS_eff_prefiring_2017_Pdf "CMS_eff_prefiring_2017_Pdf"
    (0x89a5100,V-) SimpleGaussianConstraint::CMS_eff_e_2017_Pdf "CMS_eff_e_2017_Pdf"
    (0x89c0030,V-) SimpleGaussianConstraint::CMS_eff_m_2017_Pdf "CMS_eff_m_2017_Pdf"
    (0x89e3350,V-) SimpleGaussianConstraint::CMS_eff_tau21_2017_Pdf "CMS_eff_tau21_2017_Pdf"
    (0x8b60cb0,V-) SimpleGaussianConstraint::CMS_fatjes_2017_Pdf "CMS_fatjes_2017_Pdf"
    (0x8b63410,V-) SimpleGaussianConstraint::CMS_fatjer_2017_Pdf "CMS_fatjer_2017_Pdf"
    (0x8b65b70,V-) SimpleGaussianConstraint::CMS_fatjms_2017_Pdf "CMS_fatjms_2017_Pdf"
    (0x8b682d0,V-) SimpleGaussianConstraint::CMS_fatjmr_2017_Pdf "CMS_fatjmr_2017_Pdf"
    (0x8b6aa50,V-) SimpleGaussianConstraint::CMS_scale_muon_2017_Pdf "CMS_scale_muon_2017_Pdf"
    (0x8a23710,V-) SimpleGaussianConstraint::CMS_scale_electron_2017_Pdf "CMS_scale_electron_2017_Pdf"
    (0x89f88d0,V-) SimpleGaussianConstraint::CMS_scale_met_2017_Pdf "CMS_scale_met_2017_Pdf"
    (0x8a6aa40,V-) SimpleGaussianConstraint::CMS_PU_2017_Pdf "CMS_PU_2017_Pdf"
    (0x89686a0,V-) SimpleGaussianConstraint::UE_CP5_Pdf "UE_CP5_Pdf"
    (0x8a7bab0,V-) SimpleGaussianConstraint::QCDscaleAccept_Pdf "QCDscaleAccept_Pdf"
    (0x8a87fb0,V-) SimpleGaussianConstraint::pdfAccept_Pdf "pdfAccept_Pdf"
    (0x8a9bdc0,V-) SimpleGaussianConstraint::CMS_jesFlavorQCD_Pdf "CMS_jesFlavorQCD_Pdf"
    (0x8a2d9f0,V-) SimpleGaussianConstraint::CMS_jesRelativeBal_Pdf "CMS_jesRelativeBal_Pdf"
    (0x3d1e620,V-) SimpleGaussianConstraint::CMS_jesHF_Pdf "CMS_jesHF_Pdf"
    (0x8aa6580,V-) SimpleGaussianConstraint::CMS_jesBBEC1_Pdf "CMS_jesBBEC1_Pdf"
    (0x8b24ac0,V-) SimpleGaussianConstraint::CMS_jesEC2_Pdf "CMS_jesEC2_Pdf"
    (0x8a95b80,V-) SimpleGaussianConstraint::CMS_jesAbsolute_Pdf "CMS_jesAbsolute_Pdf"
    (0x8ac2c10,V-) SimpleGaussianConstraint::CMS_jesAbsolute_2017_Pdf "CMS_jesAbsolute_2017_Pdf"
    (0x8abcea0,V-) SimpleGaussianConstraint::CMS_jesHF_2017_Pdf "CMS_jesHF_2017_Pdf"
    (0x8acf270,V-) SimpleGaussianConstraint::CMS_jesEC2_2017_Pdf "CMS_jesEC2_2017_Pdf"
    (0x8ad2e30,V-) SimpleGaussianConstraint::CMS_jesRelativeSample_2017_Pdf "CMS_jesRelativeSample_2017_Pdf"
    (0x8a08c90,V-) SimpleGaussianConstraint::CMS_jesBBEC1_2017_Pdf "CMS_jesBBEC1_2017_Pdf"
    (0x8ae7540,V-) SimpleGaussianConstraint::CMS_jer_2017_Pdf "CMS_jer_2017_Pdf"
    (0x896b180,V-) SimpleGaussianConstraint::pdf_Higgs_gg_Pdf "pdf_Higgs_gg_Pdf"
    (0x896d750,V-) SimpleGaussianConstraint::QCDscale_Higgs_gg_Pdf "QCDscale_Higgs_gg_Pdf"
    (0x8b16d40,V-) SimpleGaussianConstraint::pdf_Higgs_qqbar_Pdf "pdf_Higgs_qqbar_Pdf"
    (0x8b194c0,V-) SimpleGaussianConstraint::QCDscale_Higgs_qqbar_Pdf "QCDscale_Higgs_qqbar_Pdf"
    (0x8a388b0,V-) SimpleGaussianConstraint::QCDnorm2017_Pdf "QCDnorm2017_Pdf"
    (0x8ba4450,V-) RooUniform::cutBoostedGG1_top_norm2017_Pdf "cutBoostedGG1_top_norm2017_Pdf"
    (0x8bae710,V-) RooUniform::cutBoostedGG0_Wjets_norm2017_Pdf "cutBoostedGG0_Wjets_norm2017_Pdf"
    (0x8bb01f0,V-) RooUniform::cutBoostedGG1_Wjets_norm2017_Pdf "cutBoostedGG1_Wjets_norm2017_Pdf"
    (0x8bb1cf0,V-) RooUniform::cutBoostedVBF_Wjets_norm2017_Pdf "cutBoostedVBF_Wjets_norm2017_Pdf"
    (0x8bb37f0,V-) RooUniform::cutResolvedGG0_Wjets_norm2017_Pdf "cutResolvedGG0_Wjets_norm2017_Pdf"
    (0x8bb52f0,V-) RooUniform::cutResolvedGG1_Wjets_norm2017_Pdf "cutResolvedGG1_Wjets_norm2017_Pdf"
    (0x8b29920,V-) SimpleGaussianConstraint::dynorm2017_Pdf "dynorm2017_Pdf"
    (0x8bb6df0,V-) SimpleGaussianConstraint::MultiVnorm2017_Pdf "MultiVnorm2017_Pdf"
  Proxies: 
    !pdfs -> 
      1)                                                lumi_13TeV_2017_Pdf
      2)                                              lumi_13TeV_XYFact_Pdf
      3)                                              lumi_13TeV_LSCale_Pdf
      4)                                              lumi_13TeV_BBDefl_Pdf
      5)                                             lumi_13TeV_DynBeta_Pdf
      6)                                           lumi_13TeV_CurrCalib_Pdf
      7)                                              lumi_13TeV_Ghosts_Pdf
      8)                                                    CMS_btag_lf_Pdf
      9)                                                    CMS_btag_hf_Pdf
     10)                                         CMS_btag_hfstats1_2017_Pdf
     11)                                         CMS_btag_hfstats2_2017_Pdf
     12)                                         CMS_btag_lfstats1_2017_Pdf
     13)                                         CMS_btag_lfstats2_2017_Pdf
     14)                                                CMS_btag_cferr1_Pdf
     15)                                                CMS_btag_cferr2_Pdf
     16)                                        CMS_eff_hwwtrigger_2017_Pdf
     17)                                         CMS_eff_prefiring_2017_Pdf
     18)                                                 CMS_eff_e_2017_Pdf
     19)                                                 CMS_eff_m_2017_Pdf
     20)                                             CMS_eff_tau21_2017_Pdf
     21)                                                CMS_fatjes_2017_Pdf
     22)                                                CMS_fatjer_2017_Pdf
     23)                                                CMS_fatjms_2017_Pdf
     24)                                                CMS_fatjmr_2017_Pdf
     25)                                            CMS_scale_muon_2017_Pdf
     26)                                        CMS_scale_electron_2017_Pdf
     27)                                             CMS_scale_met_2017_Pdf
     28)                                                    CMS_PU_2017_Pdf
     29)                                                         UE_CP5_Pdf
     30)                                                 QCDscaleAccept_Pdf
     31)                                                      pdfAccept_Pdf
     32)                                               CMS_jesFlavorQCD_Pdf
     33)                                             CMS_jesRelativeBal_Pdf
     34)                                                      CMS_jesHF_Pdf
     35)                                                   CMS_jesBBEC1_Pdf
     36)                                                     CMS_jesEC2_Pdf
     37)                                                CMS_jesAbsolute_Pdf
     38)                                           CMS_jesAbsolute_2017_Pdf
     39)                                                 CMS_jesHF_2017_Pdf
     40)                                                CMS_jesEC2_2017_Pdf
     41)                                     CMS_jesRelativeSample_2017_Pdf
     42)                                              CMS_jesBBEC1_2017_Pdf
     43)                                                   CMS_jer_2017_Pdf
     44)                                                   pdf_Higgs_gg_Pdf
     45)                                              QCDscale_Higgs_gg_Pdf
     46)                                                pdf_Higgs_qqbar_Pdf
     47)                                           QCDscale_Higgs_qqbar_Pdf
     48)                                                    QCDnorm2017_Pdf
     49)                                     cutBoostedGG1_top_norm2017_Pdf
     50)                                   cutBoostedGG0_Wjets_norm2017_Pdf
     51)                                   cutBoostedGG1_Wjets_norm2017_Pdf
     52)                                   cutBoostedVBF_Wjets_norm2017_Pdf
     53)                                  cutResolvedGG0_Wjets_norm2017_Pdf
     54)                                  cutResolvedGG1_Wjets_norm2017_Pdf
     55)                                                     dynorm2017_Pdf
     56)                                                 MultiVnorm2017_Pdf
     57)  pdf_bineleCH__BoostedGGF__SB__METOver40__PtOverM04__UNTAGGED_nuis
     58)   pdfbins_bineleCH__BoostedGGF__SB__METOver40__PtOverM04__UNTAGGED
--- RooAbsReal ---

  Plot label is "pdf_bineleCH__BoostedGGF__SB__METOver40__PtOverM04__UNTAGGED"
--- RooAbsPdf ---
Cached value = 0
DataStore eleCH__BoostedGGF__SB__METOver40__PtOverM04__UNTAGGED (eleCH__BoostedGGF__SB__METOver40__PtOverM04__UNTAGGED)
  Contains 16 entries
  Observables: 
    1)  CMS_th1x = 15.5  L(0 - 16) B(16)  "CMS_th1x"
    2)    weight = 0  L(-1e+09 - 1e+09)  "weight"
  Dataset variable "_weight_" is interpreted as the event weight
 ------------ 
[utils::makePlots] Number of events for pdf in eleCH__BoostedGGF__SB__METOver40__PtOverM04__UNTAGGED_CMS_th1x, pdf pdf_bineleCH__BoostedGGF__SB__METOver40__PtOverM04__UNTAGGED = 14019.9
Error in <TList::Clear>: A list is accessing an object (0x8da5454) already deleted (list name = TList)
Info in <TCanvas::Print>: png file ./eleCH__BoostedGGF__SB__METOver40__PtOverM04__UNTAGGED_CMS_th1x_prefit.png has been created
[WARNING]: Unable to determine uncertainties on all fit parameters in b-only fit. The option --saveWithUncertainties will be ignored as it would lead to incorrect results. Have a look at https://github.com/cms-analysis/HiggsAnalysis-CombinedLimit/wiki/nonstandard#fit-parameter-uncertainties for more information.
 PDF CHECKING 
--- RooAbsArg ---
  Value State: DIRTY
  Shape State: DIRTY
  Attributes:  [SnapShot_ExtRefClone,forceGenBinned] 
  Address: 0x89592e0
  Clients: 
    (0x8d68090,V-) RooSimultaneousOpt::model_b "model_b"
  Servers: 
    (0x89530d0,V-) RooRealSumPdf::pdf_bineleCH__BoostedGGF__SB__METOver40__PtOverM04__UNTAGGED_bonly_nuis ""
    (0x891b790,V-) SimpleGaussianConstraint::lumi_13TeV_2017_Pdf "lumi_13TeV_2017_Pdf"
    (0x8920460,V-) SimpleGaussianConstraint::lumi_13TeV_XYFact_Pdf "lumi_13TeV_XYFact_Pdf"
    (0x89405e0,V-) SimpleGaussianConstraint::lumi_13TeV_LSCale_Pdf "lumi_13TeV_LSCale_Pdf"
    (0x8942a10,V-) SimpleGaussianConstraint::lumi_13TeV_BBDefl_Pdf "lumi_13TeV_BBDefl_Pdf"
    (0x895a2d0,V-) SimpleGaussianConstraint::lumi_13TeV_DynBeta_Pdf "lumi_13TeV_DynBeta_Pdf"
    (0x895c730,V-) SimpleGaussianConstraint::lumi_13TeV_CurrCalib_Pdf "lumi_13TeV_CurrCalib_Pdf"
    (0x89659d0,V-) SimpleGaussianConstraint::lumi_13TeV_Ghosts_Pdf "lumi_13TeV_Ghosts_Pdf"
    (0x8734960,V-) SimpleGaussianConstraint::CMS_btag_lf_Pdf "CMS_btag_lf_Pdf"
    (0x8957cf0,V-) SimpleGaussianConstraint::CMS_btag_hf_Pdf "CMS_btag_hf_Pdf"
    (0x8985cd0,V-) SimpleGaussianConstraint::CMS_btag_hfstats1_2017_Pdf "CMS_btag_hfstats1_2017_Pdf"
    (0x8989b50,V-) SimpleGaussianConstraint::CMS_btag_hfstats2_2017_Pdf "CMS_btag_hfstats2_2017_Pdf"
    (0x8981e60,V-) SimpleGaussianConstraint::CMS_btag_lfstats1_2017_Pdf "CMS_btag_lfstats1_2017_Pdf"
    (0x898d9d0,V-) SimpleGaussianConstraint::CMS_btag_lfstats2_2017_Pdf "CMS_btag_lfstats2_2017_Pdf"
    (0x89917f0,V-) SimpleGaussianConstraint::CMS_btag_cferr1_Pdf "CMS_btag_cferr1_Pdf"
    (0x89955e0,V-) SimpleGaussianConstraint::CMS_btag_cferr2_Pdf "CMS_btag_cferr2_Pdf"
    (0x8999430,V-) SimpleGaussianConstraint::CMS_eff_hwwtrigger_2017_Pdf "CMS_eff_hwwtrigger_2017_Pdf"
    (0x89a12e0,V-) SimpleGaussianConstraint::CMS_eff_prefiring_2017_Pdf "CMS_eff_prefiring_2017_Pdf"
    (0x89a5100,V-) SimpleGaussianConstraint::CMS_eff_e_2017_Pdf "CMS_eff_e_2017_Pdf"
    (0x89c0030,V-) SimpleGaussianConstraint::CMS_eff_m_2017_Pdf "CMS_eff_m_2017_Pdf"
    (0x89e3350,V-) SimpleGaussianConstraint::CMS_eff_tau21_2017_Pdf "CMS_eff_tau21_2017_Pdf"
    (0x8b60cb0,V-) SimpleGaussianConstraint::CMS_fatjes_2017_Pdf "CMS_fatjes_2017_Pdf"
    (0x8b63410,V-) SimpleGaussianConstraint::CMS_fatjer_2017_Pdf "CMS_fatjer_2017_Pdf"
    (0x8b65b70,V-) SimpleGaussianConstraint::CMS_fatjms_2017_Pdf "CMS_fatjms_2017_Pdf"
    (0x8b682d0,V-) SimpleGaussianConstraint::CMS_fatjmr_2017_Pdf "CMS_fatjmr_2017_Pdf"
    (0x8b6aa50,V-) SimpleGaussianConstraint::CMS_scale_muon_2017_Pdf "CMS_scale_muon_2017_Pdf"
    (0x8a23710,V-) SimpleGaussianConstraint::CMS_scale_electron_2017_Pdf "CMS_scale_electron_2017_Pdf"
    (0x89f88d0,V-) SimpleGaussianConstraint::CMS_scale_met_2017_Pdf "CMS_scale_met_2017_Pdf"
    (0x8a6aa40,V-) SimpleGaussianConstraint::CMS_PU_2017_Pdf "CMS_PU_2017_Pdf"
    (0x89686a0,V-) SimpleGaussianConstraint::UE_CP5_Pdf "UE_CP5_Pdf"
    (0x8a7bab0,V-) SimpleGaussianConstraint::QCDscaleAccept_Pdf "QCDscaleAccept_Pdf"
    (0x8a87fb0,V-) SimpleGaussianConstraint::pdfAccept_Pdf "pdfAccept_Pdf"
    (0x8a9bdc0,V-) SimpleGaussianConstraint::CMS_jesFlavorQCD_Pdf "CMS_jesFlavorQCD_Pdf"
    (0x8a2d9f0,V-) SimpleGaussianConstraint::CMS_jesRelativeBal_Pdf "CMS_jesRelativeBal_Pdf"
    (0x3d1e620,V-) SimpleGaussianConstraint::CMS_jesHF_Pdf "CMS_jesHF_Pdf"
    (0x8aa6580,V-) SimpleGaussianConstraint::CMS_jesBBEC1_Pdf "CMS_jesBBEC1_Pdf"
    (0x8b24ac0,V-) SimpleGaussianConstraint::CMS_jesEC2_Pdf "CMS_jesEC2_Pdf"
    (0x8a95b80,V-) SimpleGaussianConstraint::CMS_jesAbsolute_Pdf "CMS_jesAbsolute_Pdf"
    (0x8ac2c10,V-) SimpleGaussianConstraint::CMS_jesAbsolute_2017_Pdf "CMS_jesAbsolute_2017_Pdf"
    (0x8abcea0,V-) SimpleGaussianConstraint::CMS_jesHF_2017_Pdf "CMS_jesHF_2017_Pdf"
    (0x8acf270,V-) SimpleGaussianConstraint::CMS_jesEC2_2017_Pdf "CMS_jesEC2_2017_Pdf"
    (0x8ad2e30,V-) SimpleGaussianConstraint::CMS_jesRelativeSample_2017_Pdf "CMS_jesRelativeSample_2017_Pdf"
    (0x8a08c90,V-) SimpleGaussianConstraint::CMS_jesBBEC1_2017_Pdf "CMS_jesBBEC1_2017_Pdf"
    (0x8ae7540,V-) SimpleGaussianConstraint::CMS_jer_2017_Pdf "CMS_jer_2017_Pdf"
    (0x896b180,V-) SimpleGaussianConstraint::pdf_Higgs_gg_Pdf "pdf_Higgs_gg_Pdf"
    (0x896d750,V-) SimpleGaussianConstraint::QCDscale_Higgs_gg_Pdf "QCDscale_Higgs_gg_Pdf"
    (0x8b16d40,V-) SimpleGaussianConstraint::pdf_Higgs_qqbar_Pdf "pdf_Higgs_qqbar_Pdf"
    (0x8b194c0,V-) SimpleGaussianConstraint::QCDscale_Higgs_qqbar_Pdf "QCDscale_Higgs_qqbar_Pdf"
    (0x8a388b0,V-) SimpleGaussianConstraint::QCDnorm2017_Pdf "QCDnorm2017_Pdf"
    (0x8ba4450,V-) RooUniform::cutBoostedGG1_top_norm2017_Pdf "cutBoostedGG1_top_norm2017_Pdf"
    (0x8bae710,V-) RooUniform::cutBoostedGG0_Wjets_norm2017_Pdf "cutBoostedGG0_Wjets_norm2017_Pdf"
    (0x8bb01f0,V-) RooUniform::cutBoostedGG1_Wjets_norm2017_Pdf "cutBoostedGG1_Wjets_norm2017_Pdf"
    (0x8bb1cf0,V-) RooUniform::cutBoostedVBF_Wjets_norm2017_Pdf "cutBoostedVBF_Wjets_norm2017_Pdf"
    (0x8bb37f0,V-) RooUniform::cutResolvedGG0_Wjets_norm2017_Pdf "cutResolvedGG0_Wjets_norm2017_Pdf"
    (0x8bb52f0,V-) RooUniform::cutResolvedGG1_Wjets_norm2017_Pdf "cutResolvedGG1_Wjets_norm2017_Pdf"
    (0x8b29920,V-) SimpleGaussianConstraint::dynorm2017_Pdf "dynorm2017_Pdf"
    (0x8bb6df0,V-) SimpleGaussianConstraint::MultiVnorm2017_Pdf "MultiVnorm2017_Pdf"
    (0x8bb94d0,V-) RooProdPdf::pdfbins_bineleCH__BoostedGGF__SB__METOver40__PtOverM04__UNTAGGED ""
  Proxies: 
    !pdfs -> 
      1)                                                      lumi_13TeV_2017_Pdf
      2)                                                    lumi_13TeV_XYFact_Pdf
      3)                                                    lumi_13TeV_LSCale_Pdf
      4)                                                    lumi_13TeV_BBDefl_Pdf
      5)                                                   lumi_13TeV_DynBeta_Pdf
      6)                                                 lumi_13TeV_CurrCalib_Pdf
      7)                                                    lumi_13TeV_Ghosts_Pdf
      8)                                                          CMS_btag_lf_Pdf
      9)                                                          CMS_btag_hf_Pdf
     10)                                               CMS_btag_hfstats1_2017_Pdf
     11)                                               CMS_btag_hfstats2_2017_Pdf
     12)                                               CMS_btag_lfstats1_2017_Pdf
     13)                                               CMS_btag_lfstats2_2017_Pdf
     14)                                                      CMS_btag_cferr1_Pdf
     15)                                                      CMS_btag_cferr2_Pdf
     16)                                              CMS_eff_hwwtrigger_2017_Pdf
     17)                                               CMS_eff_prefiring_2017_Pdf
     18)                                                       CMS_eff_e_2017_Pdf
     19)                                                       CMS_eff_m_2017_Pdf
     20)                                                   CMS_eff_tau21_2017_Pdf
     21)                                                      CMS_fatjes_2017_Pdf
     22)                                                      CMS_fatjer_2017_Pdf
     23)                                                      CMS_fatjms_2017_Pdf
     24)                                                      CMS_fatjmr_2017_Pdf
     25)                                                  CMS_scale_muon_2017_Pdf
     26)                                              CMS_scale_electron_2017_Pdf
     27)                                                   CMS_scale_met_2017_Pdf
     28)                                                          CMS_PU_2017_Pdf
     29)                                                               UE_CP5_Pdf
     30)                                                       QCDscaleAccept_Pdf
     31)                                                            pdfAccept_Pdf
     32)                                                     CMS_jesFlavorQCD_Pdf
     33)                                                   CMS_jesRelativeBal_Pdf
     34)                                                            CMS_jesHF_Pdf
     35)                                                         CMS_jesBBEC1_Pdf
     36)                                                           CMS_jesEC2_Pdf
     37)                                                      CMS_jesAbsolute_Pdf
     38)                                                 CMS_jesAbsolute_2017_Pdf
     39)                                                       CMS_jesHF_2017_Pdf
     40)                                                      CMS_jesEC2_2017_Pdf
     41)                                           CMS_jesRelativeSample_2017_Pdf
     42)                                                    CMS_jesBBEC1_2017_Pdf
     43)                                                         CMS_jer_2017_Pdf
     44)                                                         pdf_Higgs_gg_Pdf
     45)                                                    QCDscale_Higgs_gg_Pdf
     46)                                                      pdf_Higgs_qqbar_Pdf
     47)                                                 QCDscale_Higgs_qqbar_Pdf
     48)                                                          QCDnorm2017_Pdf
     49)                                           cutBoostedGG1_top_norm2017_Pdf
     50)                                         cutBoostedGG0_Wjets_norm2017_Pdf
     51)                                         cutBoostedGG1_Wjets_norm2017_Pdf
     52)                                         cutBoostedVBF_Wjets_norm2017_Pdf
     53)                                        cutResolvedGG0_Wjets_norm2017_Pdf
     54)                                        cutResolvedGG1_Wjets_norm2017_Pdf
     55)                                                           dynorm2017_Pdf
     56)                                                       MultiVnorm2017_Pdf
     57)  pdf_bineleCH__BoostedGGF__SB__METOver40__PtOverM04__UNTAGGED_bonly_nuis
     58)         pdfbins_bineleCH__BoostedGGF__SB__METOver40__PtOverM04__UNTAGGED
--- RooAbsReal ---

  Plot label is "pdf_bineleCH__BoostedGGF__SB__METOver40__PtOverM04__UNTAGGED_bonly"
--- RooAbsPdf ---
Cached value = 0
DataStore eleCH__BoostedGGF__SB__METOver40__PtOverM04__UNTAGGED (eleCH__BoostedGGF__SB__METOver40__PtOverM04__UNTAGGED)
  Contains 16 entries
  Observables: 
    1)  CMS_th1x = 15.5  L(0 - 16) B(16)  "CMS_th1x"
    2)    weight = 0  L(-1e+09 - 1e+09)  "weight"
  Dataset variable "_weight_" is interpreted as the event weight
 ------------ 
[utils::makePlots] Number of events for pdf in eleCH__BoostedGGF__SB__METOver40__PtOverM04__UNTAGGED_CMS_th1x, pdf pdf_bineleCH__BoostedGGF__SB__METOver40__PtOverM04__UNTAGGED_bonly = 12742.6
Error in <TList::Clear>: A list is accessing an object (0x8da59a4) already deleted (list name = TList)
Info in <TCanvas::Print>: png file ./eleCH__BoostedGGF__SB__METOver40__PtOverM04__UNTAGGED_CMS_th1x_fit_b.png has been created
Info in <TCanvas::Print>: png file ./covariance_fit_b.png has been created

 --- FitDiagnostics ---
Fit failed.
Done in 0.63 min (cpu), 0.64 min (real)
