Info in <TUnixSystem::ACLiC>: creating shared library /cms/ldap_home/jhchoi/HWW_Analysis/slc7/v1/CMSSW_10_2_14/src/LatinoAnalysis/Gardener/python/variables/melaReweighterWW_C.so
In file included from input_line_12:9:
/cms/ldap_home/jhchoi/HWW_Analysis/slc7/v1/CMSSW_10_2_14/src/LatinoAnalysis/Gardener/python/variables/melaReweighterWW.C:19:10: fatal error: 'ZZMatrixElement/MELA/interface/Mela.h' file not found
#include <ZZMatrixElement/MELA/interface/Mela.h>
         ^~~~~~~~~~~~~~~~~~~~~~~~~~~~~~~~~~~~~~~
Error in <ACLiC>: Dictionary generation failed!
cp: missing destination file operand after '/cms/ldap_home/jhchoi/.proxy'
Try 'cp --help' for more information.

--------------------------------------------------------------------------------------------
   _  __                 ___           __    ___                           _          
  / |/ /__ ____  ___    / _ \___  ___ / /_  / _ \_______  _______ ___ ___ (_)__  ___ _
 /    / _ `/ _ \/ _ \  / ___/ _ \(_-</ __/ / ___/ __/ _ \/ __/ -_|_-<(_-</ / _ \/ _ `/
/_/|_/\_,_/_//_/\___/ /_/   \___/___/\__/ /_/  /_/  \___/\__/\__/___/___/_/_//_/\_, / 
                                                                               /___/  
--------------------------------------------------------------------------------------------

 Productions :  ['Fall2017_102X_nAODv4_Full2017v4']
 Steps       :  ['MCl1loose2017v2']
_LocalSite  =  sdfarm
_TargetSite =  None
----------- Running on production: Fall2017_102X_nAODv4_Full2017v4
---------------- for Step :  MCl1loose2017v2
INFO: Using Local Batch
/cms/ldap_home/jhchoi/HWW_Analysis/slc7/v1/CMSSW_10_2_14/src/jhchoi_workdir/jobs//NanoGardening__Fall2017_102X_nAODv4_Full2017v4/NanoGardening__Fall2017_102X_nAODv4_Full2017v4__MCl1loose2017v2__QCD_Pt-170to300_MuEnrichedPt5__part25
Submit NanoGardening__Fall2017_102X_nAODv4_Full2017v4__MCl1loose2017v2__QCD_Pt-170to300_MuEnrichedPt5__part25  on  8nh
/cms/ldap_home/jhchoi/HWW_Analysis/slc7/v1/CMSSW_10_2_14/src/jhchoi_workdir/jobs//NanoGardening__Fall2017_102X_nAODv4_Full2017v4/NanoGardening__Fall2017_102X_nAODv4_Full2017v4__MCl1loose2017v2__QCD_Pt-170to300_MuEnrichedPt5__part29
Submit NanoGardening__Fall2017_102X_nAODv4_Full2017v4__MCl1loose2017v2__QCD_Pt-170to300_MuEnrichedPt5__part29  on  8nh
/cms/ldap_home/jhchoi/HWW_Analysis/slc7/v1/CMSSW_10_2_14/src/jhchoi_workdir/jobs//NanoGardening__Fall2017_102X_nAODv4_Full2017v4/NanoGardening__Fall2017_102X_nAODv4_Full2017v4__MCl1loose2017v2__QCD_Pt-170to300_MuEnrichedPt5__part4
Submit NanoGardening__Fall2017_102X_nAODv4_Full2017v4__MCl1loose2017v2__QCD_Pt-170to300_MuEnrichedPt5__part4  on  8nh
/cms/ldap_home/jhchoi/HWW_Analysis/slc7/v1/CMSSW_10_2_14/src/jhchoi_workdir/jobs//NanoGardening__Fall2017_102X_nAODv4_Full2017v4/NanoGardening__Fall2017_102X_nAODv4_Full2017v4__MCl1loose2017v2__QCD_Pt-170to300_MuEnrichedPt5__part28
Submit NanoGardening__Fall2017_102X_nAODv4_Full2017v4__MCl1loose2017v2__QCD_Pt-170to300_MuEnrichedPt5__part28  on  8nh
/cms/ldap_home/jhchoi/HWW_Analysis/slc7/v1/CMSSW_10_2_14/src/jhchoi_workdir/jobs//NanoGardening__Fall2017_102X_nAODv4_Full2017v4/NanoGardening__Fall2017_102X_nAODv4_Full2017v4__MCl1loose2017v2__QCD_Pt-170to300_MuEnrichedPt5__part12
Submit NanoGardening__Fall2017_102X_nAODv4_Full2017v4__MCl1loose2017v2__QCD_Pt-170to300_MuEnrichedPt5__part12  on  8nh
/cms/ldap_home/jhchoi/HWW_Analysis/slc7/v1/CMSSW_10_2_14/src/jhchoi_workdir/jobs//NanoGardening__Fall2017_102X_nAODv4_Full2017v4/NanoGardening__Fall2017_102X_nAODv4_Full2017v4__MCl1loose2017v2__QCD_Pt-170to300_MuEnrichedPt5__part14
Submit NanoGardening__Fall2017_102X_nAODv4_Full2017v4__MCl1loose2017v2__QCD_Pt-170to300_MuEnrichedPt5__part14  on  8nh
/cms/ldap_home/jhchoi/HWW_Analysis/slc7/v1/CMSSW_10_2_14/src/jhchoi_workdir/jobs//NanoGardening__Fall2017_102X_nAODv4_Full2017v4/NanoGardening__Fall2017_102X_nAODv4_Full2017v4__MCl1loose2017v2__QCD_Pt-170to300_MuEnrichedPt5__part21
Submit NanoGardening__Fall2017_102X_nAODv4_Full2017v4__MCl1loose2017v2__QCD_Pt-170to300_MuEnrichedPt5__part21  on  8nh
/cms/ldap_home/jhchoi/HWW_Analysis/slc7/v1/CMSSW_10_2_14/src/jhchoi_workdir/jobs//NanoGardening__Fall2017_102X_nAODv4_Full2017v4/NanoGardening__Fall2017_102X_nAODv4_Full2017v4__MCl1loose2017v2__QCD_Pt-170to300_MuEnrichedPt5__part11
Submit NanoGardening__Fall2017_102X_nAODv4_Full2017v4__MCl1loose2017v2__QCD_Pt-170to300_MuEnrichedPt5__part11  on  8nh
/cms/ldap_home/jhchoi/HWW_Analysis/slc7/v1/CMSSW_10_2_14/src/jhchoi_workdir/jobs//NanoGardening__Fall2017_102X_nAODv4_Full2017v4/NanoGardening__Fall2017_102X_nAODv4_Full2017v4__MCl1loose2017v2__QCD_Pt-170to300_MuEnrichedPt5__part20
Submit NanoGardening__Fall2017_102X_nAODv4_Full2017v4__MCl1loose2017v2__QCD_Pt-170to300_MuEnrichedPt5__part20  on  8nh
/cms/ldap_home/jhchoi/HWW_Analysis/slc7/v1/CMSSW_10_2_14/src/jhchoi_workdir/jobs//NanoGardening__Fall2017_102X_nAODv4_Full2017v4/NanoGardening__Fall2017_102X_nAODv4_Full2017v4__MCl1loose2017v2__QCD_Pt-170to300_MuEnrichedPt5__part17
Submit NanoGardening__Fall2017_102X_nAODv4_Full2017v4__MCl1loose2017v2__QCD_Pt-170to300_MuEnrichedPt5__part17  on  8nh
/cms/ldap_home/jhchoi/HWW_Analysis/slc7/v1/CMSSW_10_2_14/src/jhchoi_workdir/jobs//NanoGardening__Fall2017_102X_nAODv4_Full2017v4/NanoGardening__Fall2017_102X_nAODv4_Full2017v4__MCl1loose2017v2__QCD_Pt-170to300_MuEnrichedPt5__part19
Submit NanoGardening__Fall2017_102X_nAODv4_Full2017v4__MCl1loose2017v2__QCD_Pt-170to300_MuEnrichedPt5__part19  on  8nh
/cms/ldap_home/jhchoi/HWW_Analysis/slc7/v1/CMSSW_10_2_14/src/jhchoi_workdir/jobs//NanoGardening__Fall2017_102X_nAODv4_Full2017v4/NanoGardening__Fall2017_102X_nAODv4_Full2017v4__MCl1loose2017v2__QCD_Pt-170to300_MuEnrichedPt5__part5
Submit NanoGardening__Fall2017_102X_nAODv4_Full2017v4__MCl1loose2017v2__QCD_Pt-170to300_MuEnrichedPt5__part5  on  8nh
/cms/ldap_home/jhchoi/HWW_Analysis/slc7/v1/CMSSW_10_2_14/src/jhchoi_workdir/jobs//NanoGardening__Fall2017_102X_nAODv4_Full2017v4/NanoGardening__Fall2017_102X_nAODv4_Full2017v4__MCl1loose2017v2__QCD_Pt-170to300_MuEnrichedPt5__part7
Submit NanoGardening__Fall2017_102X_nAODv4_Full2017v4__MCl1loose2017v2__QCD_Pt-170to300_MuEnrichedPt5__part7  on  8nh
/cms/ldap_home/jhchoi/HWW_Analysis/slc7/v1/CMSSW_10_2_14/src/jhchoi_workdir/jobs//NanoGardening__Fall2017_102X_nAODv4_Full2017v4/NanoGardening__Fall2017_102X_nAODv4_Full2017v4__MCl1loose2017v2__QCD_Pt-170to300_MuEnrichedPt5__part26
Submit NanoGardening__Fall2017_102X_nAODv4_Full2017v4__MCl1loose2017v2__QCD_Pt-170to300_MuEnrichedPt5__part26  on  8nh
/cms/ldap_home/jhchoi/HWW_Analysis/slc7/v1/CMSSW_10_2_14/src/jhchoi_workdir/jobs//NanoGardening__Fall2017_102X_nAODv4_Full2017v4/NanoGardening__Fall2017_102X_nAODv4_Full2017v4__MCl1loose2017v2__QCD_Pt-170to300_MuEnrichedPt5__part18
Submit NanoGardening__Fall2017_102X_nAODv4_Full2017v4__MCl1loose2017v2__QCD_Pt-170to300_MuEnrichedPt5__part18  on  8nh
/cms/ldap_home/jhchoi/HWW_Analysis/slc7/v1/CMSSW_10_2_14/src/jhchoi_workdir/jobs//NanoGardening__Fall2017_102X_nAODv4_Full2017v4/NanoGardening__Fall2017_102X_nAODv4_Full2017v4__MCl1loose2017v2__QCD_Pt-170to300_MuEnrichedPt5__part24
Submit NanoGardening__Fall2017_102X_nAODv4_Full2017v4__MCl1loose2017v2__QCD_Pt-170to300_MuEnrichedPt5__part24  on  8nh
/cms/ldap_home/jhchoi/HWW_Analysis/slc7/v1/CMSSW_10_2_14/src/jhchoi_workdir/jobs//NanoGardening__Fall2017_102X_nAODv4_Full2017v4/NanoGardening__Fall2017_102X_nAODv4_Full2017v4__MCl1loose2017v2__QCD_Pt-170to300_MuEnrichedPt5__part16
Submit NanoGardening__Fall2017_102X_nAODv4_Full2017v4__MCl1loose2017v2__QCD_Pt-170to300_MuEnrichedPt5__part16  on  8nh
/cms/ldap_home/jhchoi/HWW_Analysis/slc7/v1/CMSSW_10_2_14/src/jhchoi_workdir/jobs//NanoGardening__Fall2017_102X_nAODv4_Full2017v4/NanoGardening__Fall2017_102X_nAODv4_Full2017v4__MCl1loose2017v2__QCD_Pt-170to300_MuEnrichedPt5__part22
Submit NanoGardening__Fall2017_102X_nAODv4_Full2017v4__MCl1loose2017v2__QCD_Pt-170to300_MuEnrichedPt5__part22  on  8nh
/cms/ldap_home/jhchoi/HWW_Analysis/slc7/v1/CMSSW_10_2_14/src/jhchoi_workdir/jobs//NanoGardening__Fall2017_102X_nAODv4_Full2017v4/NanoGardening__Fall2017_102X_nAODv4_Full2017v4__MCl1loose2017v2__QCD_Pt-170to300_MuEnrichedPt5__part27
Submit NanoGardening__Fall2017_102X_nAODv4_Full2017v4__MCl1loose2017v2__QCD_Pt-170to300_MuEnrichedPt5__part27  on  8nh
/cms/ldap_home/jhchoi/HWW_Analysis/slc7/v1/CMSSW_10_2_14/src/jhchoi_workdir/jobs//NanoGardening__Fall2017_102X_nAODv4_Full2017v4/NanoGardening__Fall2017_102X_nAODv4_Full2017v4__MCl1loose2017v2__QCD_Pt-170to300_MuEnrichedPt5__part23
Submit NanoGardening__Fall2017_102X_nAODv4_Full2017v4__MCl1loose2017v2__QCD_Pt-170to300_MuEnrichedPt5__part23  on  8nh
/cms/ldap_home/jhchoi/HWW_Analysis/slc7/v1/CMSSW_10_2_14/src/jhchoi_workdir/jobs//NanoGardening__Fall2017_102X_nAODv4_Full2017v4/NanoGardening__Fall2017_102X_nAODv4_Full2017v4__MCl1loose2017v2__QCD_Pt-170to300_MuEnrichedPt5__part9
Submit NanoGardening__Fall2017_102X_nAODv4_Full2017v4__MCl1loose2017v2__QCD_Pt-170to300_MuEnrichedPt5__part9  on  8nh
/cms/ldap_home/jhchoi/HWW_Analysis/slc7/v1/CMSSW_10_2_14/src/jhchoi_workdir/jobs//NanoGardening__Fall2017_102X_nAODv4_Full2017v4/NanoGardening__Fall2017_102X_nAODv4_Full2017v4__MCl1loose2017v2__TTZjets_ext1__part1
Submit NanoGardening__Fall2017_102X_nAODv4_Full2017v4__MCl1loose2017v2__TTZjets_ext1__part1  on  8nh
/cms/ldap_home/jhchoi/HWW_Analysis/slc7/v1/CMSSW_10_2_14/src/jhchoi_workdir/jobs//NanoGardening__Fall2017_102X_nAODv4_Full2017v4/NanoGardening__Fall2017_102X_nAODv4_Full2017v4__MCl1loose2017v2__TTZjets_ext1__part8
Submit NanoGardening__Fall2017_102X_nAODv4_Full2017v4__MCl1loose2017v2__TTZjets_ext1__part8  on  8nh
/cms/ldap_home/jhchoi/HWW_Analysis/slc7/v1/CMSSW_10_2_14/src/jhchoi_workdir/jobs//NanoGardening__Fall2017_102X_nAODv4_Full2017v4/NanoGardening__Fall2017_102X_nAODv4_Full2017v4__MCl1loose2017v2__TTZjets_ext1__part0
Submit NanoGardening__Fall2017_102X_nAODv4_Full2017v4__MCl1loose2017v2__TTZjets_ext1__part0  on  8nh
/cms/ldap_home/jhchoi/HWW_Analysis/slc7/v1/CMSSW_10_2_14/src/jhchoi_workdir/jobs//NanoGardening__Fall2017_102X_nAODv4_Full2017v4/NanoGardening__Fall2017_102X_nAODv4_Full2017v4__MCl1loose2017v2__TTZjets_ext1__part2
Submit NanoGardening__Fall2017_102X_nAODv4_Full2017v4__MCl1loose2017v2__TTZjets_ext1__part2  on  8nh
/cms/ldap_home/jhchoi/HWW_Analysis/slc7/v1/CMSSW_10_2_14/src/jhchoi_workdir/jobs//NanoGardening__Fall2017_102X_nAODv4_Full2017v4/NanoGardening__Fall2017_102X_nAODv4_Full2017v4__MCl1loose2017v2__TTZjets_ext1__part4
Submit NanoGardening__Fall2017_102X_nAODv4_Full2017v4__MCl1loose2017v2__TTZjets_ext1__part4  on  8nh
/cms/ldap_home/jhchoi/HWW_Analysis/slc7/v1/CMSSW_10_2_14/src/jhchoi_workdir/jobs//NanoGardening__Fall2017_102X_nAODv4_Full2017v4/NanoGardening__Fall2017_102X_nAODv4_Full2017v4__MCl1loose2017v2__TTZjets_ext1__part3
Submit NanoGardening__Fall2017_102X_nAODv4_Full2017v4__MCl1loose2017v2__TTZjets_ext1__part3  on  8nh
/cms/ldap_home/jhchoi/HWW_Analysis/slc7/v1/CMSSW_10_2_14/src/jhchoi_workdir/jobs//NanoGardening__Fall2017_102X_nAODv4_Full2017v4/NanoGardening__Fall2017_102X_nAODv4_Full2017v4__MCl1loose2017v2__TTZjets_ext1__part5
Submit NanoGardening__Fall2017_102X_nAODv4_Full2017v4__MCl1loose2017v2__TTZjets_ext1__part5  on  8nh
/cms/ldap_home/jhchoi/HWW_Analysis/slc7/v1/CMSSW_10_2_14/src/jhchoi_workdir/jobs//NanoGardening__Fall2017_102X_nAODv4_Full2017v4/NanoGardening__Fall2017_102X_nAODv4_Full2017v4__MCl1loose2017v2__TTZjets_ext1__part7
Submit NanoGardening__Fall2017_102X_nAODv4_Full2017v4__MCl1loose2017v2__TTZjets_ext1__part7  on  8nh
/cms/ldap_home/jhchoi/HWW_Analysis/slc7/v1/CMSSW_10_2_14/src/jhchoi_workdir/jobs//NanoGardening__Fall2017_102X_nAODv4_Full2017v4/NanoGardening__Fall2017_102X_nAODv4_Full2017v4__MCl1loose2017v2__TTZjets_ext1__part6
Submit NanoGardening__Fall2017_102X_nAODv4_Full2017v4__MCl1loose2017v2__TTZjets_ext1__part6  on  8nh
/cms/ldap_home/jhchoi/HWW_Analysis/slc7/v1/CMSSW_10_2_14/src/jhchoi_workdir/jobs//NanoGardening__Fall2017_102X_nAODv4_Full2017v4/NanoGardening__Fall2017_102X_nAODv4_Full2017v4__MCl1loose2017v2__WJetsToLNu_HT1200_2500__part15
Submit NanoGardening__Fall2017_102X_nAODv4_Full2017v4__MCl1loose2017v2__WJetsToLNu_HT1200_2500__part15  on  8nh
/cms/ldap_home/jhchoi/HWW_Analysis/slc7/v1/CMSSW_10_2_14/src/jhchoi_workdir/jobs//NanoGardening__Fall2017_102X_nAODv4_Full2017v4/NanoGardening__Fall2017_102X_nAODv4_Full2017v4__MCl1loose2017v2__WJetsToLNu_HT100_200__part4
Submit NanoGardening__Fall2017_102X_nAODv4_Full2017v4__MCl1loose2017v2__WJetsToLNu_HT100_200__part4  on  8nh
/cms/ldap_home/jhchoi/HWW_Analysis/slc7/v1/CMSSW_10_2_14/src/jhchoi_workdir/jobs//NanoGardening__Fall2017_102X_nAODv4_Full2017v4/NanoGardening__Fall2017_102X_nAODv4_Full2017v4__MCl1loose2017v2__WJetsToLNu_HT100_200__part10
Submit NanoGardening__Fall2017_102X_nAODv4_Full2017v4__MCl1loose2017v2__WJetsToLNu_HT100_200__part10  on  8nh
/cms/ldap_home/jhchoi/HWW_Analysis/slc7/v1/CMSSW_10_2_14/src/jhchoi_workdir/jobs//NanoGardening__Fall2017_102X_nAODv4_Full2017v4/NanoGardening__Fall2017_102X_nAODv4_Full2017v4__MCl1loose2017v2__WJetsToLNu_HT100_200__part8
Submit NanoGardening__Fall2017_102X_nAODv4_Full2017v4__MCl1loose2017v2__WJetsToLNu_HT100_200__part8  on  8nh
/cms/ldap_home/jhchoi/HWW_Analysis/slc7/v1/CMSSW_10_2_14/src/jhchoi_workdir/jobs//NanoGardening__Fall2017_102X_nAODv4_Full2017v4/NanoGardening__Fall2017_102X_nAODv4_Full2017v4__MCl1loose2017v2__WJetsToLNu_HT100_200__part11
Submit NanoGardening__Fall2017_102X_nAODv4_Full2017v4__MCl1loose2017v2__WJetsToLNu_HT100_200__part11  on  8nh
/cms/ldap_home/jhchoi/HWW_Analysis/slc7/v1/CMSSW_10_2_14/src/jhchoi_workdir/jobs//NanoGardening__Fall2017_102X_nAODv4_Full2017v4/NanoGardening__Fall2017_102X_nAODv4_Full2017v4__MCl1loose2017v2__GluGluHToWWToLNuQQ_M2500__part0
Submit NanoGardening__Fall2017_102X_nAODv4_Full2017v4__MCl1loose2017v2__GluGluHToWWToLNuQQ_M2500__part0  on  8nh
/cms/ldap_home/jhchoi/HWW_Analysis/slc7/v1/CMSSW_10_2_14/src/jhchoi_workdir/jobs//NanoGardening__Fall2017_102X_nAODv4_Full2017v4/NanoGardening__Fall2017_102X_nAODv4_Full2017v4__MCl1loose2017v2__DYJetsToLL_M-50__part2
Submit NanoGardening__Fall2017_102X_nAODv4_Full2017v4__MCl1loose2017v2__DYJetsToLL_M-50__part2  on  8nh
/cms/ldap_home/jhchoi/HWW_Analysis/slc7/v1/CMSSW_10_2_14/src/jhchoi_workdir/jobs//NanoGardening__Fall2017_102X_nAODv4_Full2017v4/NanoGardening__Fall2017_102X_nAODv4_Full2017v4__MCl1loose2017v2__DYJetsToLL_M-50__part3
Submit NanoGardening__Fall2017_102X_nAODv4_Full2017v4__MCl1loose2017v2__DYJetsToLL_M-50__part3  on  8nh
/cms/ldap_home/jhchoi/HWW_Analysis/slc7/v1/CMSSW_10_2_14/src/jhchoi_workdir/jobs//NanoGardening__Fall2017_102X_nAODv4_Full2017v4/NanoGardening__Fall2017_102X_nAODv4_Full2017v4__MCl1loose2017v2__DYJetsToLL_M-50__part5
Submit NanoGardening__Fall2017_102X_nAODv4_Full2017v4__MCl1loose2017v2__DYJetsToLL_M-50__part5  on  8nh
/cms/ldap_home/jhchoi/HWW_Analysis/slc7/v1/CMSSW_10_2_14/src/jhchoi_workdir/jobs//NanoGardening__Fall2017_102X_nAODv4_Full2017v4/NanoGardening__Fall2017_102X_nAODv4_Full2017v4__MCl1loose2017v2__DYJetsToLL_M-50__part14
Submit NanoGardening__Fall2017_102X_nAODv4_Full2017v4__MCl1loose2017v2__DYJetsToLL_M-50__part14  on  8nh
/cms/ldap_home/jhchoi/HWW_Analysis/slc7/v1/CMSSW_10_2_14/src/jhchoi_workdir/jobs//NanoGardening__Fall2017_102X_nAODv4_Full2017v4/NanoGardening__Fall2017_102X_nAODv4_Full2017v4__MCl1loose2017v2__WJetsToLNu_HT400_600__part2
Submit NanoGardening__Fall2017_102X_nAODv4_Full2017v4__MCl1loose2017v2__WJetsToLNu_HT400_600__part2  on  8nh
/cms/ldap_home/jhchoi/HWW_Analysis/slc7/v1/CMSSW_10_2_14/src/jhchoi_workdir/jobs//NanoGardening__Fall2017_102X_nAODv4_Full2017v4/NanoGardening__Fall2017_102X_nAODv4_Full2017v4__MCl1loose2017v2__WJetsToLNu_HT200_400__part4
Submit NanoGardening__Fall2017_102X_nAODv4_Full2017v4__MCl1loose2017v2__WJetsToLNu_HT200_400__part4  on  8nh
/cms/ldap_home/jhchoi/HWW_Analysis/slc7/v1/CMSSW_10_2_14/src/jhchoi_workdir/jobs//NanoGardening__Fall2017_102X_nAODv4_Full2017v4/NanoGardening__Fall2017_102X_nAODv4_Full2017v4__MCl1loose2017v2__WJetsToLNu_HT200_400__part6
Submit NanoGardening__Fall2017_102X_nAODv4_Full2017v4__MCl1loose2017v2__WJetsToLNu_HT200_400__part6  on  8nh
/cms/ldap_home/jhchoi/HWW_Analysis/slc7/v1/CMSSW_10_2_14/src/jhchoi_workdir/jobs//NanoGardening__Fall2017_102X_nAODv4_Full2017v4/NanoGardening__Fall2017_102X_nAODv4_Full2017v4__MCl1loose2017v2__GluGluHToWWToLNuQQ_M800__part0
Submit NanoGardening__Fall2017_102X_nAODv4_Full2017v4__MCl1loose2017v2__GluGluHToWWToLNuQQ_M800__part0  on  8nh
/cms/ldap_home/jhchoi/HWW_Analysis/slc7/v1/CMSSW_10_2_14/src/jhchoi_workdir/jobs//NanoGardening__Fall2017_102X_nAODv4_Full2017v4/NanoGardening__Fall2017_102X_nAODv4_Full2017v4__MCl1loose2017v2__QCD_Pt-120to170_MuEnrichedPt5__part11
Submit NanoGardening__Fall2017_102X_nAODv4_Full2017v4__MCl1loose2017v2__QCD_Pt-120to170_MuEnrichedPt5__part11  on  8nh
/cms/ldap_home/jhchoi/HWW_Analysis/slc7/v1/CMSSW_10_2_14/src/jhchoi_workdir/jobs//NanoGardening__Fall2017_102X_nAODv4_Full2017v4/NanoGardening__Fall2017_102X_nAODv4_Full2017v4__MCl1loose2017v2__QCD_Pt-120to170_MuEnrichedPt5__part12
Submit NanoGardening__Fall2017_102X_nAODv4_Full2017v4__MCl1loose2017v2__QCD_Pt-120to170_MuEnrichedPt5__part12  on  8nh
/cms/ldap_home/jhchoi/HWW_Analysis/slc7/v1/CMSSW_10_2_14/src/jhchoi_workdir/jobs//NanoGardening__Fall2017_102X_nAODv4_Full2017v4/NanoGardening__Fall2017_102X_nAODv4_Full2017v4__MCl1loose2017v2__GluGluHToWWToLNuQQ_M1500__part0
Submit NanoGardening__Fall2017_102X_nAODv4_Full2017v4__MCl1loose2017v2__GluGluHToWWToLNuQQ_M1500__part0  on  8nh
/cms/ldap_home/jhchoi/HWW_Analysis/slc7/v1/CMSSW_10_2_14/src/jhchoi_workdir/jobs//NanoGardening__Fall2017_102X_nAODv4_Full2017v4/NanoGardening__Fall2017_102X_nAODv4_Full2017v4__MCl1loose2017v2__GluGluHToWWToLNuQQ_M400__part0
Submit NanoGardening__Fall2017_102X_nAODv4_Full2017v4__MCl1loose2017v2__GluGluHToWWToLNuQQ_M400__part0  on  8nh
/cms/ldap_home/jhchoi/HWW_Analysis/slc7/v1/CMSSW_10_2_14/src/jhchoi_workdir/jobs//NanoGardening__Fall2017_102X_nAODv4_Full2017v4/NanoGardening__Fall2017_102X_nAODv4_Full2017v4__MCl1loose2017v2__TTWjets_ext1__part2
Submit NanoGardening__Fall2017_102X_nAODv4_Full2017v4__MCl1loose2017v2__TTWjets_ext1__part2  on  8nh
/cms/ldap_home/jhchoi/HWW_Analysis/slc7/v1/CMSSW_10_2_14/src/jhchoi_workdir/jobs//NanoGardening__Fall2017_102X_nAODv4_Full2017v4/NanoGardening__Fall2017_102X_nAODv4_Full2017v4__MCl1loose2017v2__TTWjets_ext1__part11
Submit NanoGardening__Fall2017_102X_nAODv4_Full2017v4__MCl1loose2017v2__TTWjets_ext1__part11  on  8nh
/cms/ldap_home/jhchoi/HWW_Analysis/slc7/v1/CMSSW_10_2_14/src/jhchoi_workdir/jobs//NanoGardening__Fall2017_102X_nAODv4_Full2017v4/NanoGardening__Fall2017_102X_nAODv4_Full2017v4__MCl1loose2017v2__TTWjets_ext1__part10
Submit NanoGardening__Fall2017_102X_nAODv4_Full2017v4__MCl1loose2017v2__TTWjets_ext1__part10  on  8nh
/cms/ldap_home/jhchoi/HWW_Analysis/slc7/v1/CMSSW_10_2_14/src/jhchoi_workdir/jobs//NanoGardening__Fall2017_102X_nAODv4_Full2017v4/NanoGardening__Fall2017_102X_nAODv4_Full2017v4__MCl1loose2017v2__TTWjets_ext1__part7
Submit NanoGardening__Fall2017_102X_nAODv4_Full2017v4__MCl1loose2017v2__TTWjets_ext1__part7  on  8nh
/cms/ldap_home/jhchoi/HWW_Analysis/slc7/v1/CMSSW_10_2_14/src/jhchoi_workdir/jobs//NanoGardening__Fall2017_102X_nAODv4_Full2017v4/NanoGardening__Fall2017_102X_nAODv4_Full2017v4__MCl1loose2017v2__TTWjets_ext1__part1
Submit NanoGardening__Fall2017_102X_nAODv4_Full2017v4__MCl1loose2017v2__TTWjets_ext1__part1  on  8nh
/cms/ldap_home/jhchoi/HWW_Analysis/slc7/v1/CMSSW_10_2_14/src/jhchoi_workdir/jobs//NanoGardening__Fall2017_102X_nAODv4_Full2017v4/NanoGardening__Fall2017_102X_nAODv4_Full2017v4__MCl1loose2017v2__TTWjets_ext1__part9
Submit NanoGardening__Fall2017_102X_nAODv4_Full2017v4__MCl1loose2017v2__TTWjets_ext1__part9  on  8nh
/cms/ldap_home/jhchoi/HWW_Analysis/slc7/v1/CMSSW_10_2_14/src/jhchoi_workdir/jobs//NanoGardening__Fall2017_102X_nAODv4_Full2017v4/NanoGardening__Fall2017_102X_nAODv4_Full2017v4__MCl1loose2017v2__TTWjets_ext1__part0
Submit NanoGardening__Fall2017_102X_nAODv4_Full2017v4__MCl1loose2017v2__TTWjets_ext1__part0  on  8nh
/cms/ldap_home/jhchoi/HWW_Analysis/slc7/v1/CMSSW_10_2_14/src/jhchoi_workdir/jobs//NanoGardening__Fall2017_102X_nAODv4_Full2017v4/NanoGardening__Fall2017_102X_nAODv4_Full2017v4__MCl1loose2017v2__TTWjets_ext1__part12
Submit NanoGardening__Fall2017_102X_nAODv4_Full2017v4__MCl1loose2017v2__TTWjets_ext1__part12  on  8nh
/cms/ldap_home/jhchoi/HWW_Analysis/slc7/v1/CMSSW_10_2_14/src/jhchoi_workdir/jobs//NanoGardening__Fall2017_102X_nAODv4_Full2017v4/NanoGardening__Fall2017_102X_nAODv4_Full2017v4__MCl1loose2017v2__TTWjets_ext1__part3
Submit NanoGardening__Fall2017_102X_nAODv4_Full2017v4__MCl1loose2017v2__TTWjets_ext1__part3  on  8nh
/cms/ldap_home/jhchoi/HWW_Analysis/slc7/v1/CMSSW_10_2_14/src/jhchoi_workdir/jobs//NanoGardening__Fall2017_102X_nAODv4_Full2017v4/NanoGardening__Fall2017_102X_nAODv4_Full2017v4__MCl1loose2017v2__TTWjets_ext1__part5
Submit NanoGardening__Fall2017_102X_nAODv4_Full2017v4__MCl1loose2017v2__TTWjets_ext1__part5  on  8nh
/cms/ldap_home/jhchoi/HWW_Analysis/slc7/v1/CMSSW_10_2_14/src/jhchoi_workdir/jobs//NanoGardening__Fall2017_102X_nAODv4_Full2017v4/NanoGardening__Fall2017_102X_nAODv4_Full2017v4__MCl1loose2017v2__TTWjets_ext1__part8
Submit NanoGardening__Fall2017_102X_nAODv4_Full2017v4__MCl1loose2017v2__TTWjets_ext1__part8  on  8nh
/cms/ldap_home/jhchoi/HWW_Analysis/slc7/v1/CMSSW_10_2_14/src/jhchoi_workdir/jobs//NanoGardening__Fall2017_102X_nAODv4_Full2017v4/NanoGardening__Fall2017_102X_nAODv4_Full2017v4__MCl1loose2017v2__TTWjets_ext1__part6
Submit NanoGardening__Fall2017_102X_nAODv4_Full2017v4__MCl1loose2017v2__TTWjets_ext1__part6  on  8nh
/cms/ldap_home/jhchoi/HWW_Analysis/slc7/v1/CMSSW_10_2_14/src/jhchoi_workdir/jobs//NanoGardening__Fall2017_102X_nAODv4_Full2017v4/NanoGardening__Fall2017_102X_nAODv4_Full2017v4__MCl1loose2017v2__TTWjets_ext1__part4
Submit NanoGardening__Fall2017_102X_nAODv4_Full2017v4__MCl1loose2017v2__TTWjets_ext1__part4  on  8nh
/cms/ldap_home/jhchoi/HWW_Analysis/slc7/v1/CMSSW_10_2_14/src/jhchoi_workdir/jobs//NanoGardening__Fall2017_102X_nAODv4_Full2017v4/NanoGardening__Fall2017_102X_nAODv4_Full2017v4__MCl1loose2017v2__DYJetsToLL_M-10to50-LO__part6
Submit NanoGardening__Fall2017_102X_nAODv4_Full2017v4__MCl1loose2017v2__DYJetsToLL_M-10to50-LO__part6  on  8nh
/cms/ldap_home/jhchoi/HWW_Analysis/slc7/v1/CMSSW_10_2_14/src/jhchoi_workdir/jobs//NanoGardening__Fall2017_102X_nAODv4_Full2017v4/NanoGardening__Fall2017_102X_nAODv4_Full2017v4__MCl1loose2017v2__DYJetsToLL_M-10to50-LO__part1
Submit NanoGardening__Fall2017_102X_nAODv4_Full2017v4__MCl1loose2017v2__DYJetsToLL_M-10to50-LO__part1  on  8nh
/cms/ldap_home/jhchoi/HWW_Analysis/slc7/v1/CMSSW_10_2_14/src/jhchoi_workdir/jobs//NanoGardening__Fall2017_102X_nAODv4_Full2017v4/NanoGardening__Fall2017_102X_nAODv4_Full2017v4__MCl1loose2017v2__WJetsToLNu_HT600_800__part10
Submit NanoGardening__Fall2017_102X_nAODv4_Full2017v4__MCl1loose2017v2__WJetsToLNu_HT600_800__part10  on  8nh
/cms/ldap_home/jhchoi/HWW_Analysis/slc7/v1/CMSSW_10_2_14/src/jhchoi_workdir/jobs//NanoGardening__Fall2017_102X_nAODv4_Full2017v4/NanoGardening__Fall2017_102X_nAODv4_Full2017v4__MCl1loose2017v2__WJetsToLNu_HT600_800__part21
Submit NanoGardening__Fall2017_102X_nAODv4_Full2017v4__MCl1loose2017v2__WJetsToLNu_HT600_800__part21  on  8nh
/cms/ldap_home/jhchoi/HWW_Analysis/slc7/v1/CMSSW_10_2_14/src/jhchoi_workdir/jobs//NanoGardening__Fall2017_102X_nAODv4_Full2017v4/NanoGardening__Fall2017_102X_nAODv4_Full2017v4__MCl1loose2017v2__WJetsToLNu_HT600_800__part18
Submit NanoGardening__Fall2017_102X_nAODv4_Full2017v4__MCl1loose2017v2__WJetsToLNu_HT600_800__part18  on  8nh
/cms/ldap_home/jhchoi/HWW_Analysis/slc7/v1/CMSSW_10_2_14/src/jhchoi_workdir/jobs//NanoGardening__Fall2017_102X_nAODv4_Full2017v4/NanoGardening__Fall2017_102X_nAODv4_Full2017v4__MCl1loose2017v2__WJetsToLNu_HT600_800__part9
Submit NanoGardening__Fall2017_102X_nAODv4_Full2017v4__MCl1loose2017v2__WJetsToLNu_HT600_800__part9  on  8nh
/cms/ldap_home/jhchoi/HWW_Analysis/slc7/v1/CMSSW_10_2_14/src/jhchoi_workdir/jobs//NanoGardening__Fall2017_102X_nAODv4_Full2017v4/NanoGardening__Fall2017_102X_nAODv4_Full2017v4__MCl1loose2017v2__WJetsToLNu_HT600_800__part1
Submit NanoGardening__Fall2017_102X_nAODv4_Full2017v4__MCl1loose2017v2__WJetsToLNu_HT600_800__part1  on  8nh
/cms/ldap_home/jhchoi/HWW_Analysis/slc7/v1/CMSSW_10_2_14/src/jhchoi_workdir/jobs//NanoGardening__Fall2017_102X_nAODv4_Full2017v4/NanoGardening__Fall2017_102X_nAODv4_Full2017v4__MCl1loose2017v2__WJetsToLNu_HT600_800__part4
Submit NanoGardening__Fall2017_102X_nAODv4_Full2017v4__MCl1loose2017v2__WJetsToLNu_HT600_800__part4  on  8nh
/cms/ldap_home/jhchoi/HWW_Analysis/slc7/v1/CMSSW_10_2_14/src/jhchoi_workdir/jobs//NanoGardening__Fall2017_102X_nAODv4_Full2017v4/NanoGardening__Fall2017_102X_nAODv4_Full2017v4__MCl1loose2017v2__WJetsToLNu_HT600_800__part23
Submit NanoGardening__Fall2017_102X_nAODv4_Full2017v4__MCl1loose2017v2__WJetsToLNu_HT600_800__part23  on  8nh
/cms/ldap_home/jhchoi/HWW_Analysis/slc7/v1/CMSSW_10_2_14/src/jhchoi_workdir/jobs//NanoGardening__Fall2017_102X_nAODv4_Full2017v4/NanoGardening__Fall2017_102X_nAODv4_Full2017v4__MCl1loose2017v2__WJetsToLNu_HT600_800__part8
Submit NanoGardening__Fall2017_102X_nAODv4_Full2017v4__MCl1loose2017v2__WJetsToLNu_HT600_800__part8  on  8nh
/cms/ldap_home/jhchoi/HWW_Analysis/slc7/v1/CMSSW_10_2_14/src/jhchoi_workdir/jobs//NanoGardening__Fall2017_102X_nAODv4_Full2017v4/NanoGardening__Fall2017_102X_nAODv4_Full2017v4__MCl1loose2017v2__WJetsToLNu_HT600_800__part20
Submit NanoGardening__Fall2017_102X_nAODv4_Full2017v4__MCl1loose2017v2__WJetsToLNu_HT600_800__part20  on  8nh
/cms/ldap_home/jhchoi/HWW_Analysis/slc7/v1/CMSSW_10_2_14/src/jhchoi_workdir/jobs//NanoGardening__Fall2017_102X_nAODv4_Full2017v4/NanoGardening__Fall2017_102X_nAODv4_Full2017v4__MCl1loose2017v2__WJetsToLNu_HT600_800__part7
Submit NanoGardening__Fall2017_102X_nAODv4_Full2017v4__MCl1loose2017v2__WJetsToLNu_HT600_800__part7  on  8nh
/cms/ldap_home/jhchoi/HWW_Analysis/slc7/v1/CMSSW_10_2_14/src/jhchoi_workdir/jobs//NanoGardening__Fall2017_102X_nAODv4_Full2017v4/NanoGardening__Fall2017_102X_nAODv4_Full2017v4__MCl1loose2017v2__WJetsToLNu_HT600_800__part22
Submit NanoGardening__Fall2017_102X_nAODv4_Full2017v4__MCl1loose2017v2__WJetsToLNu_HT600_800__part22  on  8nh
/cms/ldap_home/jhchoi/HWW_Analysis/slc7/v1/CMSSW_10_2_14/src/jhchoi_workdir/jobs//NanoGardening__Fall2017_102X_nAODv4_Full2017v4/NanoGardening__Fall2017_102X_nAODv4_Full2017v4__MCl1loose2017v2__WJetsToLNu_HT600_800__part12
Submit NanoGardening__Fall2017_102X_nAODv4_Full2017v4__MCl1loose2017v2__WJetsToLNu_HT600_800__part12  on  8nh
/cms/ldap_home/jhchoi/HWW_Analysis/slc7/v1/CMSSW_10_2_14/src/jhchoi_workdir/jobs//NanoGardening__Fall2017_102X_nAODv4_Full2017v4/NanoGardening__Fall2017_102X_nAODv4_Full2017v4__MCl1loose2017v2__WJetsToLNu_HT600_800__part13
Submit NanoGardening__Fall2017_102X_nAODv4_Full2017v4__MCl1loose2017v2__WJetsToLNu_HT600_800__part13  on  8nh
/cms/ldap_home/jhchoi/HWW_Analysis/slc7/v1/CMSSW_10_2_14/src/jhchoi_workdir/jobs//NanoGardening__Fall2017_102X_nAODv4_Full2017v4/NanoGardening__Fall2017_102X_nAODv4_Full2017v4__MCl1loose2017v2__WJetsToLNu_HT600_800__part16
Submit NanoGardening__Fall2017_102X_nAODv4_Full2017v4__MCl1loose2017v2__WJetsToLNu_HT600_800__part16  on  8nh
/cms/ldap_home/jhchoi/HWW_Analysis/slc7/v1/CMSSW_10_2_14/src/jhchoi_workdir/jobs//NanoGardening__Fall2017_102X_nAODv4_Full2017v4/NanoGardening__Fall2017_102X_nAODv4_Full2017v4__MCl1loose2017v2__WJetsToLNu_HT600_800__part19
Submit NanoGardening__Fall2017_102X_nAODv4_Full2017v4__MCl1loose2017v2__WJetsToLNu_HT600_800__part19  on  8nh
/cms/ldap_home/jhchoi/HWW_Analysis/slc7/v1/CMSSW_10_2_14/src/jhchoi_workdir/jobs//NanoGardening__Fall2017_102X_nAODv4_Full2017v4/NanoGardening__Fall2017_102X_nAODv4_Full2017v4__MCl1loose2017v2__GluGluHToWWToLNuQQ_M250__part0
Submit NanoGardening__Fall2017_102X_nAODv4_Full2017v4__MCl1loose2017v2__GluGluHToWWToLNuQQ_M250__part0  on  8nh
/cms/ldap_home/jhchoi/HWW_Analysis/slc7/v1/CMSSW_10_2_14/src/jhchoi_workdir/jobs//NanoGardening__Fall2017_102X_nAODv4_Full2017v4/NanoGardening__Fall2017_102X_nAODv4_Full2017v4__MCl1loose2017v2__WJetsToLNu_HT800_1200__part10
Submit NanoGardening__Fall2017_102X_nAODv4_Full2017v4__MCl1loose2017v2__WJetsToLNu_HT800_1200__part10  on  8nh
/cms/ldap_home/jhchoi/HWW_Analysis/slc7/v1/CMSSW_10_2_14/src/jhchoi_workdir/jobs//NanoGardening__Fall2017_102X_nAODv4_Full2017v4/NanoGardening__Fall2017_102X_nAODv4_Full2017v4__MCl1loose2017v2__WJetsToLNu_HT800_1200__part13
Submit NanoGardening__Fall2017_102X_nAODv4_Full2017v4__MCl1loose2017v2__WJetsToLNu_HT800_1200__part13  on  8nh
/cms/ldap_home/jhchoi/HWW_Analysis/slc7/v1/CMSSW_10_2_14/src/jhchoi_workdir/jobs//NanoGardening__Fall2017_102X_nAODv4_Full2017v4/NanoGardening__Fall2017_102X_nAODv4_Full2017v4__MCl1loose2017v2__WJetsToLNu_HT2500_inf__part12
Submit NanoGardening__Fall2017_102X_nAODv4_Full2017v4__MCl1loose2017v2__WJetsToLNu_HT2500_inf__part12  on  8nh
/cms/ldap_home/jhchoi/HWW_Analysis/slc7/v1/CMSSW_10_2_14/src/jhchoi_workdir/jobs//NanoGardening__Fall2017_102X_nAODv4_Full2017v4/NanoGardening__Fall2017_102X_nAODv4_Full2017v4__MCl1loose2017v2__WJetsToLNu_HT2500_inf__part14
Submit NanoGardening__Fall2017_102X_nAODv4_Full2017v4__MCl1loose2017v2__WJetsToLNu_HT2500_inf__part14  on  8nh
/cms/ldap_home/jhchoi/HWW_Analysis/slc7/v1/CMSSW_10_2_14/src/jhchoi_workdir/jobs//NanoGardening__Fall2017_102X_nAODv4_Full2017v4/NanoGardening__Fall2017_102X_nAODv4_Full2017v4__MCl1loose2017v2__GluGluHToWWToLNuQQ_M350__part0
Submit NanoGardening__Fall2017_102X_nAODv4_Full2017v4__MCl1loose2017v2__GluGluHToWWToLNuQQ_M350__part0  on  8nh
/cms/ldap_home/jhchoi/HWW_Analysis/slc7/v1/CMSSW_10_2_14/src/jhchoi_workdir/jobs//NanoGardening__Fall2017_102X_nAODv4_Full2017v4/NanoGardening__Fall2017_102X_nAODv4_Full2017v4__MCl1loose2017v2__QCD_Pt_20to30_bcToE__part4
Submit NanoGardening__Fall2017_102X_nAODv4_Full2017v4__MCl1loose2017v2__QCD_Pt_20to30_bcToE__part4  on  8nh
/cms/ldap_home/jhchoi/HWW_Analysis/slc7/v1/CMSSW_10_2_14/src/jhchoi_workdir/jobs//NanoGardening__Fall2017_102X_nAODv4_Full2017v4/NanoGardening__Fall2017_102X_nAODv4_Full2017v4__MCl1loose2017v2__DYJetsToLL_M-50-LO_ext1__part18
Submit NanoGardening__Fall2017_102X_nAODv4_Full2017v4__MCl1loose2017v2__DYJetsToLL_M-50-LO_ext1__part18  on  8nh
/cms/ldap_home/jhchoi/HWW_Analysis/slc7/v1/CMSSW_10_2_14/src/jhchoi_workdir/jobs//NanoGardening__Fall2017_102X_nAODv4_Full2017v4/NanoGardening__Fall2017_102X_nAODv4_Full2017v4__MCl1loose2017v2__DYJetsToLL_M-50-LO_ext1__part4
Submit NanoGardening__Fall2017_102X_nAODv4_Full2017v4__MCl1loose2017v2__DYJetsToLL_M-50-LO_ext1__part4  on  8nh
/cms/ldap_home/jhchoi/HWW_Analysis/slc7/v1/CMSSW_10_2_14/src/jhchoi_workdir/jobs//NanoGardening__Fall2017_102X_nAODv4_Full2017v4/NanoGardening__Fall2017_102X_nAODv4_Full2017v4__MCl1loose2017v2__DYJetsToLL_M-50-LO_ext1__part15
Submit NanoGardening__Fall2017_102X_nAODv4_Full2017v4__MCl1loose2017v2__DYJetsToLL_M-50-LO_ext1__part15  on  8nh
/cms/ldap_home/jhchoi/HWW_Analysis/slc7/v1/CMSSW_10_2_14/src/jhchoi_workdir/jobs//NanoGardening__Fall2017_102X_nAODv4_Full2017v4/NanoGardening__Fall2017_102X_nAODv4_Full2017v4__MCl1loose2017v2__DYJetsToLL_M-50-LO_ext1__part6
Submit NanoGardening__Fall2017_102X_nAODv4_Full2017v4__MCl1loose2017v2__DYJetsToLL_M-50-LO_ext1__part6  on  8nh
/cms/ldap_home/jhchoi/HWW_Analysis/slc7/v1/CMSSW_10_2_14/src/jhchoi_workdir/jobs//NanoGardening__Fall2017_102X_nAODv4_Full2017v4/NanoGardening__Fall2017_102X_nAODv4_Full2017v4__MCl1loose2017v2__DYJetsToLL_M-50-LO_ext1__part1
Submit NanoGardening__Fall2017_102X_nAODv4_Full2017v4__MCl1loose2017v2__DYJetsToLL_M-50-LO_ext1__part1  on  8nh
/cms/ldap_home/jhchoi/HWW_Analysis/slc7/v1/CMSSW_10_2_14/src/jhchoi_workdir/jobs//NanoGardening__Fall2017_102X_nAODv4_Full2017v4/NanoGardening__Fall2017_102X_nAODv4_Full2017v4__MCl1loose2017v2__DYJetsToLL_M-50-LO_ext1__part10
Submit NanoGardening__Fall2017_102X_nAODv4_Full2017v4__MCl1loose2017v2__DYJetsToLL_M-50-LO_ext1__part10  on  8nh
/cms/ldap_home/jhchoi/HWW_Analysis/slc7/v1/CMSSW_10_2_14/src/jhchoi_workdir/jobs//NanoGardening__Fall2017_102X_nAODv4_Full2017v4/NanoGardening__Fall2017_102X_nAODv4_Full2017v4__MCl1loose2017v2__DYJetsToLL_M-50-LO_ext1__part13
Submit NanoGardening__Fall2017_102X_nAODv4_Full2017v4__MCl1loose2017v2__DYJetsToLL_M-50-LO_ext1__part13  on  8nh
/cms/ldap_home/jhchoi/HWW_Analysis/slc7/v1/CMSSW_10_2_14/src/jhchoi_workdir/jobs//NanoGardening__Fall2017_102X_nAODv4_Full2017v4/NanoGardening__Fall2017_102X_nAODv4_Full2017v4__MCl1loose2017v2__DYJetsToLL_M-50-LO_ext1__part20
Submit NanoGardening__Fall2017_102X_nAODv4_Full2017v4__MCl1loose2017v2__DYJetsToLL_M-50-LO_ext1__part20  on  8nh
/cms/ldap_home/jhchoi/HWW_Analysis/slc7/v1/CMSSW_10_2_14/src/jhchoi_workdir/jobs//NanoGardening__Fall2017_102X_nAODv4_Full2017v4/NanoGardening__Fall2017_102X_nAODv4_Full2017v4__MCl1loose2017v2__DYJetsToLL_M-50-LO_ext1__part5
Submit NanoGardening__Fall2017_102X_nAODv4_Full2017v4__MCl1loose2017v2__DYJetsToLL_M-50-LO_ext1__part5  on  8nh
/cms/ldap_home/jhchoi/HWW_Analysis/slc7/v1/CMSSW_10_2_14/src/jhchoi_workdir/jobs//NanoGardening__Fall2017_102X_nAODv4_Full2017v4/NanoGardening__Fall2017_102X_nAODv4_Full2017v4__MCl1loose2017v2__DYJetsToLL_M-50-LO_ext1__part14
Submit NanoGardening__Fall2017_102X_nAODv4_Full2017v4__MCl1loose2017v2__DYJetsToLL_M-50-LO_ext1__part14  on  8nh
/cms/ldap_home/jhchoi/HWW_Analysis/slc7/v1/CMSSW_10_2_14/src/jhchoi_workdir/jobs//NanoGardening__Fall2017_102X_nAODv4_Full2017v4/NanoGardening__Fall2017_102X_nAODv4_Full2017v4__MCl1loose2017v2__DYJetsToLL_M-50-LO_ext1__part17
Submit NanoGardening__Fall2017_102X_nAODv4_Full2017v4__MCl1loose2017v2__DYJetsToLL_M-50-LO_ext1__part17  on  8nh
/cms/ldap_home/jhchoi/HWW_Analysis/slc7/v1/CMSSW_10_2_14/src/jhchoi_workdir/jobs//NanoGardening__Fall2017_102X_nAODv4_Full2017v4/NanoGardening__Fall2017_102X_nAODv4_Full2017v4__MCl1loose2017v2__DYJetsToLL_M-50-LO_ext1__part19
Submit NanoGardening__Fall2017_102X_nAODv4_Full2017v4__MCl1loose2017v2__DYJetsToLL_M-50-LO_ext1__part19  on  8nh
/cms/ldap_home/jhchoi/HWW_Analysis/slc7/v1/CMSSW_10_2_14/src/jhchoi_workdir/jobs//NanoGardening__Fall2017_102X_nAODv4_Full2017v4/NanoGardening__Fall2017_102X_nAODv4_Full2017v4__MCl1loose2017v2__DYJetsToLL_M-50-LO_ext1__part9
Submit NanoGardening__Fall2017_102X_nAODv4_Full2017v4__MCl1loose2017v2__DYJetsToLL_M-50-LO_ext1__part9  on  8nh
/cms/ldap_home/jhchoi/HWW_Analysis/slc7/v1/CMSSW_10_2_14/src/jhchoi_workdir/jobs//NanoGardening__Fall2017_102X_nAODv4_Full2017v4/NanoGardening__Fall2017_102X_nAODv4_Full2017v4__MCl1loose2017v2__DYJetsToLL_M-50-LO_ext1__part2
Submit NanoGardening__Fall2017_102X_nAODv4_Full2017v4__MCl1loose2017v2__DYJetsToLL_M-50-LO_ext1__part2  on  8nh
/cms/ldap_home/jhchoi/HWW_Analysis/slc7/v1/CMSSW_10_2_14/src/jhchoi_workdir/jobs//NanoGardening__Fall2017_102X_nAODv4_Full2017v4/NanoGardening__Fall2017_102X_nAODv4_Full2017v4__MCl1loose2017v2__DYJetsToLL_M-50-LO_ext1__part24
Submit NanoGardening__Fall2017_102X_nAODv4_Full2017v4__MCl1loose2017v2__DYJetsToLL_M-50-LO_ext1__part24  on  8nh
/cms/ldap_home/jhchoi/HWW_Analysis/slc7/v1/CMSSW_10_2_14/src/jhchoi_workdir/jobs//NanoGardening__Fall2017_102X_nAODv4_Full2017v4/NanoGardening__Fall2017_102X_nAODv4_Full2017v4__MCl1loose2017v2__DYJetsToLL_M-50-LO_ext1__part3
Submit NanoGardening__Fall2017_102X_nAODv4_Full2017v4__MCl1loose2017v2__DYJetsToLL_M-50-LO_ext1__part3  on  8nh
/cms/ldap_home/jhchoi/HWW_Analysis/slc7/v1/CMSSW_10_2_14/src/jhchoi_workdir/jobs//NanoGardening__Fall2017_102X_nAODv4_Full2017v4/NanoGardening__Fall2017_102X_nAODv4_Full2017v4__MCl1loose2017v2__DYJetsToLL_M-50-LO_ext1__part16
Submit NanoGardening__Fall2017_102X_nAODv4_Full2017v4__MCl1loose2017v2__DYJetsToLL_M-50-LO_ext1__part16  on  8nh
/cms/ldap_home/jhchoi/HWW_Analysis/slc7/v1/CMSSW_10_2_14/src/jhchoi_workdir/jobs//NanoGardening__Fall2017_102X_nAODv4_Full2017v4/NanoGardening__Fall2017_102X_nAODv4_Full2017v4__MCl1loose2017v2__DYJetsToLL_M-50-LO_ext1__part22
Submit NanoGardening__Fall2017_102X_nAODv4_Full2017v4__MCl1loose2017v2__DYJetsToLL_M-50-LO_ext1__part22  on  8nh
/cms/ldap_home/jhchoi/HWW_Analysis/slc7/v1/CMSSW_10_2_14/src/jhchoi_workdir/jobs//NanoGardening__Fall2017_102X_nAODv4_Full2017v4/NanoGardening__Fall2017_102X_nAODv4_Full2017v4__MCl1loose2017v2__DYJetsToLL_M-50-LO_ext1__part8
Submit NanoGardening__Fall2017_102X_nAODv4_Full2017v4__MCl1loose2017v2__DYJetsToLL_M-50-LO_ext1__part8  on  8nh
/cms/ldap_home/jhchoi/HWW_Analysis/slc7/v1/CMSSW_10_2_14/src/jhchoi_workdir/jobs//NanoGardening__Fall2017_102X_nAODv4_Full2017v4/NanoGardening__Fall2017_102X_nAODv4_Full2017v4__MCl1loose2017v2__DYJetsToLL_M-50-LO_ext1__part11
Submit NanoGardening__Fall2017_102X_nAODv4_Full2017v4__MCl1loose2017v2__DYJetsToLL_M-50-LO_ext1__part11  on  8nh
/cms/ldap_home/jhchoi/HWW_Analysis/slc7/v1/CMSSW_10_2_14/src/jhchoi_workdir/jobs//NanoGardening__Fall2017_102X_nAODv4_Full2017v4/NanoGardening__Fall2017_102X_nAODv4_Full2017v4__MCl1loose2017v2__DYJetsToLL_M-50-LO_ext1__part21
Submit NanoGardening__Fall2017_102X_nAODv4_Full2017v4__MCl1loose2017v2__DYJetsToLL_M-50-LO_ext1__part21  on  8nh
/cms/ldap_home/jhchoi/HWW_Analysis/slc7/v1/CMSSW_10_2_14/src/jhchoi_workdir/jobs//NanoGardening__Fall2017_102X_nAODv4_Full2017v4/NanoGardening__Fall2017_102X_nAODv4_Full2017v4__MCl1loose2017v2__DYJetsToLL_M-50-LO_ext1__part0
Submit NanoGardening__Fall2017_102X_nAODv4_Full2017v4__MCl1loose2017v2__DYJetsToLL_M-50-LO_ext1__part0  on  8nh
/cms/ldap_home/jhchoi/HWW_Analysis/slc7/v1/CMSSW_10_2_14/src/jhchoi_workdir/jobs//NanoGardening__Fall2017_102X_nAODv4_Full2017v4/NanoGardening__Fall2017_102X_nAODv4_Full2017v4__MCl1loose2017v2__DYJetsToLL_M-50-LO_ext1__part7
Submit NanoGardening__Fall2017_102X_nAODv4_Full2017v4__MCl1loose2017v2__DYJetsToLL_M-50-LO_ext1__part7  on  8nh
/cms/ldap_home/jhchoi/HWW_Analysis/slc7/v1/CMSSW_10_2_14/src/jhchoi_workdir/jobs//NanoGardening__Fall2017_102X_nAODv4_Full2017v4/NanoGardening__Fall2017_102X_nAODv4_Full2017v4__MCl1loose2017v2__DYJetsToLL_M-50-LO_ext1__part23
Submit NanoGardening__Fall2017_102X_nAODv4_Full2017v4__MCl1loose2017v2__DYJetsToLL_M-50-LO_ext1__part23  on  8nh
/cms/ldap_home/jhchoi/HWW_Analysis/slc7/v1/CMSSW_10_2_14/src/jhchoi_workdir/jobs//NanoGardening__Fall2017_102X_nAODv4_Full2017v4/NanoGardening__Fall2017_102X_nAODv4_Full2017v4__MCl1loose2017v2__DYJetsToLL_M-50-LO_ext1__part26
Submit NanoGardening__Fall2017_102X_nAODv4_Full2017v4__MCl1loose2017v2__DYJetsToLL_M-50-LO_ext1__part26  on  8nh
/cms/ldap_home/jhchoi/HWW_Analysis/slc7/v1/CMSSW_10_2_14/src/jhchoi_workdir/jobs//NanoGardening__Fall2017_102X_nAODv4_Full2017v4/NanoGardening__Fall2017_102X_nAODv4_Full2017v4__MCl1loose2017v2__DYJetsToLL_M-50-LO_ext1__part25
Submit NanoGardening__Fall2017_102X_nAODv4_Full2017v4__MCl1loose2017v2__DYJetsToLL_M-50-LO_ext1__part25  on  8nh
/cms/ldap_home/jhchoi/HWW_Analysis/slc7/v1/CMSSW_10_2_14/src/jhchoi_workdir/jobs//NanoGardening__Fall2017_102X_nAODv4_Full2017v4/NanoGardening__Fall2017_102X_nAODv4_Full2017v4__MCl1loose2017v2__DYJetsToLL_M-50-LO_ext1__part12
Submit NanoGardening__Fall2017_102X_nAODv4_Full2017v4__MCl1loose2017v2__DYJetsToLL_M-50-LO_ext1__part12  on  8nh
/cms/ldap_home/jhchoi/HWW_Analysis/slc7/v1/CMSSW_10_2_14/src/jhchoi_workdir/jobs//NanoGardening__Fall2017_102X_nAODv4_Full2017v4/NanoGardening__Fall2017_102X_nAODv4_Full2017v4__MCl1loose2017v2__DYJetsToLL_M-10to50-LO_ext1__part3
Submit NanoGardening__Fall2017_102X_nAODv4_Full2017v4__MCl1loose2017v2__DYJetsToLL_M-10to50-LO_ext1__part3  on  8nh
/cms/ldap_home/jhchoi/HWW_Analysis/slc7/v1/CMSSW_10_2_14/src/jhchoi_workdir/jobs//NanoGardening__Fall2017_102X_nAODv4_Full2017v4/NanoGardening__Fall2017_102X_nAODv4_Full2017v4__MCl1loose2017v2__DYJetsToLL_M-10to50-LO_ext1__part8
Submit NanoGardening__Fall2017_102X_nAODv4_Full2017v4__MCl1loose2017v2__DYJetsToLL_M-10to50-LO_ext1__part8  on  8nh
/cms/ldap_home/jhchoi/HWW_Analysis/slc7/v1/CMSSW_10_2_14/src/jhchoi_workdir/jobs//NanoGardening__Fall2017_102X_nAODv4_Full2017v4/NanoGardening__Fall2017_102X_nAODv4_Full2017v4__MCl1loose2017v2__DYJetsToLL_M-10to50-LO_ext1__part14
Submit NanoGardening__Fall2017_102X_nAODv4_Full2017v4__MCl1loose2017v2__DYJetsToLL_M-10to50-LO_ext1__part14  on  8nh
/cms/ldap_home/jhchoi/HWW_Analysis/slc7/v1/CMSSW_10_2_14/src/jhchoi_workdir/jobs//NanoGardening__Fall2017_102X_nAODv4_Full2017v4/NanoGardening__Fall2017_102X_nAODv4_Full2017v4__MCl1loose2017v2__DYJetsToLL_M-10to50-LO_ext1__part2
Submit NanoGardening__Fall2017_102X_nAODv4_Full2017v4__MCl1loose2017v2__DYJetsToLL_M-10to50-LO_ext1__part2  on  8nh
/cms/ldap_home/jhchoi/HWW_Analysis/slc7/v1/CMSSW_10_2_14/src/jhchoi_workdir/jobs//NanoGardening__Fall2017_102X_nAODv4_Full2017v4/NanoGardening__Fall2017_102X_nAODv4_Full2017v4__MCl1loose2017v2__DYJetsToLL_M-10to50-LO_ext1__part18
Submit NanoGardening__Fall2017_102X_nAODv4_Full2017v4__MCl1loose2017v2__DYJetsToLL_M-10to50-LO_ext1__part18  on  8nh
/cms/ldap_home/jhchoi/HWW_Analysis/slc7/v1/CMSSW_10_2_14/src/jhchoi_workdir/jobs//NanoGardening__Fall2017_102X_nAODv4_Full2017v4/NanoGardening__Fall2017_102X_nAODv4_Full2017v4__MCl1loose2017v2__DYJetsToLL_M-10to50-LO_ext1__part10
Submit NanoGardening__Fall2017_102X_nAODv4_Full2017v4__MCl1loose2017v2__DYJetsToLL_M-10to50-LO_ext1__part10  on  8nh
/cms/ldap_home/jhchoi/HWW_Analysis/slc7/v1/CMSSW_10_2_14/src/jhchoi_workdir/jobs//NanoGardening__Fall2017_102X_nAODv4_Full2017v4/NanoGardening__Fall2017_102X_nAODv4_Full2017v4__MCl1loose2017v2__DYJetsToLL_M-10to50-LO_ext1__part0
Submit NanoGardening__Fall2017_102X_nAODv4_Full2017v4__MCl1loose2017v2__DYJetsToLL_M-10to50-LO_ext1__part0  on  8nh
/cms/ldap_home/jhchoi/HWW_Analysis/slc7/v1/CMSSW_10_2_14/src/jhchoi_workdir/jobs//NanoGardening__Fall2017_102X_nAODv4_Full2017v4/NanoGardening__Fall2017_102X_nAODv4_Full2017v4__MCl1loose2017v2__DYJetsToLL_M-10to50-LO_ext1__part12
Submit NanoGardening__Fall2017_102X_nAODv4_Full2017v4__MCl1loose2017v2__DYJetsToLL_M-10to50-LO_ext1__part12  on  8nh
/cms/ldap_home/jhchoi/HWW_Analysis/slc7/v1/CMSSW_10_2_14/src/jhchoi_workdir/jobs//NanoGardening__Fall2017_102X_nAODv4_Full2017v4/NanoGardening__Fall2017_102X_nAODv4_Full2017v4__MCl1loose2017v2__DYJetsToLL_M-10to50-LO_ext1__part4
Submit NanoGardening__Fall2017_102X_nAODv4_Full2017v4__MCl1loose2017v2__DYJetsToLL_M-10to50-LO_ext1__part4  on  8nh
/cms/ldap_home/jhchoi/HWW_Analysis/slc7/v1/CMSSW_10_2_14/src/jhchoi_workdir/jobs//NanoGardening__Fall2017_102X_nAODv4_Full2017v4/NanoGardening__Fall2017_102X_nAODv4_Full2017v4__MCl1loose2017v2__DYJetsToLL_M-10to50-LO_ext1__part7
Submit NanoGardening__Fall2017_102X_nAODv4_Full2017v4__MCl1loose2017v2__DYJetsToLL_M-10to50-LO_ext1__part7  on  8nh
/cms/ldap_home/jhchoi/HWW_Analysis/slc7/v1/CMSSW_10_2_14/src/jhchoi_workdir/jobs//NanoGardening__Fall2017_102X_nAODv4_Full2017v4/NanoGardening__Fall2017_102X_nAODv4_Full2017v4__MCl1loose2017v2__DYJetsToLL_M-10to50-LO_ext1__part15
Submit NanoGardening__Fall2017_102X_nAODv4_Full2017v4__MCl1loose2017v2__DYJetsToLL_M-10to50-LO_ext1__part15  on  8nh
/cms/ldap_home/jhchoi/HWW_Analysis/slc7/v1/CMSSW_10_2_14/src/jhchoi_workdir/jobs//NanoGardening__Fall2017_102X_nAODv4_Full2017v4/NanoGardening__Fall2017_102X_nAODv4_Full2017v4__MCl1loose2017v2__DYJetsToLL_M-10to50-LO_ext1__part16
Submit NanoGardening__Fall2017_102X_nAODv4_Full2017v4__MCl1loose2017v2__DYJetsToLL_M-10to50-LO_ext1__part16  on  8nh
/cms/ldap_home/jhchoi/HWW_Analysis/slc7/v1/CMSSW_10_2_14/src/jhchoi_workdir/jobs//NanoGardening__Fall2017_102X_nAODv4_Full2017v4/NanoGardening__Fall2017_102X_nAODv4_Full2017v4__MCl1loose2017v2__DYJetsToLL_M-10to50-LO_ext1__part19
Submit NanoGardening__Fall2017_102X_nAODv4_Full2017v4__MCl1loose2017v2__DYJetsToLL_M-10to50-LO_ext1__part19  on  8nh
/cms/ldap_home/jhchoi/HWW_Analysis/slc7/v1/CMSSW_10_2_14/src/jhchoi_workdir/jobs//NanoGardening__Fall2017_102X_nAODv4_Full2017v4/NanoGardening__Fall2017_102X_nAODv4_Full2017v4__MCl1loose2017v2__DYJetsToLL_M-10to50-LO_ext1__part9
Submit NanoGardening__Fall2017_102X_nAODv4_Full2017v4__MCl1loose2017v2__DYJetsToLL_M-10to50-LO_ext1__part9  on  8nh
/cms/ldap_home/jhchoi/HWW_Analysis/slc7/v1/CMSSW_10_2_14/src/jhchoi_workdir/jobs//NanoGardening__Fall2017_102X_nAODv4_Full2017v4/NanoGardening__Fall2017_102X_nAODv4_Full2017v4__MCl1loose2017v2__DYJetsToLL_M-10to50-LO_ext1__part11
Submit NanoGardening__Fall2017_102X_nAODv4_Full2017v4__MCl1loose2017v2__DYJetsToLL_M-10to50-LO_ext1__part11  on  8nh
/cms/ldap_home/jhchoi/HWW_Analysis/slc7/v1/CMSSW_10_2_14/src/jhchoi_workdir/jobs//NanoGardening__Fall2017_102X_nAODv4_Full2017v4/NanoGardening__Fall2017_102X_nAODv4_Full2017v4__MCl1loose2017v2__DYJetsToLL_M-10to50-LO_ext1__part17
Submit NanoGardening__Fall2017_102X_nAODv4_Full2017v4__MCl1loose2017v2__DYJetsToLL_M-10to50-LO_ext1__part17  on  8nh
/cms/ldap_home/jhchoi/HWW_Analysis/slc7/v1/CMSSW_10_2_14/src/jhchoi_workdir/jobs//NanoGardening__Fall2017_102X_nAODv4_Full2017v4/NanoGardening__Fall2017_102X_nAODv4_Full2017v4__MCl1loose2017v2__DYJetsToLL_M-10to50-LO_ext1__part6
Submit NanoGardening__Fall2017_102X_nAODv4_Full2017v4__MCl1loose2017v2__DYJetsToLL_M-10to50-LO_ext1__part6  on  8nh
/cms/ldap_home/jhchoi/HWW_Analysis/slc7/v1/CMSSW_10_2_14/src/jhchoi_workdir/jobs//NanoGardening__Fall2017_102X_nAODv4_Full2017v4/NanoGardening__Fall2017_102X_nAODv4_Full2017v4__MCl1loose2017v2__DYJetsToLL_M-10to50-LO_ext1__part5
Submit NanoGardening__Fall2017_102X_nAODv4_Full2017v4__MCl1loose2017v2__DYJetsToLL_M-10to50-LO_ext1__part5  on  8nh
/cms/ldap_home/jhchoi/HWW_Analysis/slc7/v1/CMSSW_10_2_14/src/jhchoi_workdir/jobs//NanoGardening__Fall2017_102X_nAODv4_Full2017v4/NanoGardening__Fall2017_102X_nAODv4_Full2017v4__MCl1loose2017v2__DYJetsToLL_M-10to50-LO_ext1__part13
Submit NanoGardening__Fall2017_102X_nAODv4_Full2017v4__MCl1loose2017v2__DYJetsToLL_M-10to50-LO_ext1__part13  on  8nh
/cms/ldap_home/jhchoi/HWW_Analysis/slc7/v1/CMSSW_10_2_14/src/jhchoi_workdir/jobs//NanoGardening__Fall2017_102X_nAODv4_Full2017v4/NanoGardening__Fall2017_102X_nAODv4_Full2017v4__MCl1loose2017v2__DYJetsToLL_M-10to50-LO_ext1__part1
Submit NanoGardening__Fall2017_102X_nAODv4_Full2017v4__MCl1loose2017v2__DYJetsToLL_M-10to50-LO_ext1__part1  on  8nh
/cms/ldap_home/jhchoi/HWW_Analysis/slc7/v1/CMSSW_10_2_14/src/jhchoi_workdir/jobs//NanoGardening__Fall2017_102X_nAODv4_Full2017v4/NanoGardening__Fall2017_102X_nAODv4_Full2017v4__MCl1loose2017v2__DYJetsToLL_M-50-LO__part17
Submit NanoGardening__Fall2017_102X_nAODv4_Full2017v4__MCl1loose2017v2__DYJetsToLL_M-50-LO__part17  on  8nh
/cms/ldap_home/jhchoi/HWW_Analysis/slc7/v1/CMSSW_10_2_14/src/jhchoi_workdir/jobs//NanoGardening__Fall2017_102X_nAODv4_Full2017v4/NanoGardening__Fall2017_102X_nAODv4_Full2017v4__MCl1loose2017v2__DYJetsToLL_M-50-LO__part9
Submit NanoGardening__Fall2017_102X_nAODv4_Full2017v4__MCl1loose2017v2__DYJetsToLL_M-50-LO__part9  on  8nh
/cms/ldap_home/jhchoi/HWW_Analysis/slc7/v1/CMSSW_10_2_14/src/jhchoi_workdir/jobs//NanoGardening__Fall2017_102X_nAODv4_Full2017v4/NanoGardening__Fall2017_102X_nAODv4_Full2017v4__MCl1loose2017v2__DYJetsToLL_M-50-LO__part19
Submit NanoGardening__Fall2017_102X_nAODv4_Full2017v4__MCl1loose2017v2__DYJetsToLL_M-50-LO__part19  on  8nh
/cms/ldap_home/jhchoi/HWW_Analysis/slc7/v1/CMSSW_10_2_14/src/jhchoi_workdir/jobs//NanoGardening__Fall2017_102X_nAODv4_Full2017v4/NanoGardening__Fall2017_102X_nAODv4_Full2017v4__MCl1loose2017v2__DYJetsToLL_M-50-LO__part14
Submit NanoGardening__Fall2017_102X_nAODv4_Full2017v4__MCl1loose2017v2__DYJetsToLL_M-50-LO__part14  on  8nh
/cms/ldap_home/jhchoi/HWW_Analysis/slc7/v1/CMSSW_10_2_14/src/jhchoi_workdir/jobs//NanoGardening__Fall2017_102X_nAODv4_Full2017v4/NanoGardening__Fall2017_102X_nAODv4_Full2017v4__MCl1loose2017v2__DYJetsToLL_M-50-LO__part11
Submit NanoGardening__Fall2017_102X_nAODv4_Full2017v4__MCl1loose2017v2__DYJetsToLL_M-50-LO__part11  on  8nh
/cms/ldap_home/jhchoi/HWW_Analysis/slc7/v1/CMSSW_10_2_14/src/jhchoi_workdir/jobs//NanoGardening__Fall2017_102X_nAODv4_Full2017v4/NanoGardening__Fall2017_102X_nAODv4_Full2017v4__MCl1loose2017v2__GluGluHToWWToLNuQQ_M3000__part0
Submit NanoGardening__Fall2017_102X_nAODv4_Full2017v4__MCl1loose2017v2__GluGluHToWWToLNuQQ_M3000__part0  on  8nh
/cms/ldap_home/jhchoi/HWW_Analysis/slc7/v1/CMSSW_10_2_14/src/jhchoi_workdir/jobs//NanoGardening__Fall2017_102X_nAODv4_Full2017v4/NanoGardening__Fall2017_102X_nAODv4_Full2017v4__MCl1loose2017v2__Wg_AMCNLOFXFX__part1
Submit NanoGardening__Fall2017_102X_nAODv4_Full2017v4__MCl1loose2017v2__Wg_AMCNLOFXFX__part1  on  8nh
/cms/ldap_home/jhchoi/HWW_Analysis/slc7/v1/CMSSW_10_2_14/src/jhchoi_workdir/jobs//NanoGardening__Fall2017_102X_nAODv4_Full2017v4/NanoGardening__Fall2017_102X_nAODv4_Full2017v4__MCl1loose2017v2__Wg_AMCNLOFXFX__part16
Submit NanoGardening__Fall2017_102X_nAODv4_Full2017v4__MCl1loose2017v2__Wg_AMCNLOFXFX__part16  on  8nh
/cms/ldap_home/jhchoi/HWW_Analysis/slc7/v1/CMSSW_10_2_14/src/jhchoi_workdir/jobs//NanoGardening__Fall2017_102X_nAODv4_Full2017v4/NanoGardening__Fall2017_102X_nAODv4_Full2017v4__MCl1loose2017v2__Wg_AMCNLOFXFX__part2
Submit NanoGardening__Fall2017_102X_nAODv4_Full2017v4__MCl1loose2017v2__Wg_AMCNLOFXFX__part2  on  8nh
/cms/ldap_home/jhchoi/HWW_Analysis/slc7/v1/CMSSW_10_2_14/src/jhchoi_workdir/jobs//NanoGardening__Fall2017_102X_nAODv4_Full2017v4/NanoGardening__Fall2017_102X_nAODv4_Full2017v4__MCl1loose2017v2__Wg_AMCNLOFXFX__part14
Submit NanoGardening__Fall2017_102X_nAODv4_Full2017v4__MCl1loose2017v2__Wg_AMCNLOFXFX__part14  on  8nh
/cms/ldap_home/jhchoi/HWW_Analysis/slc7/v1/CMSSW_10_2_14/src/jhchoi_workdir/jobs//NanoGardening__Fall2017_102X_nAODv4_Full2017v4/NanoGardening__Fall2017_102X_nAODv4_Full2017v4__MCl1loose2017v2__TTWjets__part6
Submit NanoGardening__Fall2017_102X_nAODv4_Full2017v4__MCl1loose2017v2__TTWjets__part6  on  8nh
/cms/ldap_home/jhchoi/HWW_Analysis/slc7/v1/CMSSW_10_2_14/src/jhchoi_workdir/jobs//NanoGardening__Fall2017_102X_nAODv4_Full2017v4/NanoGardening__Fall2017_102X_nAODv4_Full2017v4__MCl1loose2017v2__WJetsToLNu-LO_ext1__part4
Submit NanoGardening__Fall2017_102X_nAODv4_Full2017v4__MCl1loose2017v2__WJetsToLNu-LO_ext1__part4  on  8nh
/cms/ldap_home/jhchoi/HWW_Analysis/slc7/v1/CMSSW_10_2_14/src/jhchoi_workdir/jobs//NanoGardening__Fall2017_102X_nAODv4_Full2017v4/NanoGardening__Fall2017_102X_nAODv4_Full2017v4__MCl1loose2017v2__WJetsToLNu-LO_ext1__part7
Submit NanoGardening__Fall2017_102X_nAODv4_Full2017v4__MCl1loose2017v2__WJetsToLNu-LO_ext1__part7  on  8nh
/cms/ldap_home/jhchoi/HWW_Analysis/slc7/v1/CMSSW_10_2_14/src/jhchoi_workdir/jobs//NanoGardening__Fall2017_102X_nAODv4_Full2017v4/NanoGardening__Fall2017_102X_nAODv4_Full2017v4__MCl1loose2017v2__WJetsToLNu-LO_ext1__part12
Submit NanoGardening__Fall2017_102X_nAODv4_Full2017v4__MCl1loose2017v2__WJetsToLNu-LO_ext1__part12  on  8nh
/cms/ldap_home/jhchoi/HWW_Analysis/slc7/v1/CMSSW_10_2_14/src/jhchoi_workdir/jobs//NanoGardening__Fall2017_102X_nAODv4_Full2017v4/NanoGardening__Fall2017_102X_nAODv4_Full2017v4__MCl1loose2017v2__WJetsToLNu-LO_ext1__part3
Submit NanoGardening__Fall2017_102X_nAODv4_Full2017v4__MCl1loose2017v2__WJetsToLNu-LO_ext1__part3  on  8nh
/cms/ldap_home/jhchoi/HWW_Analysis/slc7/v1/CMSSW_10_2_14/src/jhchoi_workdir/jobs//NanoGardening__Fall2017_102X_nAODv4_Full2017v4/NanoGardening__Fall2017_102X_nAODv4_Full2017v4__MCl1loose2017v2__WJetsToLNu-LO_ext1__part22
Submit NanoGardening__Fall2017_102X_nAODv4_Full2017v4__MCl1loose2017v2__WJetsToLNu-LO_ext1__part22  on  8nh
/cms/ldap_home/jhchoi/HWW_Analysis/slc7/v1/CMSSW_10_2_14/src/jhchoi_workdir/jobs//NanoGardening__Fall2017_102X_nAODv4_Full2017v4/NanoGardening__Fall2017_102X_nAODv4_Full2017v4__MCl1loose2017v2__WJetsToLNu-LO_ext1__part20
Submit NanoGardening__Fall2017_102X_nAODv4_Full2017v4__MCl1loose2017v2__WJetsToLNu-LO_ext1__part20  on  8nh
/cms/ldap_home/jhchoi/HWW_Analysis/slc7/v1/CMSSW_10_2_14/src/jhchoi_workdir/jobs//NanoGardening__Fall2017_102X_nAODv4_Full2017v4/NanoGardening__Fall2017_102X_nAODv4_Full2017v4__MCl1loose2017v2__WJetsToLNu-LO_ext1__part9
Submit NanoGardening__Fall2017_102X_nAODv4_Full2017v4__MCl1loose2017v2__WJetsToLNu-LO_ext1__part9  on  8nh
/cms/ldap_home/jhchoi/HWW_Analysis/slc7/v1/CMSSW_10_2_14/src/jhchoi_workdir/jobs//NanoGardening__Fall2017_102X_nAODv4_Full2017v4/NanoGardening__Fall2017_102X_nAODv4_Full2017v4__MCl1loose2017v2__WJetsToLNu-LO_ext1__part10
Submit NanoGardening__Fall2017_102X_nAODv4_Full2017v4__MCl1loose2017v2__WJetsToLNu-LO_ext1__part10  on  8nh
/cms/ldap_home/jhchoi/HWW_Analysis/slc7/v1/CMSSW_10_2_14/src/jhchoi_workdir/jobs//NanoGardening__Fall2017_102X_nAODv4_Full2017v4/NanoGardening__Fall2017_102X_nAODv4_Full2017v4__MCl1loose2017v2__WJetsToLNu-LO_ext1__part27
Submit NanoGardening__Fall2017_102X_nAODv4_Full2017v4__MCl1loose2017v2__WJetsToLNu-LO_ext1__part27  on  8nh
/cms/ldap_home/jhchoi/HWW_Analysis/slc7/v1/CMSSW_10_2_14/src/jhchoi_workdir/jobs//NanoGardening__Fall2017_102X_nAODv4_Full2017v4/NanoGardening__Fall2017_102X_nAODv4_Full2017v4__MCl1loose2017v2__WJetsToLNu-LO_ext1__part5
Submit NanoGardening__Fall2017_102X_nAODv4_Full2017v4__MCl1loose2017v2__WJetsToLNu-LO_ext1__part5  on  8nh
/cms/ldap_home/jhchoi/HWW_Analysis/slc7/v1/CMSSW_10_2_14/src/jhchoi_workdir/jobs//NanoGardening__Fall2017_102X_nAODv4_Full2017v4/NanoGardening__Fall2017_102X_nAODv4_Full2017v4__MCl1loose2017v2__WJetsToLNu-LO_ext1__part11
Submit NanoGardening__Fall2017_102X_nAODv4_Full2017v4__MCl1loose2017v2__WJetsToLNu-LO_ext1__part11  on  8nh
/cms/ldap_home/jhchoi/HWW_Analysis/slc7/v1/CMSSW_10_2_14/src/jhchoi_workdir/jobs//NanoGardening__Fall2017_102X_nAODv4_Full2017v4/NanoGardening__Fall2017_102X_nAODv4_Full2017v4__MCl1loose2017v2__WJetsToLNu-LO_ext1__part24
Submit NanoGardening__Fall2017_102X_nAODv4_Full2017v4__MCl1loose2017v2__WJetsToLNu-LO_ext1__part24  on  8nh
/cms/ldap_home/jhchoi/HWW_Analysis/slc7/v1/CMSSW_10_2_14/src/jhchoi_workdir/jobs//NanoGardening__Fall2017_102X_nAODv4_Full2017v4/NanoGardening__Fall2017_102X_nAODv4_Full2017v4__MCl1loose2017v2__WJetsToLNu-LO_ext1__part29
Submit NanoGardening__Fall2017_102X_nAODv4_Full2017v4__MCl1loose2017v2__WJetsToLNu-LO_ext1__part29  on  8nh
/cms/ldap_home/jhchoi/HWW_Analysis/slc7/v1/CMSSW_10_2_14/src/jhchoi_workdir/jobs//NanoGardening__Fall2017_102X_nAODv4_Full2017v4/NanoGardening__Fall2017_102X_nAODv4_Full2017v4__MCl1loose2017v2__WJetsToLNu-LO_ext1__part6
Submit NanoGardening__Fall2017_102X_nAODv4_Full2017v4__MCl1loose2017v2__WJetsToLNu-LO_ext1__part6  on  8nh
/cms/ldap_home/jhchoi/HWW_Analysis/slc7/v1/CMSSW_10_2_14/src/jhchoi_workdir/jobs//NanoGardening__Fall2017_102X_nAODv4_Full2017v4/NanoGardening__Fall2017_102X_nAODv4_Full2017v4__MCl1loose2017v2__WJetsToLNu-LO_ext1__part25
Submit NanoGardening__Fall2017_102X_nAODv4_Full2017v4__MCl1loose2017v2__WJetsToLNu-LO_ext1__part25  on  8nh
/cms/ldap_home/jhchoi/HWW_Analysis/slc7/v1/CMSSW_10_2_14/src/jhchoi_workdir/jobs//NanoGardening__Fall2017_102X_nAODv4_Full2017v4/NanoGardening__Fall2017_102X_nAODv4_Full2017v4__MCl1loose2017v2__WJetsToLNu-LO_ext1__part17
Submit NanoGardening__Fall2017_102X_nAODv4_Full2017v4__MCl1loose2017v2__WJetsToLNu-LO_ext1__part17  on  8nh
/cms/ldap_home/jhchoi/HWW_Analysis/slc7/v1/CMSSW_10_2_14/src/jhchoi_workdir/jobs//NanoGardening__Fall2017_102X_nAODv4_Full2017v4/NanoGardening__Fall2017_102X_nAODv4_Full2017v4__MCl1loose2017v2__WJetsToLNu-LO_ext1__part14
Submit NanoGardening__Fall2017_102X_nAODv4_Full2017v4__MCl1loose2017v2__WJetsToLNu-LO_ext1__part14  on  8nh
/cms/ldap_home/jhchoi/HWW_Analysis/slc7/v1/CMSSW_10_2_14/src/jhchoi_workdir/jobs//NanoGardening__Fall2017_102X_nAODv4_Full2017v4/NanoGardening__Fall2017_102X_nAODv4_Full2017v4__MCl1loose2017v2__WJetsToLNu-LO_ext1__part8
Submit NanoGardening__Fall2017_102X_nAODv4_Full2017v4__MCl1loose2017v2__WJetsToLNu-LO_ext1__part8  on  8nh
/cms/ldap_home/jhchoi/HWW_Analysis/slc7/v1/CMSSW_10_2_14/src/jhchoi_workdir/jobs//NanoGardening__Fall2017_102X_nAODv4_Full2017v4/NanoGardening__Fall2017_102X_nAODv4_Full2017v4__MCl1loose2017v2__WJetsToLNu-LO_ext1__part16
Submit NanoGardening__Fall2017_102X_nAODv4_Full2017v4__MCl1loose2017v2__WJetsToLNu-LO_ext1__part16  on  8nh
/cms/ldap_home/jhchoi/HWW_Analysis/slc7/v1/CMSSW_10_2_14/src/jhchoi_workdir/jobs//NanoGardening__Fall2017_102X_nAODv4_Full2017v4/NanoGardening__Fall2017_102X_nAODv4_Full2017v4__MCl1loose2017v2__WJetsToLNu-LO_ext1__part19
Submit NanoGardening__Fall2017_102X_nAODv4_Full2017v4__MCl1loose2017v2__WJetsToLNu-LO_ext1__part19  on  8nh
/cms/ldap_home/jhchoi/HWW_Analysis/slc7/v1/CMSSW_10_2_14/src/jhchoi_workdir/jobs//NanoGardening__Fall2017_102X_nAODv4_Full2017v4/NanoGardening__Fall2017_102X_nAODv4_Full2017v4__MCl1loose2017v2__WJetsToLNu-LO_ext1__part1
Submit NanoGardening__Fall2017_102X_nAODv4_Full2017v4__MCl1loose2017v2__WJetsToLNu-LO_ext1__part1  on  8nh
/cms/ldap_home/jhchoi/HWW_Analysis/slc7/v1/CMSSW_10_2_14/src/jhchoi_workdir/jobs//NanoGardening__Fall2017_102X_nAODv4_Full2017v4/NanoGardening__Fall2017_102X_nAODv4_Full2017v4__MCl1loose2017v2__WJetsToLNu-LO_ext1__part2
Submit NanoGardening__Fall2017_102X_nAODv4_Full2017v4__MCl1loose2017v2__WJetsToLNu-LO_ext1__part2  on  8nh
/cms/ldap_home/jhchoi/HWW_Analysis/slc7/v1/CMSSW_10_2_14/src/jhchoi_workdir/jobs//NanoGardening__Fall2017_102X_nAODv4_Full2017v4/NanoGardening__Fall2017_102X_nAODv4_Full2017v4__MCl1loose2017v2__WJetsToLNu-LO_ext1__part0
Submit NanoGardening__Fall2017_102X_nAODv4_Full2017v4__MCl1loose2017v2__WJetsToLNu-LO_ext1__part0  on  8nh
/cms/ldap_home/jhchoi/HWW_Analysis/slc7/v1/CMSSW_10_2_14/src/jhchoi_workdir/jobs//NanoGardening__Fall2017_102X_nAODv4_Full2017v4/NanoGardening__Fall2017_102X_nAODv4_Full2017v4__MCl1loose2017v2__WJetsToLNu-LO_ext1__part23
Submit NanoGardening__Fall2017_102X_nAODv4_Full2017v4__MCl1loose2017v2__WJetsToLNu-LO_ext1__part23  on  8nh
/cms/ldap_home/jhchoi/HWW_Analysis/slc7/v1/CMSSW_10_2_14/src/jhchoi_workdir/jobs//NanoGardening__Fall2017_102X_nAODv4_Full2017v4/NanoGardening__Fall2017_102X_nAODv4_Full2017v4__MCl1loose2017v2__WJetsToLNu-LO_ext1__part18
Submit NanoGardening__Fall2017_102X_nAODv4_Full2017v4__MCl1loose2017v2__WJetsToLNu-LO_ext1__part18  on  8nh
/cms/ldap_home/jhchoi/HWW_Analysis/slc7/v1/CMSSW_10_2_14/src/jhchoi_workdir/jobs//NanoGardening__Fall2017_102X_nAODv4_Full2017v4/NanoGardening__Fall2017_102X_nAODv4_Full2017v4__MCl1loose2017v2__WJetsToLNu-LO_ext1__part21
Submit NanoGardening__Fall2017_102X_nAODv4_Full2017v4__MCl1loose2017v2__WJetsToLNu-LO_ext1__part21  on  8nh
/cms/ldap_home/jhchoi/HWW_Analysis/slc7/v1/CMSSW_10_2_14/src/jhchoi_workdir/jobs//NanoGardening__Fall2017_102X_nAODv4_Full2017v4/NanoGardening__Fall2017_102X_nAODv4_Full2017v4__MCl1loose2017v2__WJetsToLNu-LO_ext1__part28
Submit NanoGardening__Fall2017_102X_nAODv4_Full2017v4__MCl1loose2017v2__WJetsToLNu-LO_ext1__part28  on  8nh
/cms/ldap_home/jhchoi/HWW_Analysis/slc7/v1/CMSSW_10_2_14/src/jhchoi_workdir/jobs//NanoGardening__Fall2017_102X_nAODv4_Full2017v4/NanoGardening__Fall2017_102X_nAODv4_Full2017v4__MCl1loose2017v2__WJetsToLNu-LO_ext1__part26
Submit NanoGardening__Fall2017_102X_nAODv4_Full2017v4__MCl1loose2017v2__WJetsToLNu-LO_ext1__part26  on  8nh
/cms/ldap_home/jhchoi/HWW_Analysis/slc7/v1/CMSSW_10_2_14/src/jhchoi_workdir/jobs//NanoGardening__Fall2017_102X_nAODv4_Full2017v4/NanoGardening__Fall2017_102X_nAODv4_Full2017v4__MCl1loose2017v2__WJetsToLNu-LO_ext1__part15
Submit NanoGardening__Fall2017_102X_nAODv4_Full2017v4__MCl1loose2017v2__WJetsToLNu-LO_ext1__part15  on  8nh
/cms/ldap_home/jhchoi/HWW_Analysis/slc7/v1/CMSSW_10_2_14/src/jhchoi_workdir/jobs//NanoGardening__Fall2017_102X_nAODv4_Full2017v4/NanoGardening__Fall2017_102X_nAODv4_Full2017v4__MCl1loose2017v2__WJetsToLNu-LO_ext1__part13
Submit NanoGardening__Fall2017_102X_nAODv4_Full2017v4__MCl1loose2017v2__WJetsToLNu-LO_ext1__part13  on  8nh
/cms/ldap_home/jhchoi/HWW_Analysis/slc7/v1/CMSSW_10_2_14/src/jhchoi_workdir/jobs//NanoGardening__Fall2017_102X_nAODv4_Full2017v4/NanoGardening__Fall2017_102X_nAODv4_Full2017v4__MCl1loose2017v2__GluGluHToWWToLNuQQ_M650__part0
Submit NanoGardening__Fall2017_102X_nAODv4_Full2017v4__MCl1loose2017v2__GluGluHToWWToLNuQQ_M650__part0  on  8nh
