Info in <TUnixSystem::ACLiC>: creating shared library /cms/ldap_home/jhchoi/HWW_Analysis/slc7/v1/CMSSW_10_2_14/src/LatinoAnalysis/Gardener/python/variables/melaReweighterWW_C.so
In file included from input_line_12:9:
/cms/ldap_home/jhchoi/HWW_Analysis/slc7/v1/CMSSW_10_2_14/src/LatinoAnalysis/Gardener/python/variables/melaReweighterWW.C:19:10: fatal error: 'ZZMatrixElement/MELA/interface/Mela.h' file not found
#include <ZZMatrixElement/MELA/interface/Mela.h>
         ^~~~~~~~~~~~~~~~~~~~~~~~~~~~~~~~~~~~~~~
Error in <ACLiC>: Dictionary generation failed!
cp: missing destination file operand after '/cms/ldap_home/jhchoi/.proxy'
Try 'cp --help' for more information.

--------------------------------------------------------------------------------------------
   _  __                 ___           __    ___                           _          
  / |/ /__ ____  ___    / _ \___  ___ / /_  / _ \_______  _______ ___ ___ (_)__  ___ _
 /    / _ `/ _ \/ _ \  / ___/ _ \(_-</ __/ / ___/ __/ _ \/ __/ -_|_-<(_-</ / _ \/ _ `/
/_/|_/\_,_/_//_/\___/ /_/   \___/___/\__/ /_/  /_/  \___/\__/\__/___/___/_/_//_/\_, / 
                                                                               /___/  
--------------------------------------------------------------------------------------------

 Productions :  ['Run2017_102X_nAODv4_Full2017v4']
 Steps       :  ['DATAl1loose2017v2']
_LocalSite  =  sdfarm
_TargetSite =  None
----------- Running on production: Run2017_102X_nAODv4_Full2017v4
---------------- for Step :  DATAl1loose2017v2
INFO: Using Local Batch
