 <<< Combine >>> 
Configured fallback algorithm , type GSLMultiMin, algo BFGS2, strategy 1, tolerance 0.1
>>> method used is FitDiagnostics
>>> random number generator seed is 123456
 PDF CHECKING 
--- RooAbsArg ---
  Value State: DIRTY
  Shape State: DIRTY
  Attributes:  [SnapShot_ExtRefClone,forceGenBinned] 
  Address: 0x82f2420
  Clients: 
    (0x87b0030,V-) RooSimultaneousOpt::model_s "model_s"
  Servers: 
    (0x82f3a70,V-) RooRealSumPdf::pdf_bineleCH__BoostedVBF__SB__METOver40__PtOverM04_nuis ""
    (0x8549ac0,V-) RooProdPdf::pdfbins_bineleCH__BoostedVBF__SB__METOver40__PtOverM04 ""
    (0x82c9280,V-) SimpleGaussianConstraint::lumi_13TeV_2017_Pdf "lumi_13TeV_2017_Pdf"
    (0x82cdf50,V-) SimpleGaussianConstraint::lumi_13TeV_XYFact_Pdf "lumi_13TeV_XYFact_Pdf"
    (0x82ee0d0,V-) SimpleGaussianConstraint::lumi_13TeV_LSCale_Pdf "lumi_13TeV_LSCale_Pdf"
    (0x82f0500,V-) SimpleGaussianConstraint::lumi_13TeV_BBDefl_Pdf "lumi_13TeV_BBDefl_Pdf"
    (0x8307d80,V-) SimpleGaussianConstraint::lumi_13TeV_DynBeta_Pdf "lumi_13TeV_DynBeta_Pdf"
    (0x830a1d0,V-) SimpleGaussianConstraint::lumi_13TeV_CurrCalib_Pdf "lumi_13TeV_CurrCalib_Pdf"
    (0x8313470,V-) SimpleGaussianConstraint::lumi_13TeV_Ghosts_Pdf "lumi_13TeV_Ghosts_Pdf"
    (0x80e2670,V-) SimpleGaussianConstraint::CMS_btag_lf_Pdf "CMS_btag_lf_Pdf"
    (0x83057b0,V-) SimpleGaussianConstraint::CMS_btag_hf_Pdf "CMS_btag_hf_Pdf"
    (0x8335410,V-) SimpleGaussianConstraint::CMS_btag_hfstats1_2017_Pdf "CMS_btag_hfstats1_2017_Pdf"
    (0x8339290,V-) SimpleGaussianConstraint::CMS_btag_hfstats2_2017_Pdf "CMS_btag_hfstats2_2017_Pdf"
    (0x83315b0,V-) SimpleGaussianConstraint::CMS_btag_lfstats1_2017_Pdf "CMS_btag_lfstats1_2017_Pdf"
    (0x833d100,V-) SimpleGaussianConstraint::CMS_btag_lfstats2_2017_Pdf "CMS_btag_lfstats2_2017_Pdf"
    (0x8340f10,V-) SimpleGaussianConstraint::CMS_btag_cferr1_Pdf "CMS_btag_cferr1_Pdf"
    (0x8344d00,V-) SimpleGaussianConstraint::CMS_btag_cferr2_Pdf "CMS_btag_cferr2_Pdf"
    (0x834cb90,V-) SimpleGaussianConstraint::CMS_eff_hwwtrigger_2017_Pdf "CMS_eff_hwwtrigger_2017_Pdf"
    (0x83509f0,V-) SimpleGaussianConstraint::CMS_eff_prefiring_2017_Pdf "CMS_eff_prefiring_2017_Pdf"
    (0x8354800,V-) SimpleGaussianConstraint::CMS_eff_e_2017_Pdf "CMS_eff_e_2017_Pdf"
    (0x8363a60,V-) SimpleGaussianConstraint::CMS_eff_m_2017_Pdf "CMS_eff_m_2017_Pdf"
    (0x8386b90,V-) SimpleGaussianConstraint::CMS_eff_tau21_2017_Pdf "CMS_eff_tau21_2017_Pdf"
    (0x84e53f0,V-) SimpleGaussianConstraint::CMS_fatjes_2017_Pdf "CMS_fatjes_2017_Pdf"
    (0x84e7b50,V-) SimpleGaussianConstraint::CMS_fatjer_2017_Pdf "CMS_fatjer_2017_Pdf"
    (0x84ea2b0,V-) SimpleGaussianConstraint::CMS_fatjms_2017_Pdf "CMS_fatjms_2017_Pdf"
    (0x83e30a0,V-) SimpleGaussianConstraint::CMS_fatjmr_2017_Pdf "CMS_fatjmr_2017_Pdf"
    (0x83e5810,V-) SimpleGaussianConstraint::CMS_scale_muon_2017_Pdf "CMS_scale_muon_2017_Pdf"
    (0x84d5770,V-) SimpleGaussianConstraint::CMS_scale_electron_2017_Pdf "CMS_scale_electron_2017_Pdf"
    (0x839c090,V-) SimpleGaussianConstraint::CMS_scale_met_2017_Pdf "CMS_scale_met_2017_Pdf"
    (0x83c03c0,V-) SimpleGaussianConstraint::CMS_PU_2017_Pdf "CMS_PU_2017_Pdf"
    (0x8316130,V-) SimpleGaussianConstraint::UE_CP5_Pdf "UE_CP5_Pdf"
    (0x83a2a30,V-) SimpleGaussianConstraint::QCDscaleAccept_Pdf "QCDscaleAccept_Pdf"
    (0x83e02c0,V-) SimpleGaussianConstraint::pdfAccept_Pdf "pdfAccept_Pdf"
    (0x84186e0,V-) SimpleGaussianConstraint::CMS_jesFlavorQCD_Pdf "CMS_jesFlavorQCD_Pdf"
    (0x843ea30,V-) SimpleGaussianConstraint::CMS_jesRelativeBal_Pdf "CMS_jesRelativeBal_Pdf"
    (0x8457db0,V-) SimpleGaussianConstraint::CMS_jesHF_Pdf "CMS_jesHF_Pdf"
    (0x8472500,V-) SimpleGaussianConstraint::CMS_jesBBEC1_Pdf "CMS_jesBBEC1_Pdf"
    (0x84db970,V-) SimpleGaussianConstraint::CMS_jesEC2_Pdf "CMS_jesEC2_Pdf"
    (0x841dfa0,V-) SimpleGaussianConstraint::CMS_jesAbsolute_Pdf "CMS_jesAbsolute_Pdf"
    (0x8447900,V-) SimpleGaussianConstraint::CMS_jesAbsolute_2017_Pdf "CMS_jesAbsolute_2017_Pdf"
    (0x8450370,V-) SimpleGaussianConstraint::CMS_jesHF_2017_Pdf "CMS_jesHF_2017_Pdf"
    (0x8493cd0,V-) SimpleGaussianConstraint::CMS_jesEC2_2017_Pdf "CMS_jesEC2_2017_Pdf"
    (0x848e3a0,V-) SimpleGaussianConstraint::CMS_jesRelativeSample_2017_Pdf "CMS_jesRelativeSample_2017_Pdf"
    (0x8477d90,V-) SimpleGaussianConstraint::CMS_jesBBEC1_2017_Pdf "CMS_jesBBEC1_2017_Pdf"
    (0x8464a20,V-) SimpleGaussianConstraint::CMS_jer_2017_Pdf "CMS_jer_2017_Pdf"
    (0x8318c00,V-) SimpleGaussianConstraint::pdf_Higgs_gg_Pdf "pdf_Higgs_gg_Pdf"
    (0x831b1d0,V-) SimpleGaussianConstraint::QCDscale_Higgs_gg_Pdf "QCDscale_Higgs_gg_Pdf"
    (0x84c0620,V-) SimpleGaussianConstraint::pdf_Higgs_qqbar_Pdf "pdf_Higgs_qqbar_Pdf"
    (0x84c2da0,V-) SimpleGaussianConstraint::QCDscale_Higgs_qqbar_Pdf "QCDscale_Higgs_qqbar_Pdf"
    (0x8486330,V-) SimpleGaussianConstraint::QCDnorm2017_Pdf "QCDnorm2017_Pdf"
    (0x85364e0,V-) RooUniform::cutBoostedGG0_Wjets_norm2017_Pdf "cutBoostedGG0_Wjets_norm2017_Pdf"
    (0x8540810,V-) RooUniform::cutBoostedGG1_Wjets_norm2017_Pdf "cutBoostedGG1_Wjets_norm2017_Pdf"
    (0x85422e0,V-) RooUniform::cutBoostedVBF_Wjets_norm2017_Pdf "cutBoostedVBF_Wjets_norm2017_Pdf"
    (0x8543de0,V-) RooUniform::cutResolvedGG0_Wjets_norm2017_Pdf "cutResolvedGG0_Wjets_norm2017_Pdf"
    (0x85458e0,V-) RooUniform::cutResolvedGG1_Wjets_norm2017_Pdf "cutResolvedGG1_Wjets_norm2017_Pdf"
    (0x84cbb60,V-) SimpleGaussianConstraint::dynorm2017_Pdf "dynorm2017_Pdf"
    (0x85473e0,V-) SimpleGaussianConstraint::MultiVnorm2017_Pdf "MultiVnorm2017_Pdf"
  Proxies: 
    !pdfs -> 
      1)                                      lumi_13TeV_2017_Pdf
      2)                                    lumi_13TeV_XYFact_Pdf
      3)                                    lumi_13TeV_LSCale_Pdf
      4)                                    lumi_13TeV_BBDefl_Pdf
      5)                                   lumi_13TeV_DynBeta_Pdf
      6)                                 lumi_13TeV_CurrCalib_Pdf
      7)                                    lumi_13TeV_Ghosts_Pdf
      8)                                          CMS_btag_lf_Pdf
      9)                                          CMS_btag_hf_Pdf
     10)                               CMS_btag_hfstats1_2017_Pdf
     11)                               CMS_btag_hfstats2_2017_Pdf
     12)                               CMS_btag_lfstats1_2017_Pdf
     13)                               CMS_btag_lfstats2_2017_Pdf
     14)                                      CMS_btag_cferr1_Pdf
     15)                                      CMS_btag_cferr2_Pdf
     16)                              CMS_eff_hwwtrigger_2017_Pdf
     17)                               CMS_eff_prefiring_2017_Pdf
     18)                                       CMS_eff_e_2017_Pdf
     19)                                       CMS_eff_m_2017_Pdf
     20)                                   CMS_eff_tau21_2017_Pdf
     21)                                      CMS_fatjes_2017_Pdf
     22)                                      CMS_fatjer_2017_Pdf
     23)                                      CMS_fatjms_2017_Pdf
     24)                                      CMS_fatjmr_2017_Pdf
     25)                                  CMS_scale_muon_2017_Pdf
     26)                              CMS_scale_electron_2017_Pdf
     27)                                   CMS_scale_met_2017_Pdf
     28)                                          CMS_PU_2017_Pdf
     29)                                               UE_CP5_Pdf
     30)                                       QCDscaleAccept_Pdf
     31)                                            pdfAccept_Pdf
     32)                                     CMS_jesFlavorQCD_Pdf
     33)                                   CMS_jesRelativeBal_Pdf
     34)                                            CMS_jesHF_Pdf
     35)                                         CMS_jesBBEC1_Pdf
     36)                                           CMS_jesEC2_Pdf
     37)                                      CMS_jesAbsolute_Pdf
     38)                                 CMS_jesAbsolute_2017_Pdf
     39)                                       CMS_jesHF_2017_Pdf
     40)                                      CMS_jesEC2_2017_Pdf
     41)                           CMS_jesRelativeSample_2017_Pdf
     42)                                    CMS_jesBBEC1_2017_Pdf
     43)                                         CMS_jer_2017_Pdf
     44)                                         pdf_Higgs_gg_Pdf
     45)                                    QCDscale_Higgs_gg_Pdf
     46)                                      pdf_Higgs_qqbar_Pdf
     47)                                 QCDscale_Higgs_qqbar_Pdf
     48)                                          QCDnorm2017_Pdf
     49)                         cutBoostedGG0_Wjets_norm2017_Pdf
     50)                         cutBoostedGG1_Wjets_norm2017_Pdf
     51)                         cutBoostedVBF_Wjets_norm2017_Pdf
     52)                        cutResolvedGG0_Wjets_norm2017_Pdf
     53)                        cutResolvedGG1_Wjets_norm2017_Pdf
     54)                                           dynorm2017_Pdf
     55)                                       MultiVnorm2017_Pdf
     56)  pdf_bineleCH__BoostedVBF__SB__METOver40__PtOverM04_nuis
     57)   pdfbins_bineleCH__BoostedVBF__SB__METOver40__PtOverM04
--- RooAbsReal ---

  Plot label is "pdf_bineleCH__BoostedVBF__SB__METOver40__PtOverM04"
--- RooAbsPdf ---
Cached value = 0
DataStore eleCH__BoostedVBF__SB__METOver40__PtOverM04 (eleCH__BoostedVBF__SB__METOver40__PtOverM04)
  Contains 16 entries
  Observables: 
    1)  CMS_th1x = 15.5  L(0 - 16) B(16)  "CMS_th1x"
    2)    weight = 0  L(-1e+09 - 1e+09)  "weight"
  Dataset variable "_weight_" is interpreted as the event weight
 ------------ 
[utils::makePlots] Number of events for pdf in eleCH__BoostedVBF__SB__METOver40__PtOverM04_CMS_th1x, pdf pdf_bineleCH__BoostedVBF__SB__METOver40__PtOverM04 = 2014.89
Error in <TList::Clear>: A list is accessing an object (0x87ed1a4) already deleted (list name = TList)
Info in <TCanvas::Print>: png file ./eleCH__BoostedVBF__SB__METOver40__PtOverM04_CMS_th1x_prefit.png has been created
[WARNING]: Unable to determine uncertainties on all fit parameters in b-only fit. The option --saveWithUncertainties will be ignored as it would lead to incorrect results. Have a look at https://github.com/cms-analysis/HiggsAnalysis-CombinedLimit/wiki/nonstandard#fit-parameter-uncertainties for more information.
 PDF CHECKING 
--- RooAbsArg ---
  Value State: DIRTY
  Shape State: DIRTY
  Attributes:  [SnapShot_ExtRefClone,forceGenBinned] 
  Address: 0x8306da0
  Clients: 
    (0x8790270,V-) RooSimultaneousOpt::model_b "model_b"
  Servers: 
    (0x8300bb0,V-) RooRealSumPdf::pdf_bineleCH__BoostedVBF__SB__METOver40__PtOverM04_bonly_nuis ""
    (0x82c9280,V-) SimpleGaussianConstraint::lumi_13TeV_2017_Pdf "lumi_13TeV_2017_Pdf"
    (0x82cdf50,V-) SimpleGaussianConstraint::lumi_13TeV_XYFact_Pdf "lumi_13TeV_XYFact_Pdf"
    (0x82ee0d0,V-) SimpleGaussianConstraint::lumi_13TeV_LSCale_Pdf "lumi_13TeV_LSCale_Pdf"
    (0x82f0500,V-) SimpleGaussianConstraint::lumi_13TeV_BBDefl_Pdf "lumi_13TeV_BBDefl_Pdf"
    (0x8307d80,V-) SimpleGaussianConstraint::lumi_13TeV_DynBeta_Pdf "lumi_13TeV_DynBeta_Pdf"
    (0x830a1d0,V-) SimpleGaussianConstraint::lumi_13TeV_CurrCalib_Pdf "lumi_13TeV_CurrCalib_Pdf"
    (0x8313470,V-) SimpleGaussianConstraint::lumi_13TeV_Ghosts_Pdf "lumi_13TeV_Ghosts_Pdf"
    (0x80e2670,V-) SimpleGaussianConstraint::CMS_btag_lf_Pdf "CMS_btag_lf_Pdf"
    (0x83057b0,V-) SimpleGaussianConstraint::CMS_btag_hf_Pdf "CMS_btag_hf_Pdf"
    (0x8335410,V-) SimpleGaussianConstraint::CMS_btag_hfstats1_2017_Pdf "CMS_btag_hfstats1_2017_Pdf"
    (0x8339290,V-) SimpleGaussianConstraint::CMS_btag_hfstats2_2017_Pdf "CMS_btag_hfstats2_2017_Pdf"
    (0x83315b0,V-) SimpleGaussianConstraint::CMS_btag_lfstats1_2017_Pdf "CMS_btag_lfstats1_2017_Pdf"
    (0x833d100,V-) SimpleGaussianConstraint::CMS_btag_lfstats2_2017_Pdf "CMS_btag_lfstats2_2017_Pdf"
    (0x8340f10,V-) SimpleGaussianConstraint::CMS_btag_cferr1_Pdf "CMS_btag_cferr1_Pdf"
    (0x8344d00,V-) SimpleGaussianConstraint::CMS_btag_cferr2_Pdf "CMS_btag_cferr2_Pdf"
    (0x834cb90,V-) SimpleGaussianConstraint::CMS_eff_hwwtrigger_2017_Pdf "CMS_eff_hwwtrigger_2017_Pdf"
    (0x83509f0,V-) SimpleGaussianConstraint::CMS_eff_prefiring_2017_Pdf "CMS_eff_prefiring_2017_Pdf"
    (0x8354800,V-) SimpleGaussianConstraint::CMS_eff_e_2017_Pdf "CMS_eff_e_2017_Pdf"
    (0x8363a60,V-) SimpleGaussianConstraint::CMS_eff_m_2017_Pdf "CMS_eff_m_2017_Pdf"
    (0x8386b90,V-) SimpleGaussianConstraint::CMS_eff_tau21_2017_Pdf "CMS_eff_tau21_2017_Pdf"
    (0x84e53f0,V-) SimpleGaussianConstraint::CMS_fatjes_2017_Pdf "CMS_fatjes_2017_Pdf"
    (0x84e7b50,V-) SimpleGaussianConstraint::CMS_fatjer_2017_Pdf "CMS_fatjer_2017_Pdf"
    (0x84ea2b0,V-) SimpleGaussianConstraint::CMS_fatjms_2017_Pdf "CMS_fatjms_2017_Pdf"
    (0x83e30a0,V-) SimpleGaussianConstraint::CMS_fatjmr_2017_Pdf "CMS_fatjmr_2017_Pdf"
    (0x83e5810,V-) SimpleGaussianConstraint::CMS_scale_muon_2017_Pdf "CMS_scale_muon_2017_Pdf"
    (0x84d5770,V-) SimpleGaussianConstraint::CMS_scale_electron_2017_Pdf "CMS_scale_electron_2017_Pdf"
    (0x839c090,V-) SimpleGaussianConstraint::CMS_scale_met_2017_Pdf "CMS_scale_met_2017_Pdf"
    (0x83c03c0,V-) SimpleGaussianConstraint::CMS_PU_2017_Pdf "CMS_PU_2017_Pdf"
    (0x8316130,V-) SimpleGaussianConstraint::UE_CP5_Pdf "UE_CP5_Pdf"
    (0x83a2a30,V-) SimpleGaussianConstraint::QCDscaleAccept_Pdf "QCDscaleAccept_Pdf"
    (0x83e02c0,V-) SimpleGaussianConstraint::pdfAccept_Pdf "pdfAccept_Pdf"
    (0x84186e0,V-) SimpleGaussianConstraint::CMS_jesFlavorQCD_Pdf "CMS_jesFlavorQCD_Pdf"
    (0x843ea30,V-) SimpleGaussianConstraint::CMS_jesRelativeBal_Pdf "CMS_jesRelativeBal_Pdf"
    (0x8457db0,V-) SimpleGaussianConstraint::CMS_jesHF_Pdf "CMS_jesHF_Pdf"
    (0x8472500,V-) SimpleGaussianConstraint::CMS_jesBBEC1_Pdf "CMS_jesBBEC1_Pdf"
    (0x84db970,V-) SimpleGaussianConstraint::CMS_jesEC2_Pdf "CMS_jesEC2_Pdf"
    (0x841dfa0,V-) SimpleGaussianConstraint::CMS_jesAbsolute_Pdf "CMS_jesAbsolute_Pdf"
    (0x8447900,V-) SimpleGaussianConstraint::CMS_jesAbsolute_2017_Pdf "CMS_jesAbsolute_2017_Pdf"
    (0x8450370,V-) SimpleGaussianConstraint::CMS_jesHF_2017_Pdf "CMS_jesHF_2017_Pdf"
    (0x8493cd0,V-) SimpleGaussianConstraint::CMS_jesEC2_2017_Pdf "CMS_jesEC2_2017_Pdf"
    (0x848e3a0,V-) SimpleGaussianConstraint::CMS_jesRelativeSample_2017_Pdf "CMS_jesRelativeSample_2017_Pdf"
    (0x8477d90,V-) SimpleGaussianConstraint::CMS_jesBBEC1_2017_Pdf "CMS_jesBBEC1_2017_Pdf"
    (0x8464a20,V-) SimpleGaussianConstraint::CMS_jer_2017_Pdf "CMS_jer_2017_Pdf"
    (0x8318c00,V-) SimpleGaussianConstraint::pdf_Higgs_gg_Pdf "pdf_Higgs_gg_Pdf"
    (0x831b1d0,V-) SimpleGaussianConstraint::QCDscale_Higgs_gg_Pdf "QCDscale_Higgs_gg_Pdf"
    (0x84c0620,V-) SimpleGaussianConstraint::pdf_Higgs_qqbar_Pdf "pdf_Higgs_qqbar_Pdf"
    (0x84c2da0,V-) SimpleGaussianConstraint::QCDscale_Higgs_qqbar_Pdf "QCDscale_Higgs_qqbar_Pdf"
    (0x8486330,V-) SimpleGaussianConstraint::QCDnorm2017_Pdf "QCDnorm2017_Pdf"
    (0x85364e0,V-) RooUniform::cutBoostedGG0_Wjets_norm2017_Pdf "cutBoostedGG0_Wjets_norm2017_Pdf"
    (0x8540810,V-) RooUniform::cutBoostedGG1_Wjets_norm2017_Pdf "cutBoostedGG1_Wjets_norm2017_Pdf"
    (0x85422e0,V-) RooUniform::cutBoostedVBF_Wjets_norm2017_Pdf "cutBoostedVBF_Wjets_norm2017_Pdf"
    (0x8543de0,V-) RooUniform::cutResolvedGG0_Wjets_norm2017_Pdf "cutResolvedGG0_Wjets_norm2017_Pdf"
    (0x85458e0,V-) RooUniform::cutResolvedGG1_Wjets_norm2017_Pdf "cutResolvedGG1_Wjets_norm2017_Pdf"
    (0x84cbb60,V-) SimpleGaussianConstraint::dynorm2017_Pdf "dynorm2017_Pdf"
    (0x85473e0,V-) SimpleGaussianConstraint::MultiVnorm2017_Pdf "MultiVnorm2017_Pdf"
    (0x8549ac0,V-) RooProdPdf::pdfbins_bineleCH__BoostedVBF__SB__METOver40__PtOverM04 ""
  Proxies: 
    !pdfs -> 
      1)                                            lumi_13TeV_2017_Pdf
      2)                                          lumi_13TeV_XYFact_Pdf
      3)                                          lumi_13TeV_LSCale_Pdf
      4)                                          lumi_13TeV_BBDefl_Pdf
      5)                                         lumi_13TeV_DynBeta_Pdf
      6)                                       lumi_13TeV_CurrCalib_Pdf
      7)                                          lumi_13TeV_Ghosts_Pdf
      8)                                                CMS_btag_lf_Pdf
      9)                                                CMS_btag_hf_Pdf
     10)                                     CMS_btag_hfstats1_2017_Pdf
     11)                                     CMS_btag_hfstats2_2017_Pdf
     12)                                     CMS_btag_lfstats1_2017_Pdf
     13)                                     CMS_btag_lfstats2_2017_Pdf
     14)                                            CMS_btag_cferr1_Pdf
     15)                                            CMS_btag_cferr2_Pdf
     16)                                    CMS_eff_hwwtrigger_2017_Pdf
     17)                                     CMS_eff_prefiring_2017_Pdf
     18)                                             CMS_eff_e_2017_Pdf
     19)                                             CMS_eff_m_2017_Pdf
     20)                                         CMS_eff_tau21_2017_Pdf
     21)                                            CMS_fatjes_2017_Pdf
     22)                                            CMS_fatjer_2017_Pdf
     23)                                            CMS_fatjms_2017_Pdf
     24)                                            CMS_fatjmr_2017_Pdf
     25)                                        CMS_scale_muon_2017_Pdf
     26)                                    CMS_scale_electron_2017_Pdf
     27)                                         CMS_scale_met_2017_Pdf
     28)                                                CMS_PU_2017_Pdf
     29)                                                     UE_CP5_Pdf
     30)                                             QCDscaleAccept_Pdf
     31)                                                  pdfAccept_Pdf
     32)                                           CMS_jesFlavorQCD_Pdf
     33)                                         CMS_jesRelativeBal_Pdf
     34)                                                  CMS_jesHF_Pdf
     35)                                               CMS_jesBBEC1_Pdf
     36)                                                 CMS_jesEC2_Pdf
     37)                                            CMS_jesAbsolute_Pdf
     38)                                       CMS_jesAbsolute_2017_Pdf
     39)                                             CMS_jesHF_2017_Pdf
     40)                                            CMS_jesEC2_2017_Pdf
     41)                                 CMS_jesRelativeSample_2017_Pdf
     42)                                          CMS_jesBBEC1_2017_Pdf
     43)                                               CMS_jer_2017_Pdf
     44)                                               pdf_Higgs_gg_Pdf
     45)                                          QCDscale_Higgs_gg_Pdf
     46)                                            pdf_Higgs_qqbar_Pdf
     47)                                       QCDscale_Higgs_qqbar_Pdf
     48)                                                QCDnorm2017_Pdf
     49)                               cutBoostedGG0_Wjets_norm2017_Pdf
     50)                               cutBoostedGG1_Wjets_norm2017_Pdf
     51)                               cutBoostedVBF_Wjets_norm2017_Pdf
     52)                              cutResolvedGG0_Wjets_norm2017_Pdf
     53)                              cutResolvedGG1_Wjets_norm2017_Pdf
     54)                                                 dynorm2017_Pdf
     55)                                             MultiVnorm2017_Pdf
     56)  pdf_bineleCH__BoostedVBF__SB__METOver40__PtOverM04_bonly_nuis
     57)         pdfbins_bineleCH__BoostedVBF__SB__METOver40__PtOverM04
--- RooAbsReal ---

  Plot label is "pdf_bineleCH__BoostedVBF__SB__METOver40__PtOverM04_bonly"
--- RooAbsPdf ---
Cached value = 0
DataStore eleCH__BoostedVBF__SB__METOver40__PtOverM04 (eleCH__BoostedVBF__SB__METOver40__PtOverM04)
  Contains 16 entries
  Observables: 
    1)  CMS_th1x = 15.5  L(0 - 16) B(16)  "CMS_th1x"
    2)    weight = 0  L(-1e+09 - 1e+09)  "weight"
  Dataset variable "_weight_" is interpreted as the event weight
 ------------ 
[utils::makePlots] Number of events for pdf in eleCH__BoostedVBF__SB__METOver40__PtOverM04_CMS_th1x, pdf pdf_bineleCH__BoostedVBF__SB__METOver40__PtOverM04_bonly = 1485.22
Error in <TList::Clear>: A list is accessing an object (0x87ed6f4) already deleted (list name = TList)
Info in <TCanvas::Print>: png file ./eleCH__BoostedVBF__SB__METOver40__PtOverM04_CMS_th1x_fit_b.png has been created
Info in <TCanvas::Print>: png file ./covariance_fit_b.png has been created

 --- FitDiagnostics ---
Fit failed.
Done in 1.16 min (cpu), 1.16 min (real)
